 0.364656E-01 0.328491E-01 0.355348E-01 0.000000E+00
 0.112544E+00 0.460229E-01 0.274905E-01 0.000000E+00
 0.287080E-01 0.201965E-01 0.346534E-01 0.000000E+00
 0.864080E-01 0.354637E-01 0.190228E-01 0.000000E+00
 0.531711E-01 0.308846E-01 0.244788E-01 0.000000E+00
 0.518665E-01 0.241076E-01 0.224369E-01 0.000000E+00
 0.507184E-01 0.217342E-01 0.148500E-01 0.000000E+00
 0.193240E-01 0.991407E-02 0.178618E-01 0.000000E+00
 0.420442E-01 0.229047E-01 0.602233E-02 0.000000E+00
 0.170426E-01 0.661993E-02 0.110897E-01 0.000000E+00
 0.224278E-01 0.814100E-02 0.518988E-02 0.000000E+00
 0.139043E-01 0.696181E-02 0.670188E-02 0.000000E+00
 0.136353E-01 0.600527E-02 0.304175E-02 0.000000E+00
 0.837027E-02 0.303927E-02 0.365462E-02 0.000000E+00
 0.804957E-02 0.295887E-02 0.222419E-02 0.000000E+00
 0.550913E-02 0.183753E-02 0.235536E-02 0.000000E+00
 0.498076E-02 0.177688E-02 0.146694E-02 0.000000E+00
 0.382896E-02 0.112198E-02 0.134126E-02 0.000000E+00
 0.317354E-02 0.100420E-02 0.109978E-02 0.000000E+00
 0.263624E-02 0.774428E-03 0.810896E-03 0.000000E+00
 0.216216E-02 0.585875E-03 0.749310E-03 0.000000E+00
 0.189188E-02 0.506750E-03 0.533073E-03 0.000000E+00
 0.147984E-02 0.336548E-03 0.443053E-03 0.000000E+00
 0.125639E-02 0.292960E-03 0.384073E-03 0.000000E+00
 0.112671E-02 0.248332E-03 0.272518E-03 0.000000E+00
 0.923911E-03 0.177033E-03 0.231790E-03 0.000000E+00
 0.790717E-03 0.153117E-03 0.209898E-03 0.000000E+00
 0.728879E-03 0.133909E-03 0.152848E-03 0.000000E+00
 0.664011E-03 0.946818E-04 0.116426E-03 0.000000E+00
 0.573388E-03 0.666061E-04 0.104102E-03 0.000000E+00
 0.517725E-03 0.591545E-04 0.776285E-04 0.000000E+00
 0.500662E-03 0.472819E-04 0.554261E-04 0.000000E+00
 0.459459E-03 0.366309E-04 0.465412E-04 0.000000E+00
