 0.108545E-01 0.319296E-02 0.484256E-02 0.513356E-01
 0.116611E-01 0.386807E-02 0.501229E-02 0.557863E-01
 0.120286E-01 0.452975E-02 0.450907E-02 0.590963E-01
 0.129984E-01 0.502557E-02 0.406490E-02 0.647034E-01
 0.128353E-01 0.537506E-02 0.419929E-02 0.647338E-01
 0.136692E-01 0.571513E-02 0.412198E-02 0.678474E-01
 0.144399E-01 0.615465E-02 0.394798E-02 0.708045E-01
 0.144004E-01 0.641826E-02 0.405026E-02 0.714306E-01
 0.156031E-01 0.655193E-02 0.405277E-02 0.760355E-01
 0.164932E-01 0.656008E-02 0.404933E-02 0.798682E-01
 0.170842E-01 0.643051E-02 0.441015E-02 0.832933E-01
 0.175474E-01 0.632279E-02 0.479172E-02 0.853127E-01
 0.179377E-01 0.632815E-02 0.517838E-02 0.881626E-01
 0.185027E-01 0.631665E-02 0.553492E-02 0.910208E-01
 0.197165E-01 0.633559E-02 0.550627E-02 0.961879E-01
 0.208695E-01 0.633506E-02 0.537385E-02 0.101944E+00
 0.212926E-01 0.632880E-02 0.548447E-02 0.103826E+00
 0.213422E-01 0.643585E-02 0.562183E-02 0.104764E+00
 0.212172E-01 0.650616E-02 0.561204E-02 0.104184E+00
 0.206987E-01 0.663138E-02 0.559812E-02 0.102179E+00
 0.207711E-01 0.690049E-02 0.545789E-02 0.102734E+00
 0.204163E-01 0.694479E-02 0.528468E-02 0.101199E+00
 0.199961E-01 0.685876E-02 0.508929E-02 0.990516E-01
 0.207234E-01 0.668917E-02 0.475094E-02 0.100708E+00
 0.209019E-01 0.640728E-02 0.473158E-02 0.101090E+00
 0.199912E-01 0.649172E-02 0.483767E-02 0.970119E-01
 0.191885E-01 0.640885E-02 0.467393E-02 0.932650E-01
 0.176839E-01 0.609221E-02 0.456169E-02 0.856225E-01
 0.177841E-01 0.570584E-02 0.461895E-02 0.844768E-01
 0.191215E-01 0.547232E-02 0.451505E-02 0.906529E-01
 0.193888E-01 0.559606E-02 0.448737E-02 0.919346E-01
 0.182264E-01 0.551474E-02 0.461543E-02 0.867549E-01
 0.173939E-01 0.542062E-02 0.450025E-02 0.830838E-01
 0.185859E-01 0.519265E-02 0.427569E-02 0.890422E-01
 0.186664E-01 0.524558E-02 0.425089E-02 0.888027E-01
 0.174311E-01 0.512310E-02 0.428772E-02 0.828843E-01
 0.173320E-01 0.492100E-02 0.429394E-02 0.827262E-01
 0.171862E-01 0.481765E-02 0.427826E-02 0.822036E-01
 0.158018E-01 0.475603E-02 0.435650E-02 0.757173E-01
 0.152831E-01 0.452468E-02 0.420162E-02 0.722464E-01
 0.164635E-01 0.424575E-02 0.382236E-02 0.772797E-01
 0.165714E-01 0.433280E-02 0.366369E-02 0.776008E-01
 0.149236E-01 0.428725E-02 0.373147E-02 0.699824E-01
 0.139608E-01 0.401301E-02 0.376523E-02 0.659119E-01
 0.138238E-01 0.388617E-02 0.375481E-02 0.652706E-01
 0.137475E-01 0.387911E-02 0.362870E-02 0.647392E-01
 0.138427E-01 0.374819E-02 0.333299E-02 0.651833E-01
 0.135620E-01 0.366512E-02 0.327258E-02 0.640503E-01
 0.124078E-01 0.354946E-02 0.346885E-02 0.586954E-01
 0.124797E-01 0.330394E-02 0.330712E-02 0.589737E-01
 0.132186E-01 0.327912E-02 0.306191E-02 0.619444E-01
 0.126802E-01 0.319733E-02 0.303204E-02 0.594585E-01
 0.121621E-01 0.308974E-02 0.308987E-02 0.571034E-01
 0.121580E-01 0.299460E-02 0.302268E-02 0.571255E-01
 0.122637E-01 0.293713E-02 0.293692E-02 0.576159E-01
 0.119305E-01 0.290809E-02 0.291370E-02 0.562038E-01
 0.112526E-01 0.285584E-02 0.294334E-02 0.529485E-01
 0.112312E-01 0.276970E-02 0.276202E-02 0.528884E-01
 0.114400E-01 0.283353E-02 0.267507E-02 0.537666E-01
 0.106893E-01 0.281354E-02 0.271532E-02 0.501298E-01
 0.101093E-01 0.273185E-02 0.268932E-02 0.476249E-01
 0.101648E-01 0.271331E-02 0.259056E-02 0.476381E-01
 0.101065E-01 0.267193E-02 0.251406E-02 0.471155E-01
 0.997523E-02 0.258234E-02 0.246187E-02 0.467250E-01
 0.995090E-02 0.253107E-02 0.230770E-02 0.468310E-01
 0.993096E-02 0.251850E-02 0.208278E-02 0.468904E-01
 0.961903E-02 0.246812E-02 0.208852E-02 0.454770E-01
 0.940680E-02 0.231986E-02 0.213093E-02 0.445806E-01
 0.962389E-02 0.226987E-02 0.205374E-02 0.453815E-01
 0.936261E-02 0.223337E-02 0.196187E-02 0.440068E-01
 0.872799E-02 0.218205E-02 0.207779E-02 0.410316E-01
 0.853165E-02 0.209813E-02 0.215547E-02 0.400194E-01
 0.839939E-02 0.208315E-02 0.214737E-02 0.393796E-01
 0.804465E-02 0.209322E-02 0.210045E-02 0.373440E-01
 0.792241E-02 0.195459E-02 0.212264E-02 0.365805E-01
 0.775417E-02 0.193954E-02 0.213522E-02 0.355483E-01
 0.730190E-02 0.190278E-02 0.203573E-02 0.333152E-01
 0.776403E-02 0.185294E-02 0.191456E-02 0.357250E-01
 0.775835E-02 0.189507E-02 0.185823E-02 0.355966E-01
 0.742427E-02 0.180748E-02 0.177410E-02 0.339845E-01
 0.773581E-02 0.177757E-02 0.164586E-02 0.355183E-01
 0.770394E-02 0.179922E-02 0.157170E-02 0.354582E-01
 0.750919E-02 0.180492E-02 0.150528E-02 0.345615E-01
 0.744886E-02 0.177881E-02 0.135784E-02 0.342794E-01
 0.751153E-02 0.170687E-02 0.131395E-02 0.343681E-01
 0.713585E-02 0.171502E-02 0.141338E-02 0.326458E-01
 0.666232E-02 0.167509E-02 0.144120E-02 0.304570E-01
 0.664858E-02 0.160344E-02 0.139432E-02 0.303380E-01
 0.624182E-02 0.157817E-02 0.145521E-02 0.282392E-01
 0.592280E-02 0.147652E-02 0.151076E-02 0.265731E-01
 0.591922E-02 0.142670E-02 0.145626E-02 0.264570E-01
 0.564612E-02 0.136706E-02 0.147045E-02 0.250405E-01
 0.550603E-02 0.126944E-02 0.145472E-02 0.244855E-01
 0.553845E-02 0.122283E-02 0.137454E-02 0.246231E-01
 0.554147E-02 0.115711E-02 0.127992E-02 0.246586E-01
 0.543439E-02 0.113590E-02 0.126533E-02 0.242909E-01
 0.532964E-02 0.110291E-02 0.120715E-02 0.237583E-01
 0.546562E-02 0.105749E-02 0.110750E-02 0.244597E-01
 0.539947E-02 0.108220E-02 0.108859E-02 0.242383E-01
 0.514021E-02 0.107881E-02 0.107324E-02 0.232511E-01
 0.518748E-02 0.107890E-02 0.100260E-02 0.235025E-01
 0.510770E-02 0.109119E-02 0.101300E-02 0.232130E-01
 0.497725E-02 0.107772E-02 0.102977E-02 0.227042E-01
 0.503502E-02 0.106143E-02 0.997602E-03 0.229077E-01
 0.491541E-02 0.104052E-02 0.102938E-02 0.222882E-01
 0.465555E-02 0.982782E-03 0.107452E-02 0.211443E-01
 0.460890E-02 0.936426E-03 0.106780E-02 0.208027E-01
 0.445104E-02 0.900314E-03 0.106490E-02 0.198991E-01
 0.430622E-02 0.863881E-03 0.111973E-02 0.190254E-01
 0.433056E-02 0.823142E-03 0.108425E-02 0.189301E-01
 0.433978E-02 0.792350E-03 0.104015E-02 0.188237E-01
 0.425929E-02 0.776192E-03 0.105607E-02 0.184137E-01
 0.427832E-02 0.771541E-03 0.101485E-02 0.184508E-01
 0.432474E-02 0.754380E-03 0.978640E-03 0.186898E-01
 0.420478E-02 0.767792E-03 0.976512E-03 0.182548E-01
 0.416429E-02 0.772341E-03 0.954156E-03 0.181254E-01
 0.421263E-02 0.765902E-03 0.910059E-03 0.183819E-01
 0.420675E-02 0.779339E-03 0.893566E-03 0.182881E-01
 0.426199E-02 0.768487E-03 0.865395E-03 0.185158E-01
 0.438600E-02 0.743276E-03 0.824509E-03 0.192118E-01
 0.435409E-02 0.734275E-03 0.819573E-03 0.191221E-01
 0.434449E-02 0.707170E-03 0.806637E-03 0.190555E-01
 0.435663E-02 0.664293E-03 0.786296E-03 0.191806E-01
 0.417199E-02 0.634720E-03 0.809745E-03 0.183895E-01
 0.401672E-02 0.592348E-03 0.826314E-03 0.176413E-01
 0.392821E-02 0.561309E-03 0.829458E-03 0.172391E-01
 0.379917E-02 0.549484E-03 0.847114E-03 0.166307E-01
 0.367531E-02 0.535922E-03 0.854468E-03 0.159325E-01
 0.367555E-02 0.542723E-03 0.847768E-03 0.157911E-01
 0.359495E-02 0.573323E-03 0.856880E-03 0.153821E-01
 0.354689E-02 0.592062E-03 0.863144E-03 0.151487E-01
 0.356465E-02 0.608482E-03 0.867907E-03 0.151716E-01
 0.355037E-02 0.627496E-03 0.877300E-03 0.150643E-01
 0.356261E-02 0.629904E-03 0.872474E-03 0.150863E-01
 0.361188E-02 0.626067E-03 0.851772E-03 0.153587E-01
 0.364765E-02 0.624994E-03 0.828434E-03 0.155917E-01
 0.373142E-02 0.609789E-03 0.799189E-03 0.159651E-01
 0.381526E-02 0.602930E-03 0.770392E-03 0.164110E-01
 0.382440E-02 0.593445E-03 0.746994E-03 0.165535E-01
 0.381879E-02 0.572246E-03 0.732256E-03 0.165425E-01
 0.384765E-02 0.544611E-03 0.727789E-03 0.166192E-01
 0.376745E-02 0.523691E-03 0.732341E-03 0.162479E-01
 0.368850E-02 0.502582E-03 0.736281E-03 0.159290E-01
 0.361319E-02 0.489375E-03 0.736284E-03 0.154764E-01
 0.351465E-02 0.475132E-03 0.731933E-03 0.150736E-01
 0.345398E-02 0.464107E-03 0.721836E-03 0.148389E-01
 0.340765E-02 0.462522E-03 0.716864E-03 0.145865E-01
 0.335621E-02 0.462444E-03 0.716334E-03 0.142925E-01
 0.330464E-02 0.464118E-03 0.714630E-03 0.140329E-01
 0.327118E-02 0.473485E-03 0.726180E-03 0.137932E-01
 0.321262E-02 0.494646E-03 0.746066E-03 0.134944E-01
 0.317245E-02 0.515665E-03 0.761859E-03 0.133694E-01
 0.314012E-02 0.537627E-03 0.766615E-03 0.132698E-01
 0.311545E-02 0.560273E-03 0.763046E-03 0.131360E-01
 0.309906E-02 0.578910E-03 0.747055E-03 0.130918E-01
 0.311734E-02 0.586344E-03 0.730685E-03 0.132118E-01
 0.314340E-02 0.585134E-03 0.710353E-03 0.132811E-01
 0.315915E-02 0.580756E-03 0.694725E-03 0.134102E-01
 0.313746E-02 0.569040E-03 0.685427E-03 0.133922E-01
 0.313911E-02 0.548881E-03 0.676341E-03 0.134381E-01
 0.312958E-02 0.530085E-03 0.667306E-03 0.133123E-01
 0.307114E-02 0.513278E-03 0.659765E-03 0.131348E-01
 0.305533E-02 0.502761E-03 0.646662E-03 0.130511E-01
 0.305579E-02 0.496587E-03 0.626539E-03 0.130047E-01
 0.304492E-02 0.491098E-03 0.604141E-03 0.130817E-01
 0.306703E-02 0.485490E-03 0.583291E-03 0.131369E-01
 0.306474E-02 0.480806E-03 0.573162E-03 0.131540E-01
 0.303584E-02 0.475618E-03 0.573804E-03 0.130445E-01
 0.299089E-02 0.465555E-03 0.587094E-03 0.128365E-01
 0.292923E-02 0.461041E-03 0.610321E-03 0.125172E-01
 0.285760E-02 0.462159E-03 0.642654E-03 0.121071E-01
 0.279678E-02 0.458629E-03 0.668711E-03 0.117794E-01
 0.274472E-02 0.455172E-03 0.689487E-03 0.115378E-01
 0.271830E-02 0.455328E-03 0.699603E-03 0.114125E-01
 0.271745E-02 0.452245E-03 0.703932E-03 0.114544E-01
 0.274953E-02 0.451349E-03 0.700545E-03 0.116402E-01
 0.279182E-02 0.452006E-03 0.692071E-03 0.118841E-01
 0.283019E-02 0.448458E-03 0.679815E-03 0.120195E-01
 0.287102E-02 0.441787E-03 0.663005E-03 0.122745E-01
 0.292388E-02 0.435411E-03 0.643371E-03 0.125015E-01
 0.295297E-02 0.430293E-03 0.622128E-03 0.127093E-01
 0.299713E-02 0.430598E-03 0.599448E-03 0.129637E-01
 0.301601E-02 0.425011E-03 0.572741E-03 0.130749E-01
 0.302993E-02 0.419850E-03 0.543669E-03 0.132478E-01
 0.302173E-02 0.415187E-03 0.519146E-03 0.132791E-01
 0.299435E-02 0.407413E-03 0.509668E-03 0.132245E-01
 0.295171E-02 0.394611E-03 0.515483E-03 0.130216E-01
 0.286415E-02 0.383642E-03 0.536164E-03 0.125549E-01
 0.275351E-02 0.376098E-03 0.565456E-03 0.119930E-01
 0.265732E-02 0.369445E-03 0.598976E-03 0.114637E-01
 0.256262E-02 0.364751E-03 0.626301E-03 0.109432E-01
 0.248230E-02 0.359033E-03 0.653649E-03 0.105596E-01
 0.241067E-02 0.353482E-03 0.670697E-03 0.101829E-01
 0.237787E-02 0.350199E-03 0.679212E-03 0.998890E-02
 0.239093E-02 0.347300E-03 0.677841E-03 0.100290E-01
 0.240276E-02 0.342772E-03 0.668126E-03 0.101605E-01
 0.245527E-02 0.341813E-03 0.653943E-03 0.104681E-01
 0.255373E-02 0.337911E-03 0.630758E-03 0.109442E-01
 0.263285E-02 0.335062E-03 0.605735E-03 0.113715E-01
 0.270146E-02 0.335459E-03 0.582023E-03 0.117611E-01
 0.276915E-02 0.337019E-03 0.556351E-03 0.120726E-01
 0.279593E-02 0.340823E-03 0.530919E-03 0.122105E-01
 0.280666E-02 0.342210E-03 0.508966E-03 0.122815E-01
 0.280435E-02 0.342985E-03 0.491707E-03 0.122633E-01
 0.277168E-02 0.345144E-03 0.479029E-03 0.121451E-01
 0.272399E-02 0.345967E-03 0.475989E-03 0.118968E-01
 0.265034E-02 0.347449E-03 0.486196E-03 0.114984E-01
 0.256023E-02 0.350700E-03 0.507512E-03 0.110099E-01
 0.247874E-02 0.354231E-03 0.530213E-03 0.105184E-01
 0.240235E-02 0.359120E-03 0.554297E-03 0.100828E-01
 0.232605E-02 0.364215E-03 0.576098E-03 0.971052E-02
 0.226179E-02 0.369638E-03 0.597398E-03 0.942600E-02
 0.221823E-02 0.371986E-03 0.608882E-03 0.924841E-02
 0.219055E-02 0.375402E-03 0.615462E-03 0.917342E-02
 0.218911E-02 0.379308E-03 0.615560E-03 0.917102E-02
 0.218411E-02 0.382669E-03 0.607562E-03 0.924736E-02
 0.221725E-02 0.382968E-03 0.594540E-03 0.944980E-02
 0.226220E-02 0.378614E-03 0.576161E-03 0.963842E-02
 0.228365E-02 0.370973E-03 0.555226E-03 0.982046E-02
 0.232477E-02 0.362797E-03 0.533271E-03 0.100709E-01
 0.236979E-02 0.354547E-03 0.510235E-03 0.102563E-01
 0.239616E-02 0.342241E-03 0.487882E-03 0.104813E-01
 0.241994E-02 0.330932E-03 0.467127E-03 0.105972E-01
 0.245240E-02 0.321110E-03 0.449053E-03 0.107137E-01
 0.245325E-02 0.310137E-03 0.435310E-03 0.107182E-01
 0.244028E-02 0.301213E-03 0.429968E-03 0.106512E-01
 0.240016E-02 0.295825E-03 0.435573E-03 0.104056E-01
 0.235833E-02 0.291340E-03 0.449195E-03 0.101525E-01
 0.230771E-02 0.289700E-03 0.469191E-03 0.986047E-02
 0.226116E-02 0.288301E-03 0.490887E-03 0.958650E-02
 0.220709E-02 0.287388E-03 0.516618E-03 0.929965E-02
 0.216030E-02 0.287628E-03 0.536292E-03 0.909283E-02
 0.213265E-02 0.287325E-03 0.553424E-03 0.894809E-02
 0.210557E-02 0.285561E-03 0.565330E-03 0.882692E-02
 0.209535E-02 0.286971E-03 0.569778E-03 0.884049E-02
 0.210850E-02 0.288768E-03 0.568017E-03 0.891507E-02
 0.212638E-02 0.290346E-03 0.558580E-03 0.904395E-02
 0.215297E-02 0.297251E-03 0.544564E-03 0.923908E-02
 0.220308E-02 0.302788E-03 0.524913E-03 0.950784E-02
 0.226680E-02 0.304111E-03 0.501450E-03 0.980960E-02
 0.230751E-02 0.304931E-03 0.479434E-03 0.100736E-01
 0.233957E-02 0.308204E-03 0.457351E-03 0.102505E-01
 0.236547E-02 0.312484E-03 0.437020E-03 0.103763E-01
 0.236067E-02 0.317962E-03 0.423413E-03 0.103917E-01
 0.233957E-02 0.321177E-03 0.420265E-03 0.103034E-01
 0.229029E-02 0.323994E-03 0.423615E-03 0.100545E-01
 0.224405E-02 0.325550E-03 0.430014E-03 0.981360E-02
 0.219024E-02 0.326102E-03 0.441939E-03 0.951453E-02
 0.213229E-02 0.327946E-03 0.456412E-03 0.916349E-02
 0.207618E-02 0.329121E-03 0.472555E-03 0.884038E-02
 0.203256E-02 0.327498E-03 0.487702E-03 0.858318E-02
 0.198857E-02 0.323683E-03 0.503545E-03 0.837216E-02
 0.195010E-02 0.321182E-03 0.517107E-03 0.819877E-02
 0.193292E-02 0.320477E-03 0.526006E-03 0.815041E-02
 0.193218E-02 0.320907E-03 0.528055E-03 0.816178E-02
 0.192842E-02 0.324736E-03 0.528718E-03 0.819700E-02
 0.195024E-02 0.329365E-03 0.520741E-03 0.835512E-02
 0.198538E-02 0.333149E-03 0.506400E-03 0.856059E-02
 0.203111E-02 0.336934E-03 0.488717E-03 0.880129E-02
 0.206308E-02 0.337248E-03 0.467170E-03 0.901461E-02
 0.209858E-02 0.336264E-03 0.442194E-03 0.925795E-02
 0.212202E-02 0.333221E-03 0.417590E-03 0.939569E-02
 0.213982E-02 0.327832E-03 0.400583E-03 0.950855E-02
 0.214691E-02 0.322333E-03 0.391485E-03 0.956839E-02
 0.212708E-02 0.318405E-03 0.387545E-03 0.948244E-02
 0.209599E-02 0.314692E-03 0.389437E-03 0.931084E-02
 0.205710E-02 0.311084E-03 0.398080E-03 0.906890E-02
 0.200457E-02 0.308750E-03 0.411645E-03 0.877567E-02
 0.194995E-02 0.305416E-03 0.427513E-03 0.846856E-02
 0.189552E-02 0.301943E-03 0.444224E-03 0.813399E-02
 0.184323E-02 0.297675E-03 0.459083E-03 0.782260E-02
 0.179146E-02 0.294453E-03 0.474829E-03 0.757399E-02
 0.175204E-02 0.292325E-03 0.486737E-03 0.736384E-02
 0.173126E-02 0.288259E-03 0.494135E-03 0.728127E-02
 0.172589E-02 0.283716E-03 0.499200E-03 0.725724E-02
 0.173738E-02 0.279698E-03 0.495834E-03 0.735491E-02
 0.177717E-02 0.279232E-03 0.488021E-03 0.757131E-02
 0.183415E-02 0.284946E-03 0.475500E-03 0.786022E-02
 0.189195E-02 0.288521E-03 0.458359E-03 0.816683E-02
 0.194789E-02 0.289886E-03 0.437811E-03 0.852555E-02
 0.200229E-02 0.287857E-03 0.413225E-03 0.881989E-02
 0.203777E-02 0.283108E-03 0.389438E-03 0.901434E-02
 0.204809E-02 0.277308E-03 0.374438E-03 0.913206E-02
 0.205895E-02 0.272435E-03 0.367451E-03 0.920060E-02
 0.204820E-02 0.267276E-03 0.366732E-03 0.917126E-02
 0.201167E-02 0.261420E-03 0.372534E-03 0.900546E-02
 0.197046E-02 0.255537E-03 0.384074E-03 0.879876E-02
 0.191163E-02 0.251141E-03 0.397206E-03 0.849652E-02
 0.185619E-02 0.246443E-03 0.412431E-03 0.816564E-02
 0.179614E-02 0.243782E-03 0.427356E-03 0.777018E-02
 0.174948E-02 0.240554E-03 0.444371E-03 0.743952E-02
 0.171166E-02 0.239772E-03 0.457418E-03 0.718748E-02
 0.169334E-02 0.241247E-03 0.466553E-03 0.706677E-02
 0.168064E-02 0.242241E-03 0.472984E-03 0.702434E-02
 0.168253E-02 0.242995E-03 0.473982E-03 0.706807E-02
 0.169745E-02 0.243000E-03 0.468945E-03 0.716784E-02
 0.172081E-02 0.241340E-03 0.460655E-03 0.730332E-02
 0.175832E-02 0.240313E-03 0.448643E-03 0.750547E-02
 0.179743E-02 0.239976E-03 0.431114E-03 0.778081E-02
 0.184018E-02 0.239432E-03 0.410572E-03 0.802295E-02
 0.186854E-02 0.237116E-03 0.390054E-03 0.819786E-02
 0.188183E-02 0.233912E-03 0.373402E-03 0.829391E-02
 0.188934E-02 0.231817E-03 0.360550E-03 0.837456E-02
 0.188123E-02 0.229766E-03 0.352015E-03 0.836224E-02
 0.185878E-02 0.228521E-03 0.349755E-03 0.825851E-02
 0.182188E-02 0.228008E-03 0.353017E-03 0.808694E-02
 0.178033E-02 0.229364E-03 0.360007E-03 0.786559E-02
 0.173579E-02 0.232437E-03 0.370414E-03 0.762262E-02
 0.168519E-02 0.236376E-03 0.384482E-03 0.732712E-02
 0.163597E-02 0.240089E-03 0.399102E-03 0.703572E-02
 0.159414E-02 0.244008E-03 0.413649E-03 0.676655E-02
 0.155724E-02 0.249546E-03 0.425222E-03 0.655547E-02
 0.152519E-02 0.254635E-03 0.436575E-03 0.640485E-02
 0.150555E-02 0.258657E-03 0.442524E-03 0.633665E-02
 0.150304E-02 0.262101E-03 0.443942E-03 0.634491E-02
 0.151953E-02 0.265308E-03 0.440621E-03 0.643200E-02
 0.155573E-02 0.270667E-03 0.434225E-03 0.660334E-02
 0.160566E-02 0.275058E-03 0.421427E-03 0.688623E-02
 0.166558E-02 0.276354E-03 0.404859E-03 0.721856E-02
 0.172125E-02 0.274631E-03 0.386219E-03 0.751382E-02
 0.176624E-02 0.270230E-03 0.366273E-03 0.775241E-02
 0.179836E-02 0.264485E-03 0.347550E-03 0.793549E-02
 0.181495E-02 0.259106E-03 0.332002E-03 0.805848E-02
 0.181097E-02 0.254626E-03 0.322429E-03 0.808820E-02
 0.178986E-02 0.253038E-03 0.321185E-03 0.801534E-02
 0.175268E-02 0.252464E-03 0.326389E-03 0.786340E-02
 0.169390E-02 0.252303E-03 0.336120E-03 0.759880E-02
 0.163562E-02 0.252284E-03 0.349599E-03 0.730502E-02
 0.156940E-02 0.250749E-03 0.364741E-03 0.693027E-02
 0.150833E-02 0.247497E-03 0.381914E-03 0.654808E-02
 0.145477E-02 0.242493E-03 0.395523E-03 0.620617E-02
 0.142101E-02 0.238585E-03 0.408864E-03 0.599806E-02
 0.140477E-02 0.235252E-03 0.417731E-03 0.590755E-02
 0.140198E-02 0.232345E-03 0.421558E-03 0.590747E-02
 0.141184E-02 0.228633E-03 0.420907E-03 0.597002E-02
 0.142801E-02 0.224820E-03 0.416156E-03 0.607000E-02
 0.146259E-02 0.223669E-03 0.407249E-03 0.626717E-02
 0.151178E-02 0.228466E-03 0.393409E-03 0.654256E-02
 0.156604E-02 0.232422E-03 0.377660E-03 0.684187E-02
 0.161916E-02 0.232821E-03 0.360879E-03 0.711066E-02
 0.166094E-02 0.230769E-03 0.341359E-03 0.735116E-02
 0.169118E-02 0.227322E-03 0.323504E-03 0.751296E-02
 0.170233E-02 0.223259E-03 0.311289E-03 0.759256E-02
 0.169631E-02 0.218578E-03 0.305589E-03 0.759374E-02
 0.167784E-02 0.213815E-03 0.305143E-03 0.752378E-02
 0.163851E-02 0.210053E-03 0.309185E-03 0.734591E-02
 0.158687E-02 0.207111E-03 0.317545E-03 0.710557E-02
 0.153644E-02 0.206043E-03 0.329722E-03 0.685021E-02
 0.147419E-02 0.207634E-03 0.343303E-03 0.653326E-02
 0.141756E-02 0.210270E-03 0.357361E-03 0.619863E-02
 0.137044E-02 0.213416E-03 0.370642E-03 0.590448E-02
 0.134044E-02 0.217511E-03 0.382584E-03 0.572138E-02
 0.132171E-02 0.220999E-03 0.390775E-03 0.561661E-02
 0.131070E-02 0.222682E-03 0.394108E-03 0.555841E-02
 0.131002E-02 0.220722E-03 0.394770E-03 0.556075E-02
 0.132590E-02 0.215699E-03 0.391485E-03 0.566471E-02
 0.136568E-02 0.209556E-03 0.381677E-03 0.585689E-02
 0.141271E-02 0.202765E-03 0.370400E-03 0.611982E-02
 0.146289E-02 0.196511E-03 0.356490E-03 0.637244E-02
 0.150716E-02 0.191211E-03 0.339888E-03 0.661292E-02
 0.154451E-02 0.187450E-03 0.320789E-03 0.682088E-02
 0.156633E-02 0.187386E-03 0.303513E-03 0.694406E-02
 0.157770E-02 0.188455E-03 0.291195E-03 0.703736E-02
 0.157919E-02 0.188912E-03 0.283547E-03 0.706692E-02
 0.156189E-02 0.190037E-03 0.281029E-03 0.699408E-02
 0.152266E-02 0.191551E-03 0.284839E-03 0.683067E-02
 0.148336E-02 0.193053E-03 0.293664E-03 0.663269E-02
 0.142330E-02 0.195830E-03 0.305564E-03 0.634817E-02
 0.135960E-02 0.199826E-03 0.319537E-03 0.601394E-02
 0.130102E-02 0.203992E-03 0.333080E-03 0.568147E-02
 0.126202E-02 0.208134E-03 0.347101E-03 0.542478E-02
 0.123543E-02 0.212655E-03 0.356946E-03 0.526856E-02
 0.121939E-02 0.215446E-03 0.364928E-03 0.516905E-02
 0.121603E-02 0.215227E-03 0.368372E-03 0.512405E-02
 0.122125E-02 0.213113E-03 0.368418E-03 0.516392E-02
 0.124086E-02 0.214561E-03 0.364841E-03 0.526587E-02
 0.127077E-02 0.217299E-03 0.356337E-03 0.542303E-02
 0.130698E-02 0.218215E-03 0.346595E-03 0.564278E-02
 0.135500E-02 0.216934E-03 0.333575E-03 0.589999E-02
 0.139448E-02 0.214238E-03 0.317907E-03 0.612489E-02
 0.142955E-02 0.209817E-03 0.300730E-03 0.631803E-02
 0.144571E-02 0.204981E-03 0.284024E-03 0.640774E-02
 0.145338E-02 0.199880E-03 0.272798E-03 0.650431E-02
 0.145374E-02 0.194608E-03 0.265928E-03 0.652483E-02
 0.143451E-02 0.190668E-03 0.263540E-03 0.644596E-02
 0.139817E-02 0.188321E-03 0.266164E-03 0.628493E-02
 0.136397E-02 0.186624E-03 0.271996E-03 0.610799E-02
 0.131211E-02 0.186268E-03 0.279718E-03 0.585218E-02
 0.126463E-02 0.187180E-03 0.289641E-03 0.557865E-02
 0.122267E-02 0.188551E-03 0.301254E-03 0.532289E-02
 0.119452E-02 0.190272E-03 0.312625E-03 0.513610E-02
 0.117321E-02 0.192915E-03 0.322788E-03 0.501170E-02
 0.115898E-02 0.193263E-03 0.329775E-03 0.491730E-02
 0.114915E-02 0.190771E-03 0.336107E-03 0.487837E-02
 0.114820E-02 0.186000E-03 0.337352E-03 0.486563E-02
 0.115214E-02 0.180375E-03 0.335149E-03 0.488170E-02
 0.116483E-02 0.176481E-03 0.331187E-03 0.496776E-02
 0.119553E-02 0.173011E-03 0.323710E-03 0.514143E-02
 0.123294E-02 0.171071E-03 0.312577E-03 0.535311E-02
 0.127012E-02 0.170242E-03 0.299039E-03 0.555041E-02
 0.129615E-02 0.168454E-03 0.284026E-03 0.569363E-02
 0.131878E-02 0.166276E-03 0.266815E-03 0.584743E-02
 0.134179E-02 0.164621E-03 0.253504E-03 0.597978E-02
 0.134528E-02 0.164044E-03 0.244523E-03 0.600743E-02
 0.133318E-02 0.164998E-03 0.241042E-03 0.597772E-02
 0.131518E-02 0.168100E-03 0.242178E-03 0.590589E-02
 0.128124E-02 0.171929E-03 0.247131E-03 0.575843E-02
 0.123613E-02 0.175674E-03 0.255466E-03 0.553894E-02
 0.118590E-02 0.178183E-03 0.266610E-03 0.527359E-02
 0.113883E-02 0.180627E-03 0.279054E-03 0.499638E-02
 0.109742E-02 0.182295E-03 0.290528E-03 0.475803E-02
 0.106536E-02 0.182564E-03 0.301491E-03 0.455858E-02
 0.104446E-02 0.181859E-03 0.309643E-03 0.442752E-02
 0.103416E-02 0.179020E-03 0.315617E-03 0.435378E-02
 0.103223E-02 0.174445E-03 0.317433E-03 0.433358E-02
 0.104261E-02 0.169009E-03 0.316029E-03 0.437819E-02
 0.106525E-02 0.163944E-03 0.312076E-03 0.452745E-02
 0.110961E-02 0.162523E-03 0.303041E-03 0.478205E-02
 0.115466E-02 0.163917E-03 0.291317E-03 0.502366E-02
 0.119692E-02 0.165095E-03 0.277959E-03 0.523459E-02
 0.123008E-02 0.166024E-03 0.262280E-03 0.542687E-02
 0.125939E-02 0.166202E-03 0.244878E-03 0.559161E-02
 0.127826E-02 0.167161E-03 0.231167E-03 0.569715E-02
 0.127610E-02 0.168601E-03 0.223762E-03 0.570557E-02
 0.126545E-02 0.170421E-03 0.221394E-03 0.566456E-02
 0.123966E-02 0.172983E-03 0.222530E-03 0.555754E-02
 0.119846E-02 0.174991E-03 0.227294E-03 0.536635E-02
 0.115146E-02 0.175809E-03 0.235532E-03 0.512584E-02
 0.109762E-02 0.175661E-03 0.245865E-03 0.483483E-02
 0.104681E-02 0.174499E-03 0.257893E-03 0.454178E-02
 0.100776E-02 0.173076E-03 0.269274E-03 0.431971E-02
 0.979286E-03 0.171117E-03 0.279814E-03 0.416160E-02
 0.960310E-03 0.168192E-03 0.288412E-03 0.405678E-02
 0.949291E-03 0.164714E-03 0.293027E-03 0.398722E-02
 0.947236E-03 0.160719E-03 0.294953E-03 0.396164E-02
 0.953759E-03 0.156718E-03 0.293997E-03 0.400372E-02
 0.971283E-03 0.155051E-03 0.288855E-03 0.414678E-02
 0.100581E-02 0.154623E-03 0.279307E-03 0.434336E-02
 0.104466E-02 0.155838E-03 0.268285E-03 0.454422E-02
 0.107934E-02 0.156569E-03 0.254360E-03 0.472147E-02
 0.111075E-02 0.157026E-03 0.237884E-03 0.489463E-02
 0.113710E-02 0.156280E-03 0.221291E-03 0.504514E-02
 0.115138E-02 0.155160E-03 0.209917E-03 0.513005E-02
 0.115641E-02 0.154304E-03 0.203149E-03 0.517288E-02
 0.114563E-02 0.154023E-03 0.200236E-03 0.513907E-02
 0.112144E-02 0.155519E-03 0.201293E-03 0.504321E-02
 0.108857E-02 0.157595E-03 0.206999E-03 0.490751E-02
 0.105267E-02 0.158728E-03 0.215855E-03 0.473339E-02
 0.100962E-02 0.158850E-03 0.226408E-03 0.449667E-02
 0.969664E-03 0.158938E-03 0.237430E-03 0.425038E-02
 0.935121E-03 0.158306E-03 0.248668E-03 0.404499E-02
 0.910721E-03 0.156474E-03 0.258373E-03 0.388735E-02
 0.889214E-03 0.152959E-03 0.266053E-03 0.376886E-02
 0.877550E-03 0.148328E-03 0.270197E-03 0.369844E-02
 0.874598E-03 0.143342E-03 0.272808E-03 0.367216E-02
 0.888294E-03 0.138444E-03 0.271053E-03 0.375807E-02
 0.914467E-03 0.134249E-03 0.264474E-03 0.391103E-02
 0.950070E-03 0.132008E-03 0.256352E-03 0.409738E-02
 0.986688E-03 0.132455E-03 0.245071E-03 0.429341E-02
 0.102364E-02 0.134118E-03 0.231226E-03 0.448379E-02
 0.105522E-02 0.135623E-03 0.215871E-03 0.464563E-02
 0.107728E-02 0.136754E-03 0.202380E-03 0.477785E-02
 0.109139E-02 0.138239E-03 0.192729E-03 0.486030E-02
 0.109264E-02 0.139041E-03 0.187152E-03 0.488977E-02
 0.108045E-02 0.139773E-03 0.185112E-03 0.484263E-02
 0.105380E-02 0.140953E-03 0.187624E-03 0.474191E-02
 0.102356E-02 0.141587E-03 0.193119E-03 0.458994E-02
 0.981299E-03 0.141269E-03 0.200479E-03 0.437201E-02
 0.935871E-03 0.140413E-03 0.209594E-03 0.410440E-02
 0.890933E-03 0.140054E-03 0.219339E-03 0.385028E-02
 0.857017E-03 0.139870E-03 0.229601E-03 0.366670E-02
 0.830391E-03 0.139207E-03 0.237433E-03 0.353317E-02
 0.810424E-03 0.137964E-03 0.243975E-03 0.343039E-02
 0.800241E-03 0.135627E-03 0.247318E-03 0.338750E-02
 0.803844E-03 0.133144E-03 0.249108E-03 0.339533E-02
 0.813511E-03 0.132059E-03 0.245984E-03 0.346352E-02
 0.835327E-03 0.132958E-03 0.240057E-03 0.359392E-02
 0.865106E-03 0.134629E-03 0.232568E-03 0.375349E-02
 0.900226E-03 0.136140E-03 0.221007E-03 0.393377E-02
 0.933024E-03 0.137745E-03 0.206819E-03 0.408907E-02
 0.956562E-03 0.138979E-03 0.192983E-03 0.421731E-02
 0.975422E-03 0.139790E-03 0.181252E-03 0.431801E-02
 0.985162E-03 0.140011E-03 0.172930E-03 0.438782E-02
 0.986338E-03 0.140824E-03 0.167758E-03 0.440617E-02
 0.972161E-03 0.142430E-03 0.166402E-03 0.435689E-02
 0.950526E-03 0.144860E-03 0.169361E-03 0.427277E-02
 0.925092E-03 0.146718E-03 0.174892E-03 0.414608E-02
 0.888338E-03 0.146972E-03 0.182138E-03 0.395339E-02
 0.848715E-03 0.146190E-03 0.190984E-03 0.373311E-02
 0.810288E-03 0.144512E-03 0.200658E-03 0.351384E-02
 0.775667E-03 0.141370E-03 0.209418E-03 0.333872E-02
 0.745064E-03 0.137530E-03 0.217011E-03 0.318484E-02
 0.726296E-03 0.133035E-03 0.222590E-03 0.308183E-02
 0.718705E-03 0.128402E-03 0.226912E-03 0.302978E-02
 0.723421E-03 0.124249E-03 0.227231E-03 0.304369E-02
 0.734585E-03 0.121260E-03 0.224624E-03 0.311032E-02
 0.754680E-03 0.119522E-03 0.220250E-03 0.322973E-02
 0.787565E-03 0.119559E-03 0.212677E-03 0.339613E-02
 0.821026E-03 0.121007E-03 0.201133E-03 0.355803E-02
 0.851867E-03 0.124305E-03 0.188632E-03 0.371060E-02
 0.876861E-03 0.127312E-03 0.176611E-03 0.384560E-02
 0.899354E-03 0.128913E-03 0.165514E-03 0.397785E-02
 0.913331E-03 0.130085E-03 0.156992E-03 0.406585E-02
 0.916014E-03 0.130483E-03 0.152434E-03 0.408457E-02
 0.903284E-03 0.130916E-03 0.152213E-03 0.405606E-02
 0.890645E-03 0.130455E-03 0.154729E-03 0.400224E-02
 0.864912E-03 0.129825E-03 0.159302E-03 0.388290E-02
 0.830413E-03 0.128532E-03 0.165992E-03 0.369915E-02
 0.794695E-03 0.127037E-03 0.174690E-03 0.349138E-02
 0.759396E-03 0.124909E-03 0.183714E-03 0.329427E-02
 0.725307E-03 0.122390E-03 0.191433E-03 0.312881E-02
 0.699252E-03 0.119646E-03 0.198909E-03 0.297823E-02
 0.682634E-03 0.116401E-03 0.204207E-03 0.289486E-02
 0.677585E-03 0.112980E-03 0.208176E-03 0.285164E-02
 0.678848E-03 0.109625E-03 0.207680E-03 0.286119E-02
 0.689009E-03 0.107400E-03 0.206485E-03 0.292804E-02
 0.706652E-03 0.106284E-03 0.201958E-03 0.303811E-02
 0.735388E-03 0.106316E-03 0.194225E-03 0.317969E-02
 0.761460E-03 0.107455E-03 0.183674E-03 0.330847E-02
 0.785366E-03 0.109858E-03 0.172238E-03 0.342113E-02
 0.805333E-03 0.112102E-03 0.160014E-03 0.354929E-02
 0.823969E-03 0.112938E-03 0.149191E-03 0.365797E-02
 0.831883E-03 0.113586E-03 0.141887E-03 0.370009E-02
 0.827726E-03 0.114289E-03 0.138265E-03 0.370122E-02
 0.820704E-03 0.114920E-03 0.137614E-03 0.367802E-02
 0.806787E-03 0.115474E-03 0.139292E-03 0.361809E-02
 0.781359E-03 0.115323E-03 0.143376E-03 0.348563E-02
 0.753641E-03 0.114742E-03 0.149803E-03 0.333296E-02
 0.722066E-03 0.113539E-03 0.157436E-03 0.315333E-02
 0.691381E-03 0.112617E-03 0.164994E-03 0.299190E-02
 0.663210E-03 0.111720E-03 0.172258E-03 0.284208E-02
 0.636874E-03 0.110560E-03 0.179046E-03 0.271194E-02
 0.616962E-03 0.108617E-03 0.184170E-03 0.260850E-02
 0.604644E-03 0.107049E-03 0.187139E-03 0.254143E-02
 0.599798E-03 0.106288E-03 0.187941E-03 0.252509E-02
 0.606560E-03 0.106025E-03 0.187615E-03 0.257464E-02
 0.625577E-03 0.107676E-03 0.183064E-03 0.267480E-02
 0.649966E-03 0.110498E-03 0.176366E-03 0.279965E-02
 0.676350E-03 0.112660E-03 0.167789E-03 0.291984E-02
 0.700881E-03 0.114303E-03 0.157225E-03 0.305065E-02
 0.724912E-03 0.115472E-03 0.145582E-03 0.318887E-02
 0.745210E-03 0.115473E-03 0.135380E-03 0.329742E-02
 0.755447E-03 0.114933E-03 0.128792E-03 0.335651E-02
 0.758493E-03 0.113961E-03 0.125020E-03 0.338708E-02
 0.757132E-03 0.113405E-03 0.123638E-03 0.337910E-02
 0.741183E-03 0.112758E-03 0.124916E-03 0.332886E-02
 0.722156E-03 0.111689E-03 0.129093E-03 0.322994E-02
 0.694827E-03 0.110595E-03 0.135035E-03 0.308772E-02
 0.666356E-03 0.108568E-03 0.141840E-03 0.292219E-02
 0.636303E-03 0.106455E-03 0.148920E-03 0.276011E-02
 0.610655E-03 0.104672E-03 0.156418E-03 0.262221E-02
 0.587749E-03 0.102201E-03 0.162391E-03 0.249886E-02
 0.567465E-03 0.994875E-04 0.167545E-03 0.239184E-02
 0.553623E-03 0.976960E-04 0.170182E-03 0.232072E-02
 0.551036E-03 0.962153E-04 0.172385E-03 0.231453E-02
 0.557094E-03 0.945280E-04 0.171100E-03 0.236431E-02
 0.574422E-03 0.933683E-04 0.167193E-03 0.245537E-02
 0.593964E-03 0.936489E-04 0.161573E-03 0.256127E-02
 0.620572E-03 0.956089E-04 0.154154E-03 0.268494E-02
 0.646205E-03 0.982669E-04 0.143591E-03 0.281544E-02
 0.668868E-03 0.100132E-03 0.132425E-03 0.293653E-02
 0.684665E-03 0.100961E-03 0.124063E-03 0.301902E-02
 0.693772E-03 0.101018E-03 0.118221E-03 0.307713E-02
 0.699446E-03 0.100896E-03 0.114430E-03 0.310309E-02
 0.692413E-03 0.100209E-03 0.112741E-03 0.308348E-02
 0.681442E-03 0.994400E-04 0.114200E-03 0.302997E-02
 0.663092E-03 0.989480E-04 0.117559E-03 0.294390E-02
 0.642585E-03 0.981956E-04 0.122344E-03 0.283767E-02
 0.616684E-03 0.970212E-04 0.128035E-03 0.269567E-02
 0.592551E-03 0.961926E-04 0.134700E-03 0.256322E-02
 0.571853E-03 0.952285E-04 0.141270E-03 0.244968E-02
 0.548943E-03 0.939353E-04 0.146755E-03 0.233788E-02
 0.528967E-03 0.923300E-04 0.151197E-03 0.223799E-02
 0.515079E-03 0.910194E-04 0.154402E-03 0.216459E-02
 0.510363E-03 0.895640E-04 0.156556E-03 0.215155E-02
 0.511710E-03 0.881544E-04 0.155144E-03 0.217663E-02
 0.521480E-03 0.873897E-04 0.152941E-03 0.223827E-02
 0.540562E-03 0.875739E-04 0.148253E-03 0.233649E-02
 0.564002E-03 0.896214E-04 0.141503E-03 0.244161E-02
 0.586886E-03 0.915694E-04 0.131649E-03 0.255497E-02
 0.605956E-03 0.928619E-04 0.122424E-03 0.265507E-02
 0.621354E-03 0.938218E-04 0.114591E-03 0.274210E-02
 0.633683E-03 0.938875E-04 0.108587E-03 0.280507E-02
 0.636605E-03 0.941896E-04 0.104396E-03 0.282728E-02
 0.633251E-03 0.951463E-04 0.103005E-03 0.281714E-02
 0.623409E-03 0.955755E-04 0.103871E-03 0.277810E-02
 0.611391E-03 0.956804E-04 0.106430E-03 0.272744E-02
 0.592457E-03 0.952057E-04 0.110212E-03 0.261780E-02
 0.569642E-03 0.943004E-04 0.115527E-03 0.249513E-02
 0.550907E-03 0.930689E-04 0.121707E-03 0.238936E-02
 0.530218E-03 0.910590E-04 0.127243E-03 0.227956E-02
 0.508516E-03 0.888761E-04 0.132583E-03 0.216947E-02
 0.489956E-03 0.863410E-04 0.136934E-03 0.207680E-02
 0.479234E-03 0.836461E-04 0.140617E-03 0.201520E-02
 0.474373E-03 0.812013E-04 0.141808E-03 0.200069E-02
 0.474821E-03 0.795123E-04 0.141382E-03 0.201626E-02
 0.481260E-03 0.790957E-04 0.139990E-03 0.206114E-02
 0.498302E-03 0.803528E-04 0.135645E-03 0.214266E-02
 0.517146E-03 0.825786E-04 0.129179E-03 0.223170E-02
 0.536711E-03 0.845599E-04 0.121040E-03 0.232940E-02
 0.554219E-03 0.864053E-04 0.112663E-03 0.242912E-02
 0.572192E-03 0.875616E-04 0.105824E-03 0.251397E-02
 0.581594E-03 0.879136E-04 0.100416E-03 0.256515E-02
 0.584826E-03 0.882464E-04 0.972858E-04 0.257938E-02
 0.581227E-03 0.888821E-04 0.960334E-04 0.257260E-02
 0.573734E-03 0.886295E-04 0.963312E-04 0.256021E-02
 0.563896E-03 0.880700E-04 0.980805E-04 0.250398E-02
 0.545261E-03 0.872319E-04 0.101344E-03 0.241552E-02
 0.528445E-03 0.862747E-04 0.105821E-03 0.231430E-02
 0.512197E-03 0.846446E-04 0.110741E-03 0.222661E-02
 0.492789E-03 0.826144E-04 0.115334E-03 0.212249E-02
 0.473889E-03 0.807751E-04 0.119945E-03 0.202850E-02
 0.458898E-03 0.787256E-04 0.123893E-03 0.194722E-02
 0.449909E-03 0.768909E-04 0.126861E-03 0.190515E-02
 0.443325E-03 0.754128E-04 0.127843E-03 0.188221E-02
 0.443091E-03 0.738671E-04 0.128215E-03 0.189158E-02
 0.450968E-03 0.729141E-04 0.126677E-03 0.193191E-02
 0.463613E-03 0.730838E-04 0.123099E-03 0.199310E-02
 0.478026E-03 0.750187E-04 0.117788E-03 0.205918E-02
 0.493920E-03 0.775783E-04 0.111232E-03 0.214833E-02
 0.512353E-03 0.795850E-04 0.103854E-03 0.223927E-02
 0.525494E-03 0.810739E-04 0.976231E-04 0.231126E-02
 0.534088E-03 0.818167E-04 0.933129E-04 0.235451E-02
 0.536768E-03 0.825325E-04 0.907489E-04 0.237544E-02
 0.536862E-03 0.826392E-04 0.894935E-04 0.239282E-02
 0.534179E-03 0.824672E-04 0.895054E-04 0.237840E-02
 0.523599E-03 0.818696E-04 0.909747E-04 0.232504E-02
 0.510980E-03 0.808627E-04 0.940521E-04 0.225301E-02
 0.498257E-03 0.796474E-04 0.976858E-04 0.217719E-02
 0.481522E-03 0.782023E-04 0.101477E-03 0.208954E-02
 0.463885E-03 0.765684E-04 0.105661E-03 0.199410E-02
 0.448463E-03 0.747413E-04 0.109796E-03 0.191323E-02
 0.436256E-03 0.727314E-04 0.113156E-03 0.184466E-02
 0.427920E-03 0.707928E-04 0.115448E-03 0.180850E-02
 0.421127E-03 0.692859E-04 0.116681E-03 0.178226E-02
 0.420656E-03 0.686018E-04 0.117420E-03 0.179053E-02
 0.428384E-03 0.682583E-04 0.115469E-03 0.182755E-02
 0.438299E-03 0.698114E-04 0.112544E-03 0.187153E-02
 0.449992E-03 0.726928E-04 0.108215E-03 0.193282E-02
 0.462754E-03 0.751045E-04 0.102530E-03 0.200051E-02
 0.475041E-03 0.768505E-04 0.956164E-04 0.207337E-02
 0.482980E-03 0.780518E-04 0.903625E-04 0.211716E-02
 0.486893E-03 0.788641E-04 0.868865E-04 0.213986E-02
 0.487809E-03 0.791538E-04 0.845452E-04 0.216423E-02
 0.489426E-03 0.790831E-04 0.831333E-04 0.217951E-02
 0.484075E-03 0.789350E-04 0.832350E-04 0.215475E-02
 0.475677E-03 0.782048E-04 0.848548E-04 0.210818E-02
 0.464568E-03 0.771717E-04 0.873064E-04 0.204986E-02
 0.450755E-03 0.758119E-04 0.901553E-04 0.197525E-02
 0.435937E-03 0.741430E-04 0.934268E-04 0.188939E-02
 0.422230E-03 0.725021E-04 0.972135E-04 0.181302E-02
 0.410789E-03 0.710466E-04 0.100528E-03 0.174951E-02
 0.400786E-03 0.691881E-04 0.103376E-03 0.169844E-02
 0.392830E-03 0.678754E-04 0.105298E-03 0.166426E-02
 0.390436E-03 0.666689E-04 0.106757E-03 0.165604E-02
 0.388676E-03 0.653493E-04 0.106793E-03 0.165863E-02
 0.393475E-03 0.643806E-04 0.105185E-03 0.168783E-02
 0.401377E-03 0.644705E-04 0.103104E-03 0.172099E-02
 0.412624E-03 0.661771E-04 0.992791E-04 0.178075E-02
 0.424799E-03 0.681180E-04 0.942314E-04 0.184729E-02
 0.435773E-03 0.696613E-04 0.881920E-04 0.190242E-02
 0.442669E-03 0.705504E-04 0.843152E-04 0.193635E-02
 0.446305E-03 0.711590E-04 0.813695E-04 0.196699E-02
 0.452590E-03 0.715904E-04 0.790648E-04 0.199618E-02
 0.453240E-03 0.712261E-04 0.779021E-04 0.200781E-02
 0.450584E-03 0.707769E-04 0.781480E-04 0.199315E-02
 0.444680E-03 0.698020E-04 0.793724E-04 0.196300E-02
 0.435871E-03 0.687605E-04 0.810823E-04 0.191179E-02
 0.424327E-03 0.675269E-04 0.833374E-04 0.184900E-02
 0.411233E-03 0.667188E-04 0.863016E-04 0.177844E-02
 0.401134E-03 0.653937E-04 0.893877E-04 0.172253E-02
 0.390005E-03 0.641712E-04 0.919038E-04 0.166167E-02
 0.379984E-03 0.630939E-04 0.944111E-04 0.160889E-02
 0.372994E-03 0.620358E-04 0.961950E-04 0.157992E-02
 0.370112E-03 0.608454E-04 0.976598E-04 0.157225E-02
 0.367098E-03 0.600641E-04 0.972845E-04 0.156954E-02
 0.369102E-03 0.597023E-04 0.965218E-04 0.158614E-02
 0.376928E-03 0.602077E-04 0.947215E-04 0.161509E-02
 0.386686E-03 0.615076E-04 0.913286E-04 0.167034E-02
 0.396818E-03 0.630468E-04 0.869038E-04 0.172009E-02
 0.404996E-03 0.640893E-04 0.818832E-04 0.176316E-02
 0.410875E-03 0.646976E-04 0.787073E-04 0.180090E-02
 0.417983E-03 0.649522E-04 0.758166E-04 0.183404E-02
 0.420822E-03 0.649323E-04 0.738294E-04 0.185028E-02
 0.419922E-03 0.646950E-04 0.730265E-04 0.185706E-02
 0.417922E-03 0.644415E-04 0.732711E-04 0.184748E-02
 0.411681E-03 0.637929E-04 0.740150E-04 0.181549E-02
 0.402590E-03 0.634814E-04 0.753740E-04 0.176737E-02
 0.391378E-03 0.635808E-04 0.774978E-04 0.170969E-02
 0.382746E-03 0.635413E-04 0.798885E-04 0.166115E-02
 0.373494E-03 0.628158E-04 0.821417E-04 0.161075E-02
 0.362428E-03 0.619493E-04 0.843108E-04 0.155269E-02
 0.354369E-03 0.613518E-04 0.863662E-04 0.151311E-02
 0.349794E-03 0.602847E-04 0.878601E-04 0.149278E-02
 0.345389E-03 0.589059E-04 0.887067E-04 0.147737E-02
 0.343159E-03 0.577647E-04 0.884848E-04 0.147430E-02
 0.344186E-03 0.572233E-04 0.881523E-04 0.148311E-02
 0.351885E-03 0.580583E-04 0.864024E-04 0.151236E-02
 0.359579E-03 0.597114E-04 0.835558E-04 0.155660E-02
 0.367907E-03 0.612186E-04 0.797992E-04 0.159623E-02
 0.374172E-03 0.623255E-04 0.756879E-04 0.163289E-02
 0.380567E-03 0.628279E-04 0.728667E-04 0.166246E-02
 0.383834E-03 0.629967E-04 0.702203E-04 0.167594E-02
 0.383257E-03 0.629886E-04 0.688746E-04 0.168420E-02
 0.383558E-03 0.627086E-04 0.682617E-04 0.168560E-02
 0.379687E-03 0.624338E-04 0.682730E-04 0.167865E-02
 0.375795E-03 0.617975E-04 0.686009E-04 0.166062E-02
 0.367554E-03 0.611829E-04 0.698951E-04 0.162009E-02
 0.360886E-03 0.604487E-04 0.716425E-04 0.158595E-02
 0.355144E-03 0.597171E-04 0.733816E-04 0.155049E-02
 0.346519E-03 0.587340E-04 0.750729E-04 0.150265E-02
 0.336514E-03 0.579141E-04 0.771236E-04 0.145298E-02
 0.330184E-03 0.571615E-04 0.788229E-04 0.141828E-02
 0.325256E-03 0.561934E-04 0.801706E-04 0.139656E-02
 0.319633E-03 0.550959E-04 0.808353E-04 0.137336E-02
 0.317493E-03 0.537322E-04 0.811293E-04 0.136735E-02
 0.319349E-03 0.526080E-04 0.809229E-04 0.137347E-02
 0.325265E-03 0.517837E-04 0.791315E-04 0.140031E-02
 0.330731E-03 0.512936E-04 0.770952E-04 0.143097E-02
 0.337656E-03 0.524248E-04 0.740835E-04 0.146689E-02
 0.344675E-03 0.535403E-04 0.706306E-04 0.149735E-02
 0.350134E-03 0.542352E-04 0.678563E-04 0.152085E-02
 0.352208E-03 0.553918E-04 0.657551E-04 0.153453E-02
 0.354086E-03 0.560171E-04 0.646169E-04 0.154602E-02
 0.353398E-03 0.561410E-04 0.637845E-04 0.155517E-02
 0.353369E-03 0.559515E-04 0.634954E-04 0.155681E-02
 0.349492E-03 0.559019E-04 0.639250E-04 0.153358E-02
 0.343922E-03 0.554776E-04 0.649368E-04 0.151117E-02
 0.340121E-03 0.549407E-04 0.661388E-04 0.149180E-02
 0.333589E-03 0.544036E-04 0.674881E-04 0.145487E-02
 0.325355E-03 0.536309E-04 0.690825E-04 0.140727E-02
 0.317154E-03 0.528438E-04 0.707392E-04 0.136709E-02
 0.311892E-03 0.518525E-04 0.720910E-04 0.133664E-02
 0.305803E-03 0.507072E-04 0.732395E-04 0.131300E-02
 0.300899E-03 0.494801E-04 0.739295E-04 0.129153E-02
 0.299196E-03 0.483741E-04 0.742917E-04 0.128514E-02
 0.300023E-03 0.473761E-04 0.739132E-04 0.128977E-02
 0.303088E-03 0.470746E-04 0.727025E-04 0.130579E-02
 0.306827E-03 0.483509E-04 0.712152E-04 0.132863E-02
 0.313365E-03 0.500236E-04 0.686352E-04 0.135864E-02
 0.318564E-03 0.511870E-04 0.656796E-04 0.137871E-02
 0.321327E-03 0.520327E-04 0.632370E-04 0.139395E-02
 0.323185E-03 0.527705E-04 0.615938E-04 0.140071E-02
 0.323715E-03 0.531030E-04 0.605376E-04 0.141882E-02
 0.324713E-03 0.530244E-04 0.595758E-04 0.143112E-02
 0.323363E-03 0.526141E-04 0.592664E-04 0.142274E-02
 0.319660E-03 0.522363E-04 0.595669E-04 0.140683E-02
 0.317517E-03 0.516791E-04 0.600805E-04 0.139583E-02
 0.312587E-03 0.513097E-04 0.606835E-04 0.137460E-02
 0.306569E-03 0.507520E-04 0.617508E-04 0.133872E-02
 0.299451E-03 0.500848E-04 0.630526E-04 0.129894E-02
 0.293706E-03 0.494820E-04 0.643703E-04 0.126630E-02
 0.288278E-03 0.485991E-04 0.653154E-04 0.123815E-02
 0.281967E-03 0.477829E-04 0.664962E-04 0.121284E-02
 0.278824E-03 0.469954E-04 0.670878E-04 0.119788E-02
 0.276525E-03 0.459362E-04 0.676919E-04 0.118764E-02
 0.276121E-03 0.453766E-04 0.671884E-04 0.118644E-02
 0.277457E-03 0.451245E-04 0.667742E-04 0.119863E-02
 0.282151E-03 0.456969E-04 0.657173E-04 0.122163E-02
 0.287168E-03 0.470944E-04 0.635479E-04 0.124303E-02
 0.291107E-03 0.481670E-04 0.610651E-04 0.126136E-02
 0.293873E-03 0.489845E-04 0.588843E-04 0.126789E-02
 0.296028E-03 0.494972E-04 0.576219E-04 0.128533E-02
 0.298197E-03 0.497553E-04 0.562538E-04 0.130682E-02
 0.299012E-03 0.495338E-04 0.552905E-04 0.131338E-02
 0.298118E-03 0.489858E-04 0.550591E-04 0.131145E-02
 0.297460E-03 0.483887E-04 0.550543E-04 0.130660E-02
 0.295278E-03 0.476686E-04 0.552234E-04 0.129705E-02
 0.290724E-03 0.471576E-04 0.557198E-04 0.128268E-02
 0.285285E-03 0.467286E-04 0.566111E-04 0.124958E-02
 0.278813E-03 0.462725E-04 0.576233E-04 0.121510E-02
 0.273448E-03 0.456351E-04 0.585482E-04 0.118404E-02
 0.267143E-03 0.453209E-04 0.596187E-04 0.115442E-02
 0.262515E-03 0.451507E-04 0.606423E-04 0.113229E-02
 0.260370E-03 0.445596E-04 0.611965E-04 0.112125E-02
 0.255853E-03 0.437726E-04 0.617350E-04 0.110350E-02
 0.255172E-03 0.431126E-04 0.616212E-04 0.109924E-02
 0.256410E-03 0.425478E-04 0.616576E-04 0.110910E-02
 0.259899E-03 0.421747E-04 0.605619E-04 0.112730E-02
 0.263233E-03 0.426773E-04 0.591571E-04 0.114350E-02
 0.266130E-03 0.436754E-04 0.570569E-04 0.115446E-02
 0.268577E-03 0.444195E-04 0.551664E-04 0.116785E-02
 0.272149E-03 0.449002E-04 0.537832E-04 0.118733E-02
 0.274457E-03 0.450164E-04 0.524031E-04 0.120182E-02
 0.275380E-03 0.447562E-04 0.517142E-04 0.120923E-02
 0.275941E-03 0.443863E-04 0.513360E-04 0.121263E-02
 0.276112E-03 0.438421E-04 0.509467E-04 0.121062E-02
 0.273495E-03 0.433122E-04 0.508454E-04 0.120335E-02
 0.270096E-03 0.429586E-04 0.512757E-04 0.118596E-02
 0.265336E-03 0.427406E-04 0.518334E-04 0.116494E-02
 0.261119E-03 0.425186E-04 0.525273E-04 0.114016E-02
 0.254456E-03 0.421754E-04 0.532569E-04 0.110550E-02
 0.250104E-03 0.420459E-04 0.543548E-04 0.108397E-02
 0.246615E-03 0.418584E-04 0.549801E-04 0.106865E-02
 0.242050E-03 0.413323E-04 0.558891E-04 0.104934E-02
 0.236799E-03 0.406526E-04 0.563068E-04 0.102689E-02
 0.235933E-03 0.400020E-04 0.566905E-04 0.101928E-02
 0.236523E-03 0.394970E-04 0.568174E-04 0.102744E-02
 0.238934E-03 0.392799E-04 0.560330E-04 0.103671E-02
 0.241006E-03 0.398169E-04 0.551688E-04 0.104818E-02
 0.243493E-03 0.406402E-04 0.535004E-04 0.105884E-02
 0.246847E-03 0.412208E-04 0.518598E-04 0.107316E-02
 0.249482E-03 0.414597E-04 0.502734E-04 0.108564E-02
 0.251035E-03 0.415477E-04 0.490448E-04 0.109646E-02
 0.252781E-03 0.413888E-04 0.483140E-04 0.110695E-02
 0.253699E-03 0.408826E-04 0.475211E-04 0.111150E-02
 0.253064E-03 0.406176E-04 0.469614E-04 0.111136E-02
 0.251100E-03 0.407125E-04 0.468217E-04 0.110330E-02
 0.248275E-03 0.406854E-04 0.469684E-04 0.109268E-02
 0.245604E-03 0.406958E-04 0.472654E-04 0.108499E-02
 0.240994E-03 0.409022E-04 0.477484E-04 0.105877E-02
 0.235924E-03 0.409148E-04 0.484959E-04 0.103180E-02
 0.232061E-03 0.407454E-04 0.493451E-04 0.101458E-02
 0.228375E-03 0.403358E-04 0.499816E-04 0.994835E-03
 0.222479E-03 0.398463E-04 0.508684E-04 0.968946E-03
 0.218118E-03 0.392337E-04 0.514557E-04 0.949753E-03
 0.216537E-03 0.384050E-04 0.521233E-04 0.941554E-03
 0.217114E-03 0.374632E-04 0.521225E-04 0.944527E-03
 0.218712E-03 0.365721E-04 0.520138E-04 0.951426E-03
 0.220555E-03 0.364407E-04 0.514165E-04 0.959552E-03
 0.223598E-03 0.368893E-04 0.502126E-04 0.972250E-03
 0.226207E-03 0.371888E-04 0.486258E-04 0.981124E-03
 0.228174E-03 0.376863E-04 0.470337E-04 0.994518E-03
 0.231271E-03 0.381311E-04 0.461027E-04 0.101003E-02
 0.233572E-03 0.381979E-04 0.451314E-04 0.102143E-02
 0.234589E-03 0.381477E-04 0.441305E-04 0.103008E-02
 0.234340E-03 0.381819E-04 0.435774E-04 0.102792E-02
 0.233528E-03 0.383482E-04 0.432531E-04 0.102622E-02
 0.232533E-03 0.382313E-04 0.431000E-04 0.103088E-02
 0.230512E-03 0.381986E-04 0.431406E-04 0.102280E-02
 0.226686E-03 0.381537E-04 0.435247E-04 0.100112E-02
 0.223057E-03 0.379420E-04 0.441321E-04 0.981575E-03
 0.219224E-03 0.375599E-04 0.447471E-04 0.962998E-03
 0.214409E-03 0.370403E-04 0.454688E-04 0.937485E-03
 0.207980E-03 0.365261E-04 0.463566E-04 0.909438E-03
 0.204185E-03 0.358448E-04 0.469876E-04 0.889124E-03
 0.201328E-03 0.350079E-04 0.477819E-04 0.875589E-03
 0.200655E-03 0.341483E-04 0.479996E-04 0.873772E-03
 0.200875E-03 0.335184E-04 0.481136E-04 0.874603E-03
 0.202718E-03 0.330775E-04 0.478331E-04 0.880601E-03
 0.204602E-03 0.334260E-04 0.470741E-04 0.886797E-03
 0.206257E-03 0.340751E-04 0.457751E-04 0.894337E-03
 0.208987E-03 0.347138E-04 0.442402E-04 0.909008E-03
 0.211735E-03 0.351598E-04 0.433103E-04 0.920688E-03
 0.213676E-03 0.353764E-04 0.420477E-04 0.937730E-03
 0.215113E-03 0.354247E-04 0.411451E-04 0.943189E-03
 0.215003E-03 0.354655E-04 0.404597E-04 0.945911E-03
 0.216442E-03 0.355739E-04 0.398585E-04 0.958121E-03
 0.216182E-03 0.356122E-04 0.394366E-04 0.959658E-03
 0.214304E-03 0.357159E-04 0.394218E-04 0.950831E-03
 0.211149E-03 0.356249E-04 0.397433E-04 0.934702E-03
 0.208005E-03 0.355800E-04 0.401352E-04 0.920368E-03
 0.204361E-03 0.353001E-04 0.406900E-04 0.899190E-03
 0.198484E-03 0.348414E-04 0.414083E-04 0.871365E-03
 0.193072E-03 0.343427E-04 0.422917E-04 0.844319E-03
 0.189225E-03 0.336708E-04 0.430266E-04 0.823029E-03
 0.185741E-03 0.328703E-04 0.438327E-04 0.808355E-03
 0.184783E-03 0.322071E-04 0.442878E-04 0.805187E-03
 0.184363E-03 0.316605E-04 0.447450E-04 0.802582E-03
 0.185640E-03 0.312438E-04 0.445207E-04 0.804414E-03
 0.186498E-03 0.319016E-04 0.441553E-04 0.807492E-03
 0.188341E-03 0.327468E-04 0.431033E-04 0.815675E-03
 0.191009E-03 0.333466E-04 0.419401E-04 0.830647E-03
 0.193772E-03 0.337669E-04 0.406846E-04 0.848967E-03
 0.196090E-03 0.340891E-04 0.394442E-04 0.860381E-03
 0.196991E-03 0.341516E-04 0.384682E-04 0.865817E-03
 0.199169E-03 0.340129E-04 0.375407E-04 0.878374E-03
 0.200454E-03 0.338403E-04 0.367177E-04 0.889413E-03
 0.200271E-03 0.335963E-04 0.362041E-04 0.891577E-03
 0.199345E-03 0.334401E-04 0.360927E-04 0.886281E-03
 0.196506E-03 0.331522E-04 0.361840E-04 0.875148E-03
 0.193862E-03 0.328736E-04 0.364332E-04 0.863086E-03
 0.189785E-03 0.324762E-04 0.369620E-04 0.840932E-03
 0.184585E-03 0.320793E-04 0.377558E-04 0.814577E-03
 0.180174E-03 0.316491E-04 0.385690E-04 0.789752E-03
 0.175800E-03 0.310006E-04 0.394255E-04 0.766740E-03
 0.171648E-03 0.305934E-04 0.402990E-04 0.750907E-03
 0.170376E-03 0.301582E-04 0.409264E-04 0.743128E-03
 0.168613E-03 0.296460E-04 0.414320E-04 0.735180E-03
 0.168399E-03 0.290795E-04 0.415655E-04 0.732689E-03
 0.169179E-03 0.288097E-04 0.414458E-04 0.730011E-03
 0.171223E-03 0.293369E-04 0.407989E-04 0.743069E-03
 0.174077E-03 0.298980E-04 0.398616E-04 0.761325E-03
 0.177379E-03 0.303099E-04 0.384010E-04 0.776753E-03
 0.179677E-03 0.305384E-04 0.372688E-04 0.787585E-03
 0.182330E-03 0.306829E-04 0.361982E-04 0.801514E-03
 0.184649E-03 0.306882E-04 0.350194E-04 0.813951E-03
 0.186195E-03 0.305634E-04 0.340711E-04 0.825878E-03
 0.187142E-03 0.304682E-04 0.334887E-04 0.829248E-03
 0.186072E-03 0.303316E-04 0.331138E-04 0.827494E-03
 0.184627E-03 0.300984E-04 0.330161E-04 0.820852E-03
 0.182125E-03 0.300480E-04 0.331857E-04 0.809341E-03
 0.177788E-03 0.299871E-04 0.337057E-04 0.790263E-03
 0.174090E-03 0.296460E-04 0.344374E-04 0.770039E-03
 0.169144E-03 0.293778E-04 0.351738E-04 0.744043E-03
 0.164063E-03 0.291420E-04 0.361306E-04 0.718219E-03
 0.160418E-03 0.286719E-04 0.369838E-04 0.702051E-03
 0.157270E-03 0.281999E-04 0.378360E-04 0.688770E-03
 0.154761E-03 0.278920E-04 0.384986E-04 0.677072E-03
 0.153756E-03 0.275149E-04 0.388503E-04 0.670559E-03
 0.154098E-03 0.274074E-04 0.389165E-04 0.670940E-03
 0.156764E-03 0.277182E-04 0.386061E-04 0.683314E-03
 0.159721E-03 0.281091E-04 0.378541E-04 0.697199E-03
 0.162478E-03 0.284352E-04 0.366013E-04 0.710260E-03
 0.165342E-03 0.285743E-04 0.354280E-04 0.726314E-03
 0.168454E-03 0.285972E-04 0.340686E-04 0.740551E-03
 0.170104E-03 0.285561E-04 0.328255E-04 0.752871E-03
 0.172644E-03 0.285571E-04 0.318076E-04 0.765251E-03
 0.173413E-03 0.285020E-04 0.310660E-04 0.769913E-03
 0.173391E-03 0.284486E-04 0.305004E-04 0.773257E-03
 0.171915E-03 0.285711E-04 0.302183E-04 0.767230E-03
 0.169320E-03 0.287598E-04 0.303411E-04 0.758498E-03
 0.167058E-03 0.288040E-04 0.307243E-04 0.747640E-03
 0.163161E-03 0.285454E-04 0.313931E-04 0.728409E-03
 0.157444E-03 0.282568E-04 0.321130E-04 0.699035E-03
 0.153162E-03 0.279749E-04 0.331029E-04 0.675734E-03
 0.149296E-03 0.275064E-04 0.340541E-04 0.656488E-03
 0.145610E-03 0.269039E-04 0.349469E-04 0.639728E-03
 0.142175E-03 0.263007E-04 0.357315E-04 0.624405E-03
 0.140856E-03 0.258594E-04 0.362518E-04 0.615787E-03
 0.141604E-03 0.255570E-04 0.365068E-04 0.616672E-03
 0.143621E-03 0.255096E-04 0.364040E-04 0.627532E-03
 0.145983E-03 0.259097E-04 0.358538E-04 0.637423E-03
 0.148877E-03 0.262832E-04 0.349829E-04 0.653465E-03
 0.152281E-03 0.264461E-04 0.336984E-04 0.668642E-03
 0.154937E-03 0.265301E-04 0.321544E-04 0.679958E-03
 0.157709E-03 0.266366E-04 0.309208E-04 0.696697E-03
 0.159924E-03 0.267828E-04 0.298021E-04 0.707300E-03
 0.161288E-03 0.268987E-04 0.288712E-04 0.718727E-03
 0.161978E-03 0.269791E-04 0.281243E-04 0.724699E-03
 0.160622E-03 0.270290E-04 0.277816E-04 0.721212E-03
 0.160013E-03 0.271017E-04 0.278139E-04 0.719554E-03
 0.158066E-03 0.270936E-04 0.281029E-04 0.712708E-03
 0.154136E-03 0.268855E-04 0.286591E-04 0.692706E-03
 0.148669E-03 0.266301E-04 0.294245E-04 0.665778E-03
 0.145073E-03 0.262603E-04 0.304537E-04 0.645107E-03
 0.140363E-03 0.257046E-04 0.313247E-04 0.621270E-03
 0.135750E-03 0.250992E-04 0.324404E-04 0.598978E-03
 0.132109E-03 0.244459E-04 0.332015E-04 0.579321E-03
 0.130381E-03 0.239519E-04 0.338941E-04 0.568406E-03
 0.130079E-03 0.235412E-04 0.342525E-04 0.566765E-03
 0.131460E-03 0.232932E-04 0.343267E-04 0.573705E-03
 0.133896E-03 0.233360E-04 0.339919E-04 0.585151E-03
 0.137070E-03 0.236107E-04 0.334169E-04 0.600204E-03
 0.139826E-03 0.238210E-04 0.322504E-04 0.612780E-03
 0.142885E-03 0.243730E-04 0.307439E-04 0.627518E-03
 0.146068E-03 0.247435E-04 0.293979E-04 0.642501E-03
 0.148449E-03 0.248820E-04 0.281186E-04 0.659286E-03
 0.150896E-03 0.250699E-04 0.270010E-04 0.674160E-03
 0.151007E-03 0.251881E-04 0.262137E-04 0.676837E-03
 0.151315E-03 0.252275E-04 0.257585E-04 0.677811E-03
 0.150903E-03 0.251793E-04 0.256149E-04 0.681170E-03
 0.149222E-03 0.250911E-04 0.258015E-04 0.672554E-03
 0.145339E-03 0.247874E-04 0.262781E-04 0.654049E-03
 0.141057E-03 0.244284E-04 0.270966E-04 0.632307E-03
 0.136729E-03 0.238975E-04 0.280572E-04 0.608375E-03
 0.132079E-03 0.233524E-04 0.289995E-04 0.583966E-03
 0.127679E-03 0.228664E-04 0.300838E-04 0.561823E-03
 0.123435E-03 0.224623E-04 0.308987E-04 0.541906E-03
 0.121090E-03 0.219885E-04 0.317367E-04 0.527101E-03
 0.119876E-03 0.217213E-04 0.321785E-04 0.521032E-03
 0.120780E-03 0.218046E-04 0.324188E-04 0.527236E-03
 0.123115E-03 0.219390E-04 0.322622E-04 0.536997E-03
 0.125443E-03 0.223893E-04 0.318355E-04 0.550177E-03
 0.128558E-03 0.228305E-04 0.308208E-04 0.563203E-03
 0.131436E-03 0.233396E-04 0.295990E-04 0.574646E-03
 0.134349E-03 0.237022E-04 0.280421E-04 0.594965E-03
 0.137762E-03 0.239436E-04 0.266517E-04 0.614383E-03
 0.139617E-03 0.240728E-04 0.254586E-04 0.625129E-03
 0.140752E-03 0.240460E-04 0.245790E-04 0.630567E-03
 0.141383E-03 0.240108E-04 0.239715E-04 0.637222E-03
 0.141088E-03 0.239483E-04 0.236478E-04 0.637901E-03
 0.139308E-03 0.237691E-04 0.237172E-04 0.628712E-03
 0.135808E-03 0.234712E-04 0.241916E-04 0.613954E-03
 0.132221E-03 0.231461E-04 0.249672E-04 0.595012E-03
 0.127996E-03 0.226888E-04 0.257911E-04 0.572528E-03
 0.123729E-03 0.222464E-04 0.268378E-04 0.549655E-03
 0.119547E-03 0.216865E-04 0.278641E-04 0.527693E-03
 0.114898E-03 0.211130E-04 0.287937E-04 0.503978E-03
 0.111922E-03 0.209317E-04 0.296504E-04 0.488022E-03
 0.110536E-03 0.208132E-04 0.301882E-04 0.481430E-03
 0.111146E-03 0.207500E-04 0.305589E-04 0.485707E-03
 0.112940E-03 0.208235E-04 0.305183E-04 0.495046E-03
 0.115321E-03 0.211408E-04 0.302268E-04 0.505157E-03
 0.118044E-03 0.215665E-04 0.294134E-04 0.517090E-03
 0.121253E-03 0.219622E-04 0.283903E-04 0.534847E-03
 0.125258E-03 0.222634E-04 0.268749E-04 0.557226E-03
 0.128526E-03 0.223839E-04 0.253615E-04 0.573296E-03
 0.130802E-03 0.223965E-04 0.241881E-04 0.584956E-03
 0.132361E-03 0.222549E-04 0.231905E-04 0.594000E-03
 0.132910E-03 0.220833E-04 0.224261E-04 0.599707E-03
 0.133156E-03 0.219134E-04 0.219929E-04 0.601332E-03
 0.131134E-03 0.217234E-04 0.220014E-04 0.593062E-03
 0.128488E-03 0.214305E-04 0.223773E-04 0.581082E-03
 0.125151E-03 0.210259E-04 0.230429E-04 0.564578E-03
 0.121429E-03 0.208022E-04 0.238957E-04 0.545371E-03
 0.117494E-03 0.205380E-04 0.249340E-04 0.524196E-03
 0.113168E-03 0.201559E-04 0.258757E-04 0.500405E-03
 0.108319E-03 0.198883E-04 0.269012E-04 0.476780E-03
 0.104648E-03 0.197860E-04 0.276588E-04 0.457440E-03
 0.103055E-03 0.197464E-04 0.283879E-04 0.449667E-03
 0.103153E-03 0.197116E-04 0.287564E-04 0.452707E-03
 0.104783E-03 0.196062E-04 0.289126E-04 0.459086E-03
 0.106639E-03 0.196471E-04 0.285731E-04 0.467663E-03
 0.109126E-03 0.199201E-04 0.280840E-04 0.481470E-03
 0.112780E-03 0.203139E-04 0.270898E-04 0.499679E-03
 0.116287E-03 0.205282E-04 0.257765E-04 0.517247E-03
 0.119665E-03 0.206420E-04 0.243200E-04 0.533168E-03
 0.121973E-03 0.206371E-04 0.230329E-04 0.546112E-03
 0.123635E-03 0.205092E-04 0.219247E-04 0.553897E-03
 0.124509E-03 0.203537E-04 0.210433E-04 0.560482E-03
 0.124222E-03 0.202345E-04 0.205904E-04 0.560685E-03
 0.122903E-03 0.201427E-04 0.205165E-04 0.556268E-03
 0.120831E-03 0.201127E-04 0.207734E-04 0.548035E-03
 0.117466E-03 0.199754E-04 0.213171E-04 0.532515E-03
 0.114239E-03 0.198086E-04 0.221221E-04 0.516027E-03
 0.110778E-03 0.195850E-04 0.230667E-04 0.495892E-03
 0.105917E-03 0.192418E-04 0.240734E-04 0.471745E-03
 0.101249E-03 0.189248E-04 0.250079E-04 0.447739E-03
 0.978233E-04 0.187563E-04 0.258887E-04 0.429654E-03
 0.962914E-04 0.186202E-04 0.266148E-04 0.420737E-03
 0.958311E-04 0.184652E-04 0.270341E-04 0.418819E-03
 0.964586E-04 0.183665E-04 0.272519E-04 0.422518E-03
 0.981516E-04 0.183831E-04 0.270682E-04 0.431685E-03
 0.100996E-03 0.186228E-04 0.266741E-04 0.444293E-03
 0.104236E-03 0.189470E-04 0.257343E-04 0.461182E-03
 0.107618E-03 0.192046E-04 0.246649E-04 0.477131E-03
 0.111013E-03 0.192947E-04 0.233531E-04 0.494998E-03
 0.113350E-03 0.192212E-04 0.219578E-04 0.506514E-03
 0.115400E-03 0.191724E-04 0.207554E-04 0.517606E-03
 0.116525E-03 0.191871E-04 0.198915E-04 0.524180E-03
 0.116365E-03 0.190872E-04 0.193755E-04 0.526363E-03
 0.116103E-03 0.190458E-04 0.191773E-04 0.528006E-03
 0.114007E-03 0.190615E-04 0.192801E-04 0.518522E-03
 0.111192E-03 0.189649E-04 0.197877E-04 0.505817E-03
 0.108666E-03 0.187737E-04 0.205207E-04 0.493840E-03
 0.104602E-03 0.184869E-04 0.214671E-04 0.473100E-03
 0.100042E-03 0.181595E-04 0.223693E-04 0.447879E-03
 0.956728E-04 0.178464E-04 0.233722E-04 0.425096E-03
 0.923747E-04 0.176244E-04 0.242382E-04 0.407252E-03
 0.905676E-04 0.174493E-04 0.249526E-04 0.396315E-03
 0.895554E-04 0.172728E-04 0.254591E-04 0.392610E-03
 0.900360E-04 0.170784E-04 0.256500E-04 0.395446E-03
 0.918077E-04 0.169821E-04 0.256344E-04 0.402982E-03
 0.942177E-04 0.170139E-04 0.252313E-04 0.413984E-03
 0.970330E-04 0.173263E-04 0.244486E-04 0.429473E-03
 0.100605E-03 0.176500E-04 0.235541E-04 0.445762E-03
 0.103602E-03 0.178987E-04 0.223103E-04 0.461380E-03
 0.106263E-03 0.179705E-04 0.208385E-04 0.475286E-03
 0.107840E-03 0.180397E-04 0.196944E-04 0.483548E-03
 0.108919E-03 0.181322E-04 0.188341E-04 0.491856E-03
 0.110033E-03 0.181003E-04 0.182599E-04 0.499149E-03
 0.109593E-03 0.180298E-04 0.179376E-04 0.498479E-03
 0.107750E-03 0.179478E-04 0.179940E-04 0.490533E-03
 0.105652E-03 0.178016E-04 0.184433E-04 0.480860E-03
 0.102929E-03 0.175547E-04 0.190850E-04 0.467086E-03
 0.988546E-04 0.172082E-04 0.199465E-04 0.446868E-03
 0.946030E-04 0.169330E-04 0.208033E-04 0.423790E-03
 0.904538E-04 0.166736E-04 0.218012E-04 0.402663E-03
 0.872797E-04 0.164466E-04 0.225890E-04 0.384845E-03
 0.852462E-04 0.162513E-04 0.233325E-04 0.372496E-03
 0.838920E-04 0.160680E-04 0.237983E-04 0.367283E-03
 0.841644E-04 0.159068E-04 0.240818E-04 0.368575E-03
 0.851697E-04 0.158787E-04 0.241291E-04 0.372106E-03
 0.869916E-04 0.159559E-04 0.237506E-04 0.382494E-03
 0.899170E-04 0.163389E-04 0.231922E-04 0.396426E-03
 0.931348E-04 0.167293E-04 0.223613E-04 0.413334E-03
 0.962016E-04 0.170032E-04 0.211924E-04 0.429678E-03
 0.986869E-04 0.171323E-04 0.198847E-04 0.441671E-03
 0.100197E-03 0.171494E-04 0.187079E-04 0.451439E-03
 0.102115E-03 0.171084E-04 0.177980E-04 0.463044E-03
 0.103144E-03 0.170409E-04 0.171447E-04 0.469066E-03
 0.102685E-03 0.169561E-04 0.167614E-04 0.467044E-03
 0.101233E-03 0.167745E-04 0.168101E-04 0.461886E-03
 0.992964E-04 0.166054E-04 0.171860E-04 0.453123E-03
 0.966100E-04 0.163776E-04 0.177387E-04 0.438190E-03
 0.928376E-04 0.160527E-04 0.184970E-04 0.420280E-03
 0.887545E-04 0.157375E-04 0.194187E-04 0.398084E-03
 0.850499E-04 0.154428E-04 0.203080E-04 0.377709E-03
 0.820473E-04 0.152566E-04 0.211092E-04 0.361588E-03
 0.798637E-04 0.151647E-04 0.217890E-04 0.349992E-03
 0.784893E-04 0.151300E-04 0.223339E-04 0.343393E-03
 0.780823E-04 0.149993E-04 0.226137E-04 0.340979E-03
 0.787172E-04 0.150643E-04 0.226955E-04 0.344333E-03
 0.805191E-04 0.152318E-04 0.223725E-04 0.353014E-03
 0.832563E-04 0.155960E-04 0.219749E-04 0.368866E-03
 0.866648E-04 0.159366E-04 0.211283E-04 0.386497E-03
 0.896526E-04 0.161928E-04 0.201285E-04 0.400547E-03
 0.917549E-04 0.162725E-04 0.189481E-04 0.411504E-03
 0.939733E-04 0.162711E-04 0.177410E-04 0.424131E-03
 0.957721E-04 0.161397E-04 0.167882E-04 0.434547E-03
 0.964971E-04 0.159816E-04 0.160847E-04 0.438543E-03
 0.962104E-04 0.158214E-04 0.157573E-04 0.437757E-03
 0.949880E-04 0.156278E-04 0.157359E-04 0.433079E-03
 0.932426E-04 0.154438E-04 0.159862E-04 0.425332E-03
 0.904729E-04 0.152245E-04 0.164898E-04 0.412956E-03
 0.871037E-04 0.149304E-04 0.172119E-04 0.395466E-03
 0.836413E-04 0.146658E-04 0.180866E-04 0.375699E-03
 0.801800E-04 0.144341E-04 0.188530E-04 0.356523E-03
 0.770578E-04 0.143931E-04 0.196989E-04 0.340637E-03
 0.749778E-04 0.144135E-04 0.203529E-04 0.328301E-03
 0.731722E-04 0.143911E-04 0.208903E-04 0.320485E-03
 0.726574E-04 0.143109E-04 0.212165E-04 0.318084E-03
 0.731054E-04 0.142604E-04 0.212599E-04 0.319875E-03
 0.747645E-04 0.143658E-04 0.211168E-04 0.329830E-03
 0.776417E-04 0.145118E-04 0.206922E-04 0.344443E-03
 0.807753E-04 0.147409E-04 0.199249E-04 0.359566E-03
 0.833133E-04 0.148713E-04 0.190524E-04 0.371834E-03
 0.857507E-04 0.149847E-04 0.179771E-04 0.385004E-03
 0.879605E-04 0.149820E-04 0.167505E-04 0.397473E-03
 0.896951E-04 0.148173E-04 0.157762E-04 0.406109E-03
 0.903742E-04 0.146451E-04 0.151500E-04 0.409972E-03
 0.901312E-04 0.144822E-04 0.148190E-04 0.410279E-03
 0.892097E-04 0.143573E-04 0.147340E-04 0.406606E-03
 0.872866E-04 0.142628E-04 0.149079E-04 0.398783E-03
 0.848731E-04 0.141752E-04 0.153564E-04 0.387421E-03
 0.822646E-04 0.139540E-04 0.160151E-04 0.372902E-03
 0.786992E-04 0.138144E-04 0.167951E-04 0.353763E-03
 0.752066E-04 0.138214E-04 0.175152E-04 0.334630E-03
 0.723716E-04 0.137959E-04 0.183493E-04 0.320388E-03
 0.700905E-04 0.137897E-04 0.189750E-04 0.308828E-03
 0.686662E-04 0.137874E-04 0.195194E-04 0.300824E-03
 0.676058E-04 0.137064E-04 0.198221E-04 0.297195E-03
 0.680319E-04 0.136400E-04 0.199396E-04 0.299538E-03
 0.697990E-04 0.136436E-04 0.198511E-04 0.308951E-03
 0.723873E-04 0.137440E-04 0.193617E-04 0.320731E-03
 0.748971E-04 0.138867E-04 0.187710E-04 0.332937E-03
 0.773853E-04 0.139749E-04 0.179761E-04 0.346119E-03
 0.798440E-04 0.139948E-04 0.169360E-04 0.357442E-03
 0.818145E-04 0.139685E-04 0.157438E-04 0.368756E-03
 0.834819E-04 0.138674E-04 0.148279E-04 0.377535E-03
 0.840851E-04 0.137120E-04 0.142167E-04 0.381572E-03
 0.842206E-04 0.135438E-04 0.138411E-04 0.383207E-03
 0.833501E-04 0.135018E-04 0.136942E-04 0.378564E-03
 0.817698E-04 0.135398E-04 0.138329E-04 0.374001E-03
 0.798572E-04 0.135171E-04 0.142342E-04 0.365799E-03
 0.770827E-04 0.133649E-04 0.148503E-04 0.351376E-03
 0.735806E-04 0.132094E-04 0.155239E-04 0.333262E-03
 0.706891E-04 0.130941E-04 0.163033E-04 0.315785E-03
 0.679320E-04 0.130645E-04 0.170767E-04 0.301877E-03
 0.654667E-04 0.129981E-04 0.176664E-04 0.290173E-03
 0.637192E-04 0.128881E-04 0.181828E-04 0.280522E-03
 0.628796E-04 0.127630E-04 0.184846E-04 0.276592E-03
 0.632104E-04 0.127012E-04 0.186525E-04 0.278571E-03
 0.648375E-04 0.126689E-04 0.185463E-04 0.286122E-03
 0.671106E-04 0.126371E-04 0.181506E-04 0.296665E-03
 0.695138E-04 0.127637E-04 0.176744E-04 0.309449E-03
 0.721973E-04 0.128607E-04 0.168915E-04 0.321540E-03
 0.741094E-04 0.129337E-04 0.159175E-04 0.331425E-03
 0.762510E-04 0.129227E-04 0.148375E-04 0.342763E-03
 0.777358E-04 0.129469E-04 0.139695E-04 0.351030E-03
 0.787973E-04 0.129531E-04 0.133490E-04 0.358123E-03
 0.790574E-04 0.129589E-04 0.129097E-04 0.360096E-03
 0.780598E-04 0.129189E-04 0.127560E-04 0.356985E-03
 0.772002E-04 0.128789E-04 0.128967E-04 0.353624E-03
 0.755186E-04 0.128637E-04 0.132483E-04 0.345808E-03
 0.725376E-04 0.127389E-04 0.137932E-04 0.331579E-03
 0.696344E-04 0.125979E-04 0.144189E-04 0.316369E-03
 0.666754E-04 0.124653E-04 0.151769E-04 0.300019E-03
 0.640606E-04 0.123116E-04 0.158204E-04 0.285519E-03
 0.616529E-04 0.121935E-04 0.164617E-04 0.272719E-03
 0.599910E-04 0.120873E-04 0.169003E-04 0.263987E-03
 0.589306E-04 0.120080E-04 0.172622E-04 0.258265E-03
 0.591779E-04 0.118307E-04 0.174222E-04 0.260140E-03
 0.604872E-04 0.117156E-04 0.173085E-04 0.266747E-03
 0.624098E-04 0.117405E-04 0.170391E-04 0.276635E-03
 0.647032E-04 0.118305E-04 0.165842E-04 0.287400E-03
 0.668585E-04 0.119050E-04 0.158397E-04 0.298433E-03
 0.689092E-04 0.121263E-04 0.149611E-04 0.308198E-03
 0.709130E-04 0.122716E-04 0.139586E-04 0.318612E-03
 0.725028E-04 0.122779E-04 0.130906E-04 0.328636E-03
 0.734996E-04 0.122677E-04 0.124327E-04 0.334087E-03
 0.735193E-04 0.122201E-04 0.120069E-04 0.335129E-03
 0.730789E-04 0.122103E-04 0.118825E-04 0.334538E-03
 0.723570E-04 0.121809E-04 0.119705E-04 0.332286E-03
 0.704279E-04 0.121362E-04 0.122546E-04 0.323065E-03
 0.679708E-04 0.119781E-04 0.127162E-04 0.310460E-03
 0.651190E-04 0.117997E-04 0.133785E-04 0.295561E-03
 0.623722E-04 0.115884E-04 0.140718E-04 0.280317E-03
 0.598247E-04 0.114273E-04 0.146601E-04 0.267219E-03
 0.574632E-04 0.113062E-04 0.152785E-04 0.254312E-03
 0.558826E-04 0.111664E-04 0.156794E-04 0.245783E-03
 0.549702E-04 0.110217E-04 0.160469E-04 0.240132E-03
 0.546753E-04 0.109324E-04 0.161483E-04 0.239849E-03
 0.558717E-04 0.109549E-04 0.161367E-04 0.246678E-03
 0.576015E-04 0.110356E-04 0.159287E-04 0.254618E-03
 0.597297E-04 0.111765E-04 0.154621E-04 0.265730E-03
 0.618018E-04 0.113855E-04 0.147996E-04 0.275298E-03
 0.635284E-04 0.115615E-04 0.140160E-04 0.284649E-03
 0.655580E-04 0.116533E-04 0.131017E-04 0.296408E-03
 0.674820E-04 0.116491E-04 0.122163E-04 0.305661E-03
 0.682053E-04 0.115846E-04 0.115788E-04 0.310182E-03
 0.683245E-04 0.115094E-04 0.111989E-04 0.311531E-03
 0.682326E-04 0.114481E-04 0.110369E-04 0.312336E-03
 0.674013E-04 0.113933E-04 0.110699E-04 0.308799E-03
 0.655320E-04 0.112819E-04 0.112913E-04 0.300996E-03
 0.632640E-04 0.111257E-04 0.117666E-04 0.289671E-03
 0.607827E-04 0.109374E-04 0.123654E-04 0.274750E-03
 0.583148E-04 0.107212E-04 0.129546E-04 0.261789E-03
 0.558732E-04 0.105854E-04 0.135512E-04 0.248819E-03
 0.535498E-04 0.104850E-04 0.141033E-04 0.236992E-03
 0.517921E-04 0.103547E-04 0.145492E-04 0.227652E-03
 0.507500E-04 0.103336E-04 0.148836E-04 0.222726E-03
 0.507394E-04 0.103207E-04 0.150228E-04 0.222763E-03
 0.516458E-04 0.103163E-04 0.150505E-04 0.228011E-03
 0.533197E-04 0.103589E-04 0.148414E-04 0.236822E-03
 0.552326E-04 0.104823E-04 0.144021E-04 0.245301E-03
 0.569344E-04 0.106058E-04 0.138696E-04 0.254496E-03
 0.588208E-04 0.107917E-04 0.131341E-04 0.265289E-03
 0.611196E-04 0.108913E-04 0.122350E-04 0.276377E-03
 0.626314E-04 0.108879E-04 0.113804E-04 0.283945E-03
 0.634423E-04 0.108399E-04 0.108423E-04 0.288500E-03
 0.638105E-04 0.107235E-04 0.104696E-04 0.290861E-03
 0.635629E-04 0.106457E-04 0.102427E-04 0.290991E-03
 0.627552E-04 0.105965E-04 0.102110E-04 0.287323E-03
 0.610397E-04 0.104990E-04 0.104510E-04 0.279604E-03
 0.589765E-04 0.103705E-04 0.108908E-04 0.269159E-03
 0.566809E-04 0.101973E-04 0.114133E-04 0.257573E-03
 0.544109E-04 0.101583E-04 0.119502E-04 0.245627E-03
 0.521529E-04 0.101235E-04 0.125457E-04 0.233561E-03
 0.502682E-04 0.100163E-04 0.130142E-04 0.222905E-03
 0.481951E-04 0.990242E-05 0.134823E-04 0.212650E-03
 0.470320E-04 0.985392E-05 0.137422E-04 0.206678E-03
 0.469721E-04 0.981436E-05 0.139701E-04 0.207328E-03
 0.478109E-04 0.974046E-05 0.139646E-04 0.212226E-03
 0.494283E-04 0.972341E-05 0.137973E-04 0.219884E-03
 0.509211E-04 0.976910E-05 0.134383E-04 0.227193E-03
 0.524840E-04 0.993815E-05 0.129672E-04 0.235601E-03
 0.546476E-04 0.100576E-04 0.122415E-04 0.246212E-03
 0.564835E-04 0.101211E-04 0.113905E-04 0.254489E-03
 0.579709E-04 0.100935E-04 0.106129E-04 0.262478E-03
 0.589831E-04 0.100286E-04 0.101007E-04 0.267838E-03
 0.592346E-04 0.995477E-05 0.971128E-05 0.269102E-03
 0.589948E-04 0.984644E-05 0.945768E-05 0.269562E-03
 0.581542E-04 0.979558E-05 0.946444E-05 0.266295E-03
 0.568032E-04 0.974950E-05 0.967497E-05 0.260413E-03
 0.549716E-04 0.976350E-05 0.100458E-04 0.252026E-03
 0.527033E-04 0.972043E-05 0.104946E-04 0.240604E-03
 0.509139E-04 0.967613E-05 0.110300E-04 0.229976E-03
 0.488248E-04 0.962481E-05 0.115656E-04 0.219370E-03
 0.468429E-04 0.955750E-05 0.120306E-04 0.209315E-03
 0.448787E-04 0.942894E-05 0.124303E-04 0.199490E-03
 0.437886E-04 0.933484E-05 0.127352E-04 0.193839E-03
 0.439928E-04 0.930693E-05 0.129450E-04 0.194144E-03
 0.443214E-04 0.922575E-05 0.129369E-04 0.196548E-03
 0.456390E-04 0.916692E-05 0.127832E-04 0.203565E-03
 0.471655E-04 0.922211E-05 0.125093E-04 0.210665E-03
 0.489740E-04 0.930769E-05 0.120259E-04 0.219509E-03
 0.507776E-04 0.938927E-05 0.113662E-04 0.227814E-03
 0.521754E-04 0.938514E-05 0.106207E-04 0.235199E-03
 0.537777E-04 0.934464E-05 0.992772E-05 0.243263E-03
 0.546137E-04 0.930783E-05 0.939041E-05 0.247435E-03
 0.550306E-04 0.932014E-05 0.896326E-05 0.249967E-03
 0.547266E-04 0.932928E-05 0.875580E-05 0.249595E-03
 0.540584E-04 0.929064E-05 0.874224E-05 0.247460E-03
 0.533228E-04 0.926068E-05 0.890116E-05 0.244164E-03
 0.515870E-04 0.926435E-05 0.918752E-05 0.236361E-03
 0.496627E-04 0.923035E-05 0.964552E-05 0.227018E-03
 0.479797E-04 0.918860E-05 0.101427E-04 0.218612E-03
 0.457859E-04 0.902922E-05 0.106289E-04 0.206787E-03
 0.440148E-04 0.888546E-05 0.110741E-04 0.196637E-03
 0.419584E-04 0.882666E-05 0.114708E-04 0.187084E-03
 0.407816E-04 0.879620E-05 0.117592E-04 0.181096E-03
 0.407209E-04 0.872800E-05 0.119369E-04 0.180485E-03
 0.410577E-04 0.858954E-05 0.119734E-04 0.182383E-03
 0.421886E-04 0.852544E-05 0.118564E-04 0.187968E-03
 0.437170E-04 0.853378E-05 0.116310E-04 0.194636E-03
 0.451105E-04 0.854385E-05 0.111501E-04 0.201512E-03
 0.468512E-04 0.857878E-05 0.105724E-04 0.210639E-03
 0.484911E-04 0.869085E-05 0.992053E-05 0.218380E-03
 0.498239E-04 0.877173E-05 0.923391E-05 0.225475E-03
 0.506889E-04 0.880229E-05 0.868620E-05 0.229987E-03
 0.508173E-04 0.878163E-05 0.832623E-05 0.231011E-03
 0.510195E-04 0.885613E-05 0.812443E-05 0.233177E-03
 0.507713E-04 0.887026E-05 0.809149E-05 0.232691E-03
 0.497346E-04 0.885930E-05 0.821429E-05 0.228555E-03
 0.482418E-04 0.884033E-05 0.848156E-05 0.221092E-03
 0.466558E-04 0.875448E-05 0.888042E-05 0.212884E-03
 0.449733E-04 0.859371E-05 0.931723E-05 0.203454E-03
 0.429469E-04 0.846180E-05 0.973104E-05 0.193851E-03
 0.409128E-04 0.836036E-05 0.101673E-04 0.183457E-03
 0.393493E-04 0.826173E-05 0.105569E-04 0.175576E-03
 0.382490E-04 0.811168E-05 0.108700E-04 0.169156E-03
 0.379866E-04 0.797216E-05 0.110043E-04 0.167848E-03
 0.381472E-04 0.791859E-05 0.110606E-04 0.169028E-03
 0.387624E-04 0.780138E-05 0.109781E-04 0.172420E-03
 0.402232E-04 0.778625E-05 0.107577E-04 0.178789E-03
 0.413683E-04 0.790200E-05 0.103498E-04 0.184674E-03
 0.431608E-04 0.807480E-05 0.988822E-05 0.193603E-03
 0.445569E-04 0.822713E-05 0.925250E-05 0.201103E-03
 0.458629E-04 0.830255E-05 0.857330E-05 0.207954E-03
 0.466555E-04 0.830596E-05 0.806713E-05 0.211424E-03
 0.469113E-04 0.835019E-05 0.773089E-05 0.214163E-03
 0.473597E-04 0.836566E-05 0.752628E-05 0.217239E-03
 0.469701E-04 0.834019E-05 0.743916E-05 0.215568E-03
 0.459833E-04 0.828954E-05 0.751795E-05 0.211073E-03
 0.447067E-04 0.823431E-05 0.778083E-05 0.205292E-03
 0.432778E-04 0.816051E-05 0.813193E-05 0.197980E-03
 0.417394E-04 0.804672E-05 0.853395E-05 0.189627E-03
 0.397923E-04 0.788227E-05 0.893375E-05 0.179612E-03
 0.380126E-04 0.767309E-05 0.935990E-05 0.169991E-03
 0.364456E-04 0.752562E-05 0.969403E-05 0.161923E-03
 0.354300E-04 0.744130E-05 0.998304E-05 0.156658E-03
 0.350375E-04 0.741425E-05 0.101350E-04 0.154947E-03
 0.351667E-04 0.734409E-05 0.102310E-04 0.155626E-03
 0.358182E-04 0.723188E-05 0.101403E-04 0.159093E-03
 0.368061E-04 0.733790E-05 0.992778E-05 0.163982E-03
 0.380531E-04 0.747371E-05 0.958688E-05 0.169295E-03
 0.396425E-04 0.761131E-05 0.918916E-05 0.178575E-03
 0.412462E-04 0.771683E-05 0.859402E-05 0.186210E-03
 0.423317E-04 0.778152E-05 0.797626E-05 0.191527E-03
 0.430031E-04 0.783602E-05 0.750966E-05 0.195745E-03
 0.436146E-04 0.785760E-05 0.717892E-05 0.199620E-03
 0.439999E-04 0.781397E-05 0.695442E-05 0.201310E-03
 0.434848E-04 0.776096E-05 0.687349E-05 0.199209E-03
 0.426686E-04 0.768461E-05 0.696249E-05 0.195920E-03
 0.414858E-04 0.762015E-05 0.718128E-05 0.189964E-03
 0.401202E-04 0.752390E-05 0.745812E-05 0.183191E-03
 0.386451E-04 0.738160E-05 0.781307E-05 0.175662E-03
 0.368640E-04 0.722423E-05 0.819064E-05 0.166031E-03
 0.354656E-04 0.708280E-05 0.856991E-05 0.158384E-03
 0.339700E-04 0.700234E-05 0.887350E-05 0.151075E-03
 0.329327E-04 0.695205E-05 0.914732E-05 0.146443E-03
 0.324875E-04 0.693404E-05 0.934692E-05 0.144138E-03
 0.325577E-04 0.689768E-05 0.940477E-05 0.144594E-03
 0.331529E-04 0.685736E-05 0.935123E-05 0.147592E-03
 0.337926E-04 0.689444E-05 0.916278E-05 0.151142E-03
 0.350855E-04 0.698416E-05 0.890610E-05 0.157719E-03
 0.366712E-04 0.708783E-05 0.848950E-05 0.165038E-03
 0.379296E-04 0.718229E-05 0.796788E-05 0.171321E-03
 0.388844E-04 0.723999E-05 0.742636E-05 0.176403E-03
 0.397307E-04 0.725099E-05 0.700256E-05 0.180887E-03
 0.402494E-04 0.725549E-05 0.663710E-05 0.183595E-03
 0.404813E-04 0.719768E-05 0.642090E-05 0.184827E-03
 0.402454E-04 0.714103E-05 0.635521E-05 0.184163E-03
 0.395287E-04 0.707376E-05 0.642203E-05 0.180935E-03
 0.384760E-04 0.701075E-05 0.658897E-05 0.175849E-03
 0.371817E-04 0.693536E-05 0.682688E-05 0.169140E-03
 0.358033E-04 0.690106E-05 0.713119E-05 0.162385E-03
 0.344429E-04 0.682504E-05 0.749098E-05 0.155342E-03
 0.330191E-04 0.673903E-05 0.781658E-05 0.148016E-03
 0.316347E-04 0.666685E-05 0.813028E-05 0.140828E-03
 0.306964E-04 0.658865E-05 0.837740E-05 0.136646E-03
 0.302386E-04 0.655379E-05 0.857052E-05 0.134585E-03
 0.299882E-04 0.649495E-05 0.863548E-05 0.133786E-03
 0.304531E-04 0.642062E-05 0.859966E-05 0.136019E-03
 0.311430E-04 0.647787E-05 0.847570E-05 0.139976E-03
 0.324561E-04 0.651750E-05 0.825044E-05 0.145789E-03
 0.336489E-04 0.659461E-05 0.783136E-05 0.151581E-03
 0.347640E-04 0.664642E-05 0.740738E-05 0.156704E-03
 0.358321E-04 0.667407E-05 0.692725E-05 0.162019E-03
 0.367291E-04 0.671668E-05 0.649671E-05 0.166017E-03
 0.370999E-04 0.673102E-05 0.617230E-05 0.168924E-03
 0.374230E-04 0.669920E-05 0.595481E-05 0.170920E-03
 0.373255E-04 0.666155E-05 0.589688E-05 0.170184E-03
 0.367847E-04 0.658352E-05 0.592570E-05 0.168257E-03
 0.357446E-04 0.658633E-05 0.605257E-05 0.163903E-03
 0.347560E-04 0.660282E-05 0.628754E-05 0.159118E-03
 0.337413E-04 0.657521E-05 0.656021E-05 0.153815E-03
 0.324846E-04 0.647138E-05 0.687004E-05 0.146680E-03
 0.310458E-04 0.638443E-05 0.713435E-05 0.139877E-03
 0.298699E-04 0.635460E-05 0.745928E-05 0.133622E-03
 0.289672E-04 0.630150E-05 0.768918E-05 0.128978E-03
 0.283488E-04 0.618724E-05 0.786974E-05 0.127024E-03
 0.280856E-04 0.607858E-05 0.794084E-05 0.125828E-03
 0.283295E-04 0.605279E-05 0.792837E-05 0.126777E-03
 0.289883E-04 0.607093E-05 0.784328E-05 0.130313E-03
 0.301137E-04 0.609364E-05 0.762427E-05 0.135389E-03
 0.311060E-04 0.615466E-05 0.729135E-05 0.139947E-03
 0.323495E-04 0.619701E-05 0.692670E-05 0.145804E-03
 0.332747E-04 0.621373E-05 0.645050E-05 0.150045E-03
 0.338836E-04 0.624554E-05 0.603479E-05 0.153005E-03
 0.345222E-04 0.628186E-05 0.574754E-05 0.156629E-03
 0.346534E-04 0.629743E-05 0.555965E-05 0.157887E-03
 0.346611E-04 0.630110E-05 0.546348E-05 0.158688E-03
 0.343134E-04 0.631196E-05 0.545319E-05 0.156661E-03
 0.333063E-04 0.629584E-05 0.556802E-05 0.152878E-03
 0.326774E-04 0.625803E-05 0.576333E-05 0.150010E-03
 0.316732E-04 0.623869E-05 0.599714E-05 0.144783E-03
 0.303835E-04 0.616731E-05 0.625811E-05 0.137610E-03
 0.291232E-04 0.608444E-05 0.653221E-05 0.131117E-03
 0.280471E-04 0.598558E-05 0.682560E-05 0.125560E-03
 0.272083E-04 0.587602E-05 0.702722E-05 0.121636E-03
 0.265261E-04 0.576891E-05 0.720451E-05 0.118593E-03
 0.261482E-04 0.567286E-05 0.727499E-05 0.116965E-03
 0.262603E-04 0.559327E-05 0.728703E-05 0.117463E-03
 0.267548E-04 0.555179E-05 0.721201E-05 0.119871E-03
 0.275956E-04 0.554983E-05 0.701525E-05 0.123614E-03
 0.287387E-04 0.560920E-05 0.676560E-05 0.129104E-03
 0.297244E-04 0.570531E-05 0.640996E-05 0.133820E-03
 0.304103E-04 0.574835E-05 0.595492E-05 0.137209E-03
 0.309408E-04 0.581960E-05 0.559426E-05 0.140022E-03
 0.314667E-04 0.588496E-05 0.531564E-05 0.142918E-03
 0.318347E-04 0.592366E-05 0.513229E-05 0.145417E-03
 0.319348E-04 0.592326E-05 0.502860E-05 0.145855E-03
 0.315089E-04 0.594038E-05 0.504133E-05 0.144779E-03
 0.308051E-04 0.594856E-05 0.511339E-05 0.141841E-03
 0.303162E-04 0.590456E-05 0.528184E-05 0.138807E-03
 0.294489E-04 0.583228E-05 0.548042E-05 0.133804E-03
 0.282601E-04 0.575557E-05 0.570045E-05 0.127648E-03
 0.271330E-04 0.566459E-05 0.598809E-05 0.121886E-03
 0.261493E-04 0.554805E-05 0.620309E-05 0.117144E-03
 0.253154E-04 0.541074E-05 0.642891E-05 0.112784E-03
 0.247164E-04 0.529082E-05 0.657409E-05 0.110186E-03
 0.243471E-04 0.516743E-05 0.667184E-05 0.108447E-03
 0.242145E-04 0.507919E-05 0.670162E-05 0.107541E-03
 0.246996E-04 0.509638E-05 0.661718E-05 0.110434E-03
 0.252104E-04 0.515044E-05 0.649173E-05 0.113230E-03
 0.262523E-04 0.526755E-05 0.629067E-05 0.117880E-03
 0.270249E-04 0.537416E-05 0.596673E-05 0.121940E-03
 0.278332E-04 0.543538E-05 0.557776E-05 0.125684E-03
 0.284062E-04 0.554371E-05 0.525911E-05 0.129388E-03
 0.290031E-04 0.561380E-05 0.499732E-05 0.132349E-03
 0.295889E-04 0.561509E-05 0.479443E-05 0.135315E-03
 0.294335E-04 0.561933E-05 0.468702E-05 0.135400E-03
 0.292538E-04 0.563221E-05 0.467217E-05 0.134082E-03
 0.290322E-04 0.559185E-05 0.472768E-05 0.132947E-03
 0.283349E-04 0.556596E-05 0.484705E-05 0.129792E-03
 0.273786E-04 0.552851E-05 0.501333E-05 0.125364E-03
 0.264382E-04 0.548434E-05 0.526374E-05 0.120647E-03
 0.254078E-04 0.541064E-05 0.551296E-05 0.114971E-03
 0.246086E-04 0.528139E-05 0.568358E-05 0.110592E-03
 0.239067E-04 0.519302E-05 0.590009E-05 0.106982E-03
 0.232947E-04 0.511690E-05 0.603341E-05 0.104200E-03
 0.227773E-04 0.504287E-05 0.614372E-05 0.102465E-03
 0.228637E-04 0.508267E-05 0.614993E-05 0.102928E-03
 0.232627E-04 0.513223E-05 0.610759E-05 0.104647E-03
 0.239980E-04 0.521914E-05 0.599022E-05 0.108269E-03
 0.246377E-04 0.527129E-05 0.579681E-05 0.111213E-03
 0.252672E-04 0.528735E-05 0.550868E-05 0.114113E-03
 0.257905E-04 0.531969E-05 0.519906E-05 0.117330E-03
 0.264525E-04 0.539469E-05 0.488680E-05 0.120830E-03
 0.271758E-04 0.541402E-05 0.463862E-05 0.124301E-03
 0.273714E-04 0.539075E-05 0.444954E-05 0.125097E-03
 0.274116E-04 0.534575E-05 0.436652E-05 0.125105E-03
 0.272793E-04 0.529344E-05 0.433379E-05 0.124556E-03
 0.268164E-04 0.525166E-05 0.436025E-05 0.123107E-03
 0.262511E-04 0.522017E-05 0.445120E-05 0.120522E-03
 0.254594E-04 0.514144E-05 0.461280E-05 0.116835E-03
 0.247672E-04 0.501665E-05 0.479980E-05 0.112315E-03
 0.239144E-04 0.489786E-05 0.499369E-05 0.108092E-03
 0.229236E-04 0.484535E-05 0.520315E-05 0.103333E-03
 0.222548E-04 0.481171E-05 0.539022E-05 0.100809E-03
 0.215623E-04 0.474397E-05 0.552169E-05 0.974286E-04
 0.213841E-04 0.466977E-05 0.561096E-05 0.959191E-04
 0.210455E-04 0.471480E-05 0.561573E-05 0.945416E-04
 0.212771E-04 0.476552E-05 0.564655E-05 0.955231E-04
 0.217600E-04 0.476552E-05 0.555653E-05 0.978419E-04
 0.224507E-04 0.477585E-05 0.540425E-05 0.101326E-03
 0.230922E-04 0.485525E-05 0.515420E-05 0.104633E-03
 0.237447E-04 0.492577E-05 0.488219E-05 0.107817E-03
 0.243864E-04 0.490743E-05 0.460055E-05 0.110889E-03
 0.249577E-04 0.484068E-05 0.434588E-05 0.113215E-03
 0.253060E-04 0.481995E-05 0.419044E-05 0.114938E-03
 0.253852E-04 0.483767E-05 0.410140E-05 0.116086E-03
 0.252666E-04 0.485909E-05 0.406049E-05 0.115432E-03
 0.250179E-04 0.484929E-05 0.405341E-05 0.114655E-03
 0.246083E-04 0.476999E-05 0.413996E-05 0.112697E-03
 0.238967E-04 0.474341E-05 0.426558E-05 0.109410E-03
 0.230982E-04 0.479270E-05 0.442915E-05 0.106203E-03
 0.223318E-04 0.480671E-05 0.459059E-05 0.102336E-03
 0.216484E-04 0.473506E-05 0.479209E-05 0.989898E-04
 0.211468E-04 0.463762E-05 0.493092E-05 0.957573E-04
 0.206702E-04 0.463584E-05 0.505881E-05 0.936256E-04
 0.198981E-04 0.458607E-05 0.514460E-05 0.905951E-04
 0.199868E-04 0.458154E-05 0.521638E-05 0.905997E-04
 0.201508E-04 0.458276E-05 0.521591E-05 0.909889E-04
 0.207720E-04 0.459505E-05 0.513376E-05 0.936382E-04
 0.211790E-04 0.462822E-05 0.498091E-05 0.959203E-04
 0.215446E-04 0.458574E-05 0.480705E-05 0.977443E-04
 0.222040E-04 0.456227E-05 0.456355E-05 0.100576E-03
 0.225797E-04 0.456932E-05 0.427547E-05 0.102416E-03
 0.230836E-04 0.460432E-05 0.408117E-05 0.105391E-03
 0.234247E-04 0.458886E-05 0.393291E-05 0.107124E-03
 0.234883E-04 0.449847E-05 0.382765E-05 0.107057E-03
 0.234301E-04 0.444467E-05 0.375699E-05 0.106776E-03
 0.229804E-04 0.446900E-05 0.376404E-05 0.105237E-03
 0.226855E-04 0.449966E-05 0.380926E-05 0.104508E-03
 0.222668E-04 0.447658E-05 0.390564E-05 0.102339E-03
 0.215346E-04 0.441401E-05 0.402716E-05 0.984331E-04
 0.209186E-04 0.433693E-05 0.419423E-05 0.952028E-04
 0.203165E-04 0.430753E-05 0.437361E-05 0.926556E-04
 0.197358E-04 0.427343E-05 0.451289E-05 0.899420E-04
 0.191594E-04 0.419837E-05 0.464815E-05 0.869425E-04
 0.186212E-04 0.409113E-05 0.473312E-05 0.840050E-04
 0.184955E-04 0.408279E-05 0.479943E-05 0.831911E-04
 0.186743E-04 0.410550E-05 0.478981E-05 0.838236E-04
 0.189022E-04 0.409299E-05 0.474158E-05 0.850335E-04
 0.192747E-04 0.408696E-05 0.464504E-05 0.870975E-04
 0.198425E-04 0.410620E-05 0.449360E-05 0.893083E-04
 0.203328E-04 0.416271E-05 0.424217E-05 0.918624E-04
 0.207267E-04 0.416821E-05 0.401011E-05 0.942065E-04
 0.212791E-04 0.416559E-05 0.384806E-05 0.963530E-04
 0.215663E-04 0.417195E-05 0.369565E-05 0.981977E-04
 0.215857E-04 0.421877E-05 0.355528E-05 0.985685E-04
 0.214873E-04 0.427432E-05 0.349314E-05 0.984893E-04
 0.214457E-04 0.429992E-05 0.349302E-05 0.985364E-04
 0.213761E-04 0.425750E-05 0.352902E-05 0.977925E-04
 0.208904E-04 0.423055E-05 0.359867E-05 0.955885E-04
 0.201537E-04 0.422973E-05 0.370678E-05 0.927303E-04
 0.197307E-04 0.424247E-05 0.386533E-05 0.905309E-04
 0.191803E-04 0.417526E-05 0.400976E-05 0.874671E-04
 0.185839E-04 0.406382E-05 0.413865E-05 0.843746E-04
 0.180554E-04 0.396744E-05 0.424839E-05 0.817172E-04
 0.174587E-04 0.390443E-05 0.432700E-05 0.791494E-04
 0.171978E-04 0.382163E-05 0.440203E-05 0.778591E-04
 0.173977E-04 0.379739E-05 0.440838E-05 0.789909E-04
 0.176478E-04 0.376965E-05 0.439035E-05 0.800390E-04
 0.180240E-04 0.378441E-05 0.431387E-05 0.811903E-04
 0.182961E-04 0.379124E-05 0.418086E-05 0.821867E-04
 0.186632E-04 0.382126E-05 0.396150E-05 0.841347E-04
 0.191309E-04 0.388367E-05 0.375370E-05 0.863410E-04
 0.195159E-04 0.393301E-05 0.356695E-05 0.887711E-04
 0.198790E-04 0.396655E-05 0.340429E-05 0.907662E-04
 0.198248E-04 0.395588E-05 0.331579E-05 0.904849E-04
 0.197803E-04 0.395198E-05 0.326191E-05 0.907042E-04
 0.198633E-04 0.392370E-05 0.323437E-05 0.912345E-04
 0.196645E-04 0.392139E-05 0.324075E-05 0.905768E-04
 0.191971E-04 0.392142E-05 0.329711E-05 0.882993E-04
 0.186298E-04 0.388646E-05 0.340820E-05 0.857257E-04
 0.182088E-04 0.382845E-05 0.353028E-05 0.831418E-04
 0.177114E-04 0.373551E-05 0.363545E-05 0.801079E-04
 0.171424E-04 0.364453E-05 0.375801E-05 0.773024E-04
 0.166499E-04 0.360553E-05 0.385620E-05 0.751787E-04
 0.161468E-04 0.354044E-05 0.395955E-05 0.727349E-04
 0.159292E-04 0.345757E-05 0.403078E-05 0.717809E-04
 0.159734E-04 0.344071E-05 0.406234E-05 0.721196E-04
 0.161801E-04 0.346750E-05 0.405150E-05 0.728221E-04
 0.164993E-04 0.347111E-05 0.398039E-05 0.743201E-04
 0.167426E-04 0.354365E-05 0.387062E-05 0.751764E-04
 0.171211E-04 0.361887E-05 0.370522E-05 0.773804E-04
 0.176592E-04 0.366264E-05 0.355867E-05 0.801710E-04
 0.180337E-04 0.369055E-05 0.337477E-05 0.821328E-04
 0.184245E-04 0.371730E-05 0.323132E-05 0.839958E-04
 0.183640E-04 0.375131E-05 0.311497E-05 0.841428E-04
 0.184458E-04 0.374952E-05 0.304338E-05 0.850393E-04
 0.185819E-04 0.373353E-05 0.301839E-05 0.857544E-04
 0.182548E-04 0.372571E-05 0.302849E-05 0.843172E-04
 0.179045E-04 0.370969E-05 0.308328E-05 0.824829E-04
 0.175617E-04 0.367151E-05 0.315460E-05 0.808724E-04
 0.171336E-04 0.361437E-05 0.322591E-05 0.786500E-04
 0.166296E-04 0.356553E-05 0.334303E-05 0.761786E-04
 0.160401E-04 0.351388E-05 0.348289E-05 0.730827E-04
 0.155310E-04 0.345594E-05 0.356833E-05 0.703874E-04
 0.151397E-04 0.340866E-05 0.365262E-05 0.688274E-04
 0.150105E-04 0.336675E-05 0.370111E-05 0.681627E-04
 0.150656E-04 0.335755E-05 0.374894E-05 0.685301E-04
 0.153396E-04 0.339406E-05 0.374904E-05 0.697468E-04
 0.153804E-04 0.340112E-05 0.370945E-05 0.695712E-04
 0.155841E-04 0.344240E-05 0.360281E-05 0.708477E-04
 0.159349E-04 0.348872E-05 0.347585E-05 0.724582E-04
 0.163370E-04 0.350663E-05 0.330823E-05 0.744579E-04
 0.167506E-04 0.353262E-05 0.314439E-05 0.764793E-04
 0.168963E-04 0.353845E-05 0.303966E-05 0.773402E-04
 0.171476E-04 0.357825E-05 0.293777E-05 0.785180E-04
 0.172753E-04 0.357749E-05 0.285116E-05 0.793296E-04
 0.172103E-04 0.354027E-05 0.281023E-05 0.789186E-04
 0.170335E-04 0.351365E-05 0.279956E-05 0.781277E-04
 0.167568E-04 0.349932E-05 0.285901E-05 0.772794E-04
 0.164246E-04 0.346531E-05 0.292136E-05 0.755908E-04
 0.159959E-04 0.344783E-05 0.299713E-05 0.738345E-04
 0.155564E-04 0.343204E-05 0.307671E-05 0.718200E-04
 0.152598E-04 0.337433E-05 0.316091E-05 0.697698E-04
 0.146968E-04 0.337576E-05 0.325335E-05 0.673822E-04
 0.142499E-04 0.336066E-05 0.335092E-05 0.652964E-04
 0.140807E-04 0.336473E-05 0.342133E-05 0.648384E-04
 0.140596E-04 0.336761E-05 0.345754E-05 0.647867E-04
 0.141378E-04 0.335685E-05 0.343564E-05 0.649406E-04
 0.142770E-04 0.336516E-05 0.340347E-05 0.653550E-04
 0.144101E-04 0.336086E-05 0.333610E-05 0.661436E-04
 0.148867E-04 0.334536E-05 0.324747E-05 0.679171E-04
 0.152894E-04 0.337109E-05 0.311287E-05 0.700522E-04
 0.154948E-04 0.337797E-05 0.297682E-05 0.709016E-04
 0.158256E-04 0.339135E-05 0.285676E-05 0.725443E-04
 0.160227E-04 0.337208E-05 0.274522E-05 0.733077E-04
 0.159931E-04 0.332397E-05 0.265228E-05 0.732767E-04
 0.159988E-04 0.326027E-05 0.261143E-05 0.733237E-04
 0.158251E-04 0.323441E-05 0.261062E-05 0.726889E-04
 0.157175E-04 0.322928E-05 0.262025E-05 0.725500E-04
 0.154041E-04 0.322743E-05 0.266353E-05 0.709143E-04
 0.149480E-04 0.323236E-05 0.272893E-05 0.691430E-04
 0.146785E-04 0.319055E-05 0.279685E-05 0.677495E-04
 0.142755E-04 0.316045E-05 0.288476E-05 0.656580E-04
 0.137984E-04 0.314125E-05 0.297928E-05 0.635424E-04
 0.135075E-04 0.315062E-05 0.307002E-05 0.619813E-04
 0.132288E-04 0.311791E-05 0.313076E-05 0.608288E-04
 0.130796E-04 0.304242E-05 0.317174E-05 0.600333E-04
 0.129901E-04 0.303636E-05 0.318298E-05 0.593985E-04
 0.129256E-04 0.302874E-05 0.317080E-05 0.592068E-04
 0.132180E-04 0.302484E-05 0.314475E-05 0.605774E-04
 0.136059E-04 0.304705E-05 0.306214E-05 0.618079E-04
 0.139110E-04 0.307185E-05 0.293572E-05 0.632015E-04
 0.143269E-04 0.309874E-05 0.282679E-05 0.650565E-04
 0.144381E-04 0.306440E-05 0.270974E-05 0.655558E-04
 0.146526E-04 0.302994E-05 0.260219E-05 0.665867E-04
 0.148502E-04 0.305420E-05 0.251083E-05 0.680135E-04
 0.148816E-04 0.310854E-05 0.246768E-05 0.686127E-04
 0.149634E-04 0.313135E-05 0.243584E-05 0.691568E-04
 0.147384E-04 0.313174E-05 0.244717E-05 0.681409E-04
 0.145088E-04 0.314327E-05 0.248839E-05 0.671709E-04
 0.142576E-04 0.314141E-05 0.253771E-05 0.662618E-04
 0.141001E-04 0.315555E-05 0.260109E-05 0.653217E-04
 0.136589E-04 0.316876E-05 0.265655E-05 0.635183E-04
 0.131900E-04 0.312502E-05 0.274880E-05 0.611593E-04
 0.129145E-04 0.305093E-05 0.283424E-05 0.599185E-04
 0.125549E-04 0.302298E-05 0.289270E-05 0.580830E-04
 0.123632E-04 0.297693E-05 0.295702E-05 0.573483E-04
 0.122948E-04 0.294912E-05 0.298309E-05 0.565069E-04
 0.121946E-04 0.293005E-05 0.298061E-05 0.560075E-04
 0.123954E-04 0.289916E-05 0.295886E-05 0.567675E-04
 0.126547E-04 0.290373E-05 0.288057E-05 0.577271E-04
 0.128823E-04 0.291002E-05 0.278750E-05 0.589496E-04
 0.133010E-04 0.291740E-05 0.269070E-05 0.607518E-04
 0.133851E-04 0.292419E-05 0.256323E-05 0.609631E-04
 0.135896E-04 0.292584E-05 0.245051E-05 0.620926E-04
 0.137887E-04 0.297812E-05 0.238641E-05 0.632210E-04
 0.138417E-04 0.298785E-05 0.232416E-05 0.638960E-04
 0.140288E-04 0.296329E-05 0.227432E-05 0.648131E-04
 0.138648E-04 0.298186E-05 0.228784E-05 0.644929E-04
 0.136763E-04 0.296385E-05 0.230893E-05 0.635596E-04
 0.134593E-04 0.293273E-05 0.232578E-05 0.628204E-04
 0.131624E-04 0.293352E-05 0.238500E-05 0.613924E-04
 0.126758E-04 0.292064E-05 0.243385E-05 0.590748E-04
 0.122970E-04 0.290820E-05 0.253341E-05 0.570166E-04
 0.120498E-04 0.290535E-05 0.259713E-05 0.556953E-04
 0.117591E-04 0.286817E-05 0.266734E-05 0.543041E-04
 0.115655E-04 0.284264E-05 0.271014E-05 0.537519E-04
 0.114970E-04 0.278973E-05 0.273520E-05 0.530494E-04
 0.114802E-04 0.276930E-05 0.275007E-05 0.526981E-04
 0.115518E-04 0.278056E-05 0.273928E-05 0.531871E-04
 0.117848E-04 0.281437E-05 0.267810E-05 0.539069E-04
 0.121661E-04 0.288154E-05 0.258371E-05 0.556230E-04
 0.123806E-04 0.293147E-05 0.247700E-05 0.570062E-04
 0.124696E-04 0.291992E-05 0.237040E-05 0.574815E-04
 0.126732E-04 0.291995E-05 0.228106E-05 0.586672E-04
 0.129467E-04 0.295296E-05 0.220270E-05 0.600069E-04
 0.129704E-04 0.297123E-05 0.212829E-05 0.606164E-04
 0.130871E-04 0.300885E-05 0.208921E-05 0.613579E-04
 0.129656E-04 0.297541E-05 0.207962E-05 0.605498E-04
 0.128891E-04 0.289654E-05 0.209186E-05 0.600229E-04
 0.126675E-04 0.288290E-05 0.212994E-05 0.591528E-04
 0.122628E-04 0.285416E-05 0.218290E-05 0.574149E-04
 0.120831E-04 0.284396E-05 0.225133E-05 0.566745E-04
 0.116704E-04 0.279900E-05 0.231937E-05 0.546232E-04
 0.113045E-04 0.271948E-05 0.236136E-05 0.523124E-04
 0.110789E-04 0.267322E-05 0.242916E-05 0.513149E-04
 0.107723E-04 0.263786E-05 0.248012E-05 0.496435E-04
 0.106705E-04 0.257959E-05 0.253995E-05 0.494369E-04
 0.107207E-04 0.261071E-05 0.255148E-05 0.493853E-04
 0.106351E-04 0.260350E-05 0.253767E-05 0.487929E-04
 0.108664E-04 0.260701E-05 0.249622E-05 0.500866E-04
 0.110341E-04 0.264515E-05 0.242804E-05 0.507685E-04
 0.111650E-04 0.263737E-05 0.233871E-05 0.511772E-04
 0.114149E-04 0.261674E-05 0.223784E-05 0.525328E-04
 0.114537E-04 0.265558E-05 0.213822E-05 0.530620E-04
 0.116947E-04 0.269402E-05 0.206393E-05 0.543580E-04
 0.118444E-04 0.269269E-05 0.199057E-05 0.548470E-04
 0.118430E-04 0.267574E-05 0.195530E-05 0.550192E-04
 0.119094E-04 0.266538E-05 0.193544E-05 0.552029E-04
 0.117851E-04 0.265584E-05 0.192395E-05 0.549584E-04
 0.117198E-04 0.267418E-05 0.194916E-05 0.547954E-04
 0.114742E-04 0.268796E-05 0.201231E-05 0.540067E-04
 0.111668E-04 0.267620E-05 0.208527E-05 0.522895E-04
 0.109708E-04 0.265634E-05 0.213850E-05 0.512185E-04
 0.107438E-04 0.266759E-05 0.218610E-05 0.503748E-04
 0.106209E-04 0.269004E-05 0.225566E-05 0.497824E-04
 0.104857E-04 0.268488E-05 0.231982E-05 0.494496E-04
 0.103262E-04 0.268746E-05 0.235847E-05 0.485140E-04
 0.101394E-04 0.270216E-05 0.237884E-05 0.477036E-04
 0.102564E-04 0.270580E-05 0.238719E-05 0.480502E-04
 0.104617E-04 0.275656E-05 0.235384E-05 0.487700E-04
 0.105382E-04 0.278397E-05 0.228705E-05 0.492739E-04
 0.107321E-04 0.276676E-05 0.219382E-05 0.503702E-04
 0.110356E-04 0.279864E-05 0.211741E-05 0.514377E-04
 0.111032E-04 0.281278E-05 0.201232E-05 0.520186E-04
 0.112403E-04 0.282890E-05 0.193182E-05 0.523847E-04
 0.113028E-04 0.280599E-05 0.187538E-05 0.528485E-04
 0.115039E-04 0.276199E-05 0.181920E-05 0.536050E-04
 0.114314E-04 0.277285E-05 0.178601E-05 0.534087E-04
 0.113730E-04 0.275537E-05 0.177535E-05 0.535212E-04
 0.112552E-04 0.275593E-05 0.181453E-05 0.530161E-04
 0.109092E-04 0.270716E-05 0.186007E-05 0.515870E-04
 0.107974E-04 0.265501E-05 0.192912E-05 0.509235E-04
 0.105139E-04 0.267051E-05 0.197635E-05 0.496688E-04
 0.103927E-04 0.265819E-05 0.203018E-05 0.494002E-04
 0.103314E-04 0.267448E-05 0.209699E-05 0.489594E-04
 0.999712E-05 0.262783E-05 0.215425E-05 0.474579E-04
 0.979890E-05 0.259161E-05 0.220776E-05 0.464581E-04
 0.951369E-05 0.263339E-05 0.223877E-05 0.453389E-04
 0.959754E-05 0.262363E-05 0.223686E-05 0.454789E-04
 0.971305E-05 0.266740E-05 0.221436E-05 0.458669E-04
 0.976867E-05 0.264405E-05 0.218829E-05 0.459714E-04
 0.100627E-04 0.266707E-05 0.213918E-05 0.471273E-04
 0.101240E-04 0.268418E-05 0.205104E-05 0.474097E-04
 0.102869E-04 0.264584E-05 0.194486E-05 0.481065E-04
 0.104763E-04 0.264978E-05 0.187890E-05 0.491775E-04
 0.106072E-04 0.264336E-05 0.182351E-05 0.496240E-04
 0.106976E-04 0.264723E-05 0.176999E-05 0.503610E-04
 0.107489E-04 0.265313E-05 0.174253E-05 0.502531E-04
 0.106662E-04 0.265485E-05 0.172610E-05 0.503518E-04
 0.106719E-04 0.263836E-05 0.171993E-05 0.507272E-04
 0.107019E-04 0.264051E-05 0.174708E-05 0.506020E-04
 0.103582E-04 0.264280E-05 0.177040E-05 0.491867E-04
 0.101329E-04 0.258492E-05 0.181123E-05 0.480801E-04
 0.987733E-05 0.256913E-05 0.186909E-05 0.473236E-04
 0.952253E-05 0.255959E-05 0.192728E-05 0.459301E-04
 0.939904E-05 0.254463E-05 0.198702E-05 0.452585E-04
 0.915575E-05 0.250155E-05 0.203727E-05 0.439120E-04
 0.908759E-05 0.248841E-05 0.208773E-05 0.433082E-04
 0.900402E-05 0.250900E-05 0.207320E-05 0.427584E-04
 0.908588E-05 0.249079E-05 0.207328E-05 0.428881E-04
 0.920795E-05 0.251950E-05 0.205794E-05 0.433174E-04
 0.930663E-05 0.249298E-05 0.200187E-05 0.435183E-04
 0.962036E-05 0.249189E-05 0.193283E-05 0.451759E-04
 0.977808E-05 0.251688E-05 0.186137E-05 0.459415E-04
 0.998600E-05 0.246312E-05 0.176666E-05 0.467382E-04
 0.101913E-04 0.248719E-05 0.171790E-05 0.477759E-04
 0.101440E-04 0.250308E-05 0.166245E-05 0.476588E-04
 0.102698E-04 0.253715E-05 0.160398E-05 0.487046E-04
 0.101722E-04 0.255969E-05 0.158771E-05 0.481754E-04
 0.101369E-04 0.248877E-05 0.158725E-05 0.483062E-04
 0.100998E-04 0.252913E-05 0.158621E-05 0.481260E-04
 0.976867E-05 0.251043E-05 0.161710E-05 0.467256E-04
 0.966571E-05 0.251248E-05 0.166446E-05 0.465235E-04
 0.936966E-05 0.250596E-05 0.171959E-05 0.450347E-04
 0.914007E-05 0.243044E-05 0.177229E-05 0.437766E-04
 0.891647E-05 0.240859E-05 0.182857E-05 0.426195E-04
 0.856252E-05 0.236766E-05 0.187258E-05 0.409837E-04
 0.847382E-05 0.234505E-05 0.190712E-05 0.404132E-04
 0.838940E-05 0.232038E-05 0.192252E-05 0.400333E-04
 0.841764E-05 0.229042E-05 0.193597E-05 0.398726E-04
