 0.259574E-02 0.294304E-02 0.276390E-02 0.101010E-01
 0.319736E-02 0.295284E-02 0.281020E-02 0.124364E-01
 0.359383E-02 0.286569E-02 0.274521E-02 0.139826E-01
 0.400923E-02 0.267879E-02 0.254261E-02 0.156054E-01
 0.460127E-02 0.268298E-02 0.249940E-02 0.178724E-01
 0.538191E-02 0.273524E-02 0.252190E-02 0.208823E-01
 0.621179E-02 0.274796E-02 0.247460E-02 0.240973E-01
 0.691744E-02 0.277380E-02 0.241448E-02 0.268244E-01
 0.739420E-02 0.276526E-02 0.238598E-02 0.286659E-01
 0.763076E-02 0.269784E-02 0.231009E-02 0.295723E-01
 0.766174E-02 0.259505E-02 0.218741E-02 0.296787E-01
 0.751109E-02 0.258939E-02 0.217294E-02 0.290660E-01
 0.717421E-02 0.262460E-02 0.220764E-02 0.277276E-01
 0.664390E-02 0.261537E-02 0.219033E-02 0.256224E-01
 0.595939E-02 0.257604E-02 0.220094E-02 0.230197E-01
 0.530079E-02 0.253311E-02 0.223939E-02 0.205577E-01
 0.470603E-02 0.246630E-02 0.226110E-02 0.179967E-01
 0.396194E-02 0.237137E-02 0.229768E-02 0.150904E-01
 0.327739E-02 0.229999E-02 0.234323E-02 0.124365E-01
 0.277436E-02 0.226235E-02 0.238141E-02 0.103758E-01
 0.223495E-02 0.220907E-02 0.241860E-02 0.829198E-02
 0.166881E-02 0.211964E-02 0.248078E-02 0.623621E-02
 0.134061E-02 0.200194E-02 0.257294E-02 0.512187E-02
 0.157856E-02 0.199133E-02 0.259399E-02 0.624662E-02
 0.183594E-02 0.207385E-02 0.252539E-02 0.748996E-02
 0.243987E-02 0.220493E-02 0.242373E-02 0.986660E-02
 0.304005E-02 0.231462E-02 0.232736E-02 0.122122E-01
 0.360052E-02 0.240203E-02 0.223016E-02 0.144274E-01
 0.411189E-02 0.246814E-02 0.213836E-02 0.164272E-01
 0.458874E-02 0.252317E-02 0.205006E-02 0.182650E-01
 0.505538E-02 0.257403E-02 0.195850E-02 0.200353E-01
 0.548718E-02 0.262109E-02 0.186384E-02 0.216709E-01
 0.585196E-02 0.265437E-02 0.176754E-02 0.230305E-01
 0.613201E-02 0.266830E-02 0.166905E-02 0.240691E-01
 0.632514E-02 0.266183E-02 0.157443E-02 0.247747E-01
 0.639901E-02 0.263586E-02 0.151143E-02 0.250329E-01
 0.634376E-02 0.258381E-02 0.158060E-02 0.247748E-01
 0.613566E-02 0.250603E-02 0.170474E-02 0.239496E-01
 0.577667E-02 0.239336E-02 0.182332E-02 0.225439E-01
 0.529141E-02 0.224816E-02 0.193595E-02 0.206513E-01
 0.473644E-02 0.208234E-02 0.204371E-02 0.184895E-01
 0.416884E-02 0.191431E-02 0.214237E-02 0.162874E-01
 0.363444E-02 0.175761E-02 0.222495E-02 0.142186E-01
 0.311440E-02 0.161535E-02 0.228510E-02 0.122055E-01
 0.259768E-02 0.148688E-02 0.231846E-02 0.102049E-01
 0.208965E-02 0.137671E-02 0.232261E-02 0.823798E-02
 0.167137E-02 0.131139E-02 0.230154E-02 0.657017E-02
 0.169750E-02 0.133273E-02 0.228012E-02 0.660060E-02
 0.182044E-02 0.134875E-02 0.225579E-02 0.706150E-02
 0.196081E-02 0.134985E-02 0.222701E-02 0.759639E-02
 0.219637E-02 0.134425E-02 0.219056E-02 0.848279E-02
 0.259830E-02 0.138503E-02 0.214394E-02 0.100160E-01
 0.301638E-02 0.147442E-02 0.208053E-02 0.116096E-01
 0.341983E-02 0.157576E-02 0.199879E-02 0.131523E-01
 0.380508E-02 0.168067E-02 0.189765E-02 0.146296E-01
 0.416654E-02 0.178406E-02 0.177647E-02 0.160194E-01
 0.449584E-02 0.188079E-02 0.163906E-02 0.172844E-01
 0.477764E-02 0.196461E-02 0.149100E-02 0.183686E-01
 0.499887E-02 0.202878E-02 0.133788E-02 0.192068E-01
 0.513714E-02 0.206759E-02 0.118796E-02 0.197343E-01
 0.518819E-02 0.207883E-02 0.105357E-02 0.199019E-01
 0.513354E-02 0.206302E-02 0.973226E-03 0.196494E-01
 0.497266E-02 0.202698E-02 0.100694E-02 0.189788E-01
 0.471090E-02 0.197076E-02 0.108282E-02 0.179112E-01
 0.435891E-02 0.189242E-02 0.117558E-02 0.164861E-01
 0.393509E-02 0.179676E-02 0.127425E-02 0.147706E-01
 0.347670E-02 0.169003E-02 0.137664E-02 0.129064E-01
 0.301711E-02 0.157934E-02 0.147637E-02 0.110488E-01
 0.258260E-02 0.146958E-02 0.156628E-02 0.931648E-02
 0.217585E-02 0.136667E-02 0.163839E-02 0.772813E-02
 0.182733E-02 0.127478E-02 0.168693E-02 0.658446E-02
 0.170237E-02 0.122990E-02 0.171029E-02 0.621557E-02
 0.175254E-02 0.124969E-02 0.171057E-02 0.656426E-02
 0.182883E-02 0.130086E-02 0.168862E-02 0.703455E-02
 0.191395E-02 0.136456E-02 0.164791E-02 0.758388E-02
 0.203276E-02 0.143574E-02 0.159154E-02 0.826422E-02
 0.222965E-02 0.151932E-02 0.152201E-02 0.912070E-02
 0.252033E-02 0.162445E-02 0.144146E-02 0.102882E-01
 0.280160E-02 0.172405E-02 0.135100E-02 0.113925E-01
 0.306579E-02 0.181294E-02 0.125082E-02 0.124079E-01
 0.330946E-02 0.188542E-02 0.114314E-02 0.133264E-01
 0.352777E-02 0.193961E-02 0.102855E-02 0.141336E-01
 0.371367E-02 0.197452E-02 0.911216E-03 0.148087E-01
 0.385800E-02 0.198862E-02 0.796970E-03 0.153123E-01
 0.394609E-02 0.197997E-02 0.699173E-03 0.156170E-01
 0.397452E-02 0.194784E-02 0.647108E-03 0.156806E-01
 0.392755E-02 0.188900E-02 0.691761E-03 0.154734E-01
 0.380605E-02 0.180467E-02 0.841032E-03 0.149778E-01
 0.361366E-02 0.169481E-02 0.987342E-03 0.142111E-01
 0.335827E-02 0.156396E-02 0.111836E-02 0.131998E-01
 0.305145E-02 0.141788E-02 0.122955E-02 0.120095E-01
 0.271803E-02 0.126492E-02 0.131946E-02 0.107047E-01
 0.237601E-02 0.111564E-02 0.138715E-02 0.937520E-02
 0.204012E-02 0.983437E-03 0.143224E-02 0.807488E-02
 0.172644E-02 0.883450E-03 0.145677E-02 0.685955E-02
 0.152444E-02 0.818937E-03 0.146486E-02 0.606224E-02
 0.148730E-02 0.791437E-03 0.145668E-02 0.583758E-02
 0.151544E-02 0.787303E-03 0.143420E-02 0.591061E-02
 0.156179E-02 0.789998E-03 0.140028E-02 0.606389E-02
 0.161850E-02 0.798105E-03 0.135806E-02 0.625525E-02
 0.169412E-02 0.809565E-03 0.130932E-02 0.651978E-02
 0.182318E-02 0.841465E-03 0.125620E-02 0.698283E-02
 0.200380E-02 0.904508E-03 0.119747E-02 0.764987E-02
 0.219518E-02 0.980656E-03 0.113267E-02 0.836665E-02
 0.237665E-02 0.105586E-02 0.106073E-02 0.905169E-02
 0.254506E-02 0.112556E-02 0.979866E-03 0.969105E-02
 0.269616E-02 0.118730E-02 0.888685E-03 0.102663E-01
 0.282361E-02 0.123802E-02 0.787338E-03 0.107528E-01
 0.291937E-02 0.127412E-02 0.678241E-03 0.111143E-01
 0.297755E-02 0.129169E-02 0.567791E-03 0.113197E-01
 0.298543E-02 0.128755E-02 0.469958E-03 0.113323E-01
 0.294079E-02 0.125880E-02 0.412720E-03 0.111285E-01
 0.283815E-02 0.120476E-02 0.459281E-03 0.106895E-01
 0.268041E-02 0.112812E-02 0.564400E-03 0.100264E-01
 0.247688E-02 0.103378E-02 0.672513E-03 0.916909E-02
 0.223877E-02 0.929016E-03 0.767550E-03 0.818390E-02
 0.198266E-02 0.821152E-03 0.845035E-03 0.712092E-02
 0.172377E-02 0.719397E-03 0.904595E-03 0.605725E-02
 0.147541E-02 0.642292E-03 0.947131E-03 0.506125E-02
 0.129022E-02 0.605302E-03 0.972346E-03 0.444292E-02
 0.122231E-02 0.610366E-03 0.982018E-03 0.427170E-02
 0.121414E-02 0.638593E-03 0.978429E-03 0.434628E-02
 0.122878E-02 0.681082E-03 0.963432E-03 0.451499E-02
 0.125314E-02 0.732633E-03 0.938902E-03 0.472476E-02
 0.128344E-02 0.786973E-03 0.906328E-03 0.496861E-02
 0.132258E-02 0.842335E-03 0.866705E-03 0.530492E-02
 0.139216E-02 0.897372E-03 0.820756E-03 0.571521E-02
 0.149772E-02 0.949570E-03 0.768697E-03 0.616640E-02
 0.160628E-02 0.997387E-03 0.710613E-03 0.661242E-02
 0.170645E-02 0.103976E-02 0.649396E-03 0.701043E-02
 0.179663E-02 0.107624E-02 0.586185E-03 0.735490E-02
 0.187441E-02 0.110267E-02 0.520111E-03 0.764168E-02
 0.193675E-02 0.111809E-02 0.451220E-03 0.786214E-02
 0.198121E-02 0.112151E-02 0.381843E-03 0.800138E-02
 0.200107E-02 0.111240E-02 0.319710E-03 0.804149E-02
 0.199087E-02 0.108922E-02 0.293528E-03 0.797592E-02
 0.194932E-02 0.105120E-02 0.324299E-03 0.778031E-02
 0.187317E-02 0.998339E-03 0.398275E-03 0.746080E-02
 0.176453E-02 0.931944E-03 0.476669E-03 0.702155E-02
 0.162955E-02 0.854982E-03 0.545972E-03 0.648051E-02
 0.147610E-02 0.770740E-03 0.600785E-03 0.587257E-02
 0.131255E-02 0.683317E-03 0.640380E-03 0.523236E-02
 0.114835E-02 0.596060E-03 0.666973E-03 0.458833E-02
 0.990278E-03 0.512470E-03 0.682537E-03 0.397162E-02
 0.896476E-03 0.452137E-03 0.687263E-03 0.356750E-02
 0.853190E-03 0.412624E-03 0.682876E-03 0.336409E-02
 0.836744E-03 0.387177E-03 0.671240E-03 0.326667E-02
 0.834172E-03 0.374154E-03 0.653825E-03 0.322164E-02
 0.839543E-03 0.369517E-03 0.631582E-03 0.320864E-02
 0.849375E-03 0.368393E-03 0.605220E-03 0.321194E-02
 0.866367E-03 0.369819E-03 0.575497E-03 0.323835E-02
 0.904734E-03 0.376738E-03 0.542625E-03 0.333718E-02
 0.955530E-03 0.390849E-03 0.507590E-03 0.348957E-02
 0.100662E-02 0.408980E-03 0.471353E-03 0.365198E-02
 0.105571E-02 0.427249E-03 0.434044E-03 0.381414E-02
 0.110114E-02 0.444221E-03 0.395072E-03 0.396843E-02
 0.114118E-02 0.458635E-03 0.353812E-03 0.410634E-02
 0.117370E-02 0.469218E-03 0.309999E-03 0.421810E-02
 0.119615E-02 0.474564E-03 0.264397E-03 0.429192E-02
 0.120679E-02 0.472705E-03 0.219471E-03 0.431517E-02
 0.120197E-02 0.463245E-03 0.180615E-03 0.428195E-02
 0.118050E-02 0.444439E-03 0.160200E-03 0.417728E-02
 0.114097E-02 0.416374E-03 0.178484E-03 0.400263E-02
 0.108499E-02 0.379714E-03 0.211623E-03 0.376015E-02
 0.101464E-02 0.335957E-03 0.246260E-03 0.346013E-02
 0.934003E-03 0.287931E-03 0.277306E-03 0.311973E-02
 0.846780E-03 0.238066E-03 0.303165E-03 0.275862E-02
 0.758222E-03 0.191105E-03 0.323594E-03 0.239522E-02
 0.673244E-03 0.166051E-03 0.339322E-03 0.206700E-02
 0.614247E-03 0.157626E-03 0.350086E-03 0.188126E-02
 0.576408E-03 0.162402E-03 0.356332E-03 0.178982E-02
 0.551664E-03 0.179937E-03 0.358708E-03 0.175348E-02
 0.535249E-03 0.204410E-03 0.357753E-03 0.175280E-02
 0.524266E-03 0.230157E-03 0.353889E-03 0.177588E-02
 0.517335E-03 0.255516E-03 0.347439E-03 0.182445E-02
 0.516241E-03 0.279774E-03 0.338573E-03 0.191315E-02
 0.522326E-03 0.302824E-03 0.327399E-03 0.201858E-02
 0.533377E-03 0.324473E-03 0.313986E-03 0.212795E-02
 0.549524E-03 0.343158E-03 0.298696E-03 0.223428E-02
 0.568785E-03 0.358991E-03 0.281673E-03 0.233422E-02
 0.588767E-03 0.371984E-03 0.262968E-03 0.242539E-02
 0.608082E-03 0.382192E-03 0.242608E-03 0.250612E-02
 0.625602E-03 0.389406E-03 0.220689E-03 0.257259E-02
 0.639735E-03 0.393460E-03 0.197633E-03 0.262167E-02
 0.649418E-03 0.394411E-03 0.173894E-03 0.265110E-02
 0.653837E-03 0.391919E-03 0.150886E-03 0.265699E-02
 0.651650E-03 0.385981E-03 0.132038E-03 0.263782E-02
 0.642777E-03 0.376637E-03 0.125080E-03 0.259199E-02
 0.627003E-03 0.364155E-03 0.126724E-03 0.252068E-02
 0.604798E-03 0.348855E-03 0.133300E-03 0.242617E-02
 0.577420E-03 0.331206E-03 0.141928E-03 0.231117E-02
 0.545495E-03 0.311567E-03 0.150772E-03 0.218210E-02
 0.510674E-03 0.290770E-03 0.158905E-03 0.204274E-02
 0.474304E-03 0.269139E-03 0.165906E-03 0.189721E-02
 0.437582E-03 0.247114E-03 0.171713E-03 0.174899E-02
 0.407743E-03 0.225039E-03 0.176142E-03 0.160424E-02
 0.382972E-03 0.203127E-03 0.179136E-03 0.148485E-02
 0.361639E-03 0.181557E-03 0.180758E-03 0.137921E-02
 0.343403E-03 0.160412E-03 0.181063E-03 0.128571E-02
 0.328252E-03 0.141332E-03 0.180115E-03 0.120369E-02
 0.316607E-03 0.125574E-03 0.177959E-03 0.113332E-02
 0.309202E-03 0.112211E-03 0.174637E-03 0.107584E-02
 0.305075E-03 0.101249E-03 0.170178E-03 0.103576E-02
 0.303830E-03 0.925395E-04 0.164605E-03 0.101338E-02
 0.305301E-03 0.866665E-04 0.157933E-03 0.100418E-02
 0.309250E-03 0.846952E-04 0.150190E-03 0.100635E-02
 0.315207E-03 0.851656E-04 0.141495E-03 0.101806E-02
 0.322358E-03 0.869781E-04 0.131950E-03 0.103666E-02
 0.329857E-03 0.893659E-04 0.121666E-03 0.105869E-02
 0.337123E-03 0.917749E-04 0.110810E-03 0.108065E-02
 0.343278E-03 0.937643E-04 0.996678E-04 0.110025E-02
 0.347801E-03 0.949744E-04 0.886024E-04 0.111377E-02
 0.350275E-03 0.951818E-04 0.782588E-04 0.112036E-02
 0.350523E-03 0.942444E-04 0.699963E-04 0.111796E-02
 0.348282E-03 0.920339E-04 0.662138E-04 0.110617E-02
 0.343517E-03 0.885960E-04 0.656821E-04 0.108516E-02
 0.336365E-03 0.840145E-04 0.667163E-04 0.105538E-02
 0.327067E-03 0.784251E-04 0.689055E-04 0.101746E-02
 0.315823E-03 0.719975E-04 0.718415E-04 0.972451E-03
 0.302957E-03 0.648698E-04 0.751606E-04 0.921732E-03
 0.288829E-03 0.574250E-04 0.785926E-04 0.867108E-03
 0.273686E-03 0.511113E-04 0.819522E-04 0.809665E-03
 0.257876E-03 0.467273E-04 0.850884E-04 0.762276E-03
 0.244086E-03 0.447504E-04 0.878995E-04 0.723658E-03
 0.231942E-03 0.448017E-04 0.903043E-04 0.690144E-03
 0.220882E-03 0.466108E-04 0.922458E-04 0.662625E-03
 0.210830E-03 0.496895E-04 0.936793E-04 0.644601E-03
 0.202222E-03 0.531744E-04 0.945760E-04 0.632522E-03
 0.196092E-03 0.566811E-04 0.949120E-04 0.625246E-03
 0.191680E-03 0.601977E-04 0.946745E-04 0.622104E-03
 0.188690E-03 0.636361E-04 0.938559E-04 0.622539E-03
 0.186888E-03 0.669907E-04 0.924616E-04 0.625870E-03
 0.186015E-03 0.701871E-04 0.904990E-04 0.631228E-03
 0.185862E-03 0.732114E-04 0.879946E-04 0.638625E-03
 0.186227E-03 0.759888E-04 0.849707E-04 0.647051E-03
 0.187030E-03 0.784165E-04 0.814545E-04 0.656656E-03
 0.188115E-03 0.805061E-04 0.774927E-04 0.666568E-03
 0.189551E-03 0.821974E-04 0.731280E-04 0.675740E-03
 0.191045E-03 0.834213E-04 0.684161E-04 0.683950E-03
 0.192418E-03 0.841722E-04 0.634162E-04 0.690292E-03
 0.193449E-03 0.844424E-04 0.581952E-04 0.694250E-03
 0.193979E-03 0.842225E-04 0.528308E-04 0.695572E-03
 0.193919E-03 0.835223E-04 0.475189E-04 0.694072E-03
 0.193226E-03 0.823512E-04 0.432624E-04 0.689581E-03
 0.191811E-03 0.807359E-04 0.402929E-04 0.682103E-03
 0.189697E-03 0.786991E-04 0.382131E-04 0.671997E-03
 0.186883E-03 0.762902E-04 0.367477E-04 0.659276E-03
 0.183452E-03 0.735328E-04 0.357462E-04 0.643909E-03
 0.179422E-03 0.704557E-04 0.351206E-04 0.626331E-03
 0.174824E-03 0.671154E-04 0.348056E-04 0.606716E-03
 0.169752E-03 0.635446E-04 0.347793E-04 0.585306E-03
 0.164251E-03 0.597871E-04 0.349998E-04 0.562302E-03
 0.158383E-03 0.558853E-04 0.353762E-04 0.538088E-03
 0.152267E-03 0.518701E-04 0.358302E-04 0.512825E-03
 0.146856E-03 0.477960E-04 0.362990E-04 0.486831E-03
 0.142047E-03 0.436771E-04 0.367320E-04 0.460828E-03
 0.137689E-03 0.395793E-04 0.370855E-04 0.438444E-03
 0.134028E-03 0.355150E-04 0.373271E-04 0.418844E-03
 0.131501E-03 0.315343E-04 0.374322E-04 0.401954E-03
 0.129613E-03 0.277020E-04 0.373788E-04 0.388561E-03
 0.128211E-03 0.244135E-04 0.371539E-04 0.379689E-03
 0.127188E-03 0.220538E-04 0.367471E-04 0.373373E-03
 0.126535E-03 0.204357E-04 0.361597E-04 0.369022E-03
 0.126137E-03 0.194707E-04 0.353833E-04 0.366392E-03
 0.125880E-03 0.190614E-04 0.344329E-04 0.365038E-03
 0.125816E-03 0.189849E-04 0.333142E-04 0.364280E-03
 0.125798E-03 0.191484E-04 0.320350E-04 0.364168E-03
 0.125749E-03 0.194719E-04 0.306042E-04 0.364334E-03
 0.125660E-03 0.198720E-04 0.290430E-04 0.364481E-03
 0.125548E-03 0.202677E-04 0.273659E-04 0.364477E-03
 0.125346E-03 0.206169E-04 0.255948E-04 0.364239E-03
 0.125007E-03 0.208841E-04 0.237496E-04 0.363551E-03
 0.124531E-03 0.210476E-04 0.219901E-04 0.362276E-03
 0.123905E-03 0.210941E-04 0.209409E-04 0.360459E-03
 0.123094E-03 0.210078E-04 0.204051E-04 0.358052E-03
 0.122134E-03 0.207858E-04 0.200067E-04 0.354853E-03
 0.121010E-03 0.204299E-04 0.196964E-04 0.351070E-03
 0.119733E-03 0.199455E-04 0.195223E-04 0.346657E-03
 0.118364E-03 0.193343E-04 0.194122E-04 0.341665E-03
 0.116904E-03 0.186039E-04 0.193353E-04 0.336102E-03
 0.115330E-03 0.177637E-04 0.193355E-04 0.329977E-03
 0.113639E-03 0.168227E-04 0.193878E-04 0.323340E-03
 0.111819E-03 0.157919E-04 0.194617E-04 0.316143E-03
 0.109885E-03 0.147193E-04 0.195540E-04 0.308642E-03
 0.107763E-03 0.137192E-04 0.196647E-04 0.301665E-03
 0.105756E-03 0.128481E-04 0.197892E-04 0.295660E-03
 0.104071E-03 0.121263E-04 0.198951E-04 0.290508E-03
 0.102455E-03 0.116249E-04 0.199714E-04 0.286977E-03
 0.101261E-03 0.115917E-04 0.200073E-04 0.284250E-03
 0.100323E-03 0.116546E-04 0.200157E-04 0.281709E-03
 0.995164E-04 0.117471E-04 0.199739E-04 0.279953E-03
 0.988899E-04 0.118794E-04 0.198667E-04 0.278154E-03
 0.982774E-04 0.120393E-04 0.196987E-04 0.276841E-03
 0.977963E-04 0.121971E-04 0.194791E-04 0.275570E-03
 0.973488E-04 0.123760E-04 0.191947E-04 0.274588E-03
 0.969708E-04 0.125425E-04 0.188461E-04 0.273567E-03
 0.965938E-04 0.127045E-04 0.184350E-04 0.272843E-03
 0.962585E-04 0.128574E-04 0.179681E-04 0.272047E-03
 0.959361E-04 0.129892E-04 0.174390E-04 0.271318E-03
 0.956061E-04 0.131052E-04 0.168605E-04 0.270470E-03
 0.952681E-04 0.131951E-04 0.162336E-04 0.269683E-03
 0.948800E-04 0.132557E-04 0.155644E-04 0.268709E-03
 0.944993E-04 0.132890E-04 0.148580E-04 0.267634E-03
 0.940574E-04 0.132819E-04 0.141221E-04 0.266419E-03
 0.935904E-04 0.132386E-04 0.133566E-04 0.265086E-03
 0.930679E-04 0.131551E-04 0.125755E-04 0.263526E-03
 0.925100E-04 0.130322E-04 0.117790E-04 0.261877E-03
 0.919174E-04 0.128671E-04 0.109867E-04 0.260014E-03
 0.912764E-04 0.126652E-04 0.102894E-04 0.258101E-03
 0.906218E-04 0.124218E-04 0.977207E-05 0.255971E-03
 0.899282E-04 0.121437E-04 0.942802E-05 0.253810E-03
 0.892344E-04 0.118292E-04 0.918648E-05 0.251539E-03
 0.885248E-04 0.114835E-04 0.898564E-05 0.249361E-03
 0.878638E-04 0.111089E-04 0.883081E-05 0.247203E-03
 0.872992E-04 0.107026E-04 0.870102E-05 0.245132E-03
 0.867460E-04 0.102777E-04 0.860324E-05 0.242832E-03
 0.861211E-04 0.983987E-05 0.853071E-05 0.240261E-03
 0.854227E-04 0.938654E-05 0.847304E-05 0.237401E-03
 0.846694E-04 0.891416E-05 0.843796E-05 0.234309E-03
 0.838783E-04 0.842602E-05 0.842387E-05 0.231062E-03
 0.831898E-04 0.792395E-05 0.842096E-05 0.227632E-03
 0.826386E-04 0.741618E-05 0.842761E-05 0.224254E-03
 0.821425E-04 0.690628E-05 0.843559E-05 0.221756E-03
 0.816893E-04 0.639762E-05 0.844265E-05 0.219692E-03
 0.813807E-04 0.589930E-05 0.844804E-05 0.218159E-03
 0.811458E-04 0.549346E-05 0.844140E-05 0.217090E-03
 0.809714E-04 0.521652E-05 0.842261E-05 0.216268E-03
 0.808400E-04 0.505048E-05 0.838754E-05 0.215730E-03
 0.807265E-04 0.497658E-05 0.833710E-05 0.215234E-03
 0.806261E-04 0.495667E-05 0.826939E-05 0.214902E-03
 0.805617E-04 0.496680E-05 0.818067E-05 0.214646E-03
 0.804841E-04 0.499657E-05 0.807320E-05 0.214412E-03
 0.804100E-04 0.504370E-05 0.794925E-05 0.214241E-03
 0.803412E-04 0.510423E-05 0.780889E-05 0.214021E-03
 0.802403E-04 0.517262E-05 0.765075E-05 0.213800E-03
 0.801376E-04 0.525191E-05 0.747515E-05 0.213523E-03
 0.800046E-04 0.532473E-05 0.728411E-05 0.213191E-03
 0.798617E-04 0.539470E-05 0.708107E-05 0.212775E-03
 0.796969E-04 0.545042E-05 0.686621E-05 0.212319E-03
 0.795096E-04 0.549057E-05 0.664155E-05 0.211793E-03
 0.792990E-04 0.551286E-05 0.641021E-05 0.211180E-03
 0.790678E-04 0.551721E-05 0.618799E-05 0.210478E-03
 0.788137E-04 0.550502E-05 0.606805E-05 0.209687E-03
 0.785497E-04 0.547444E-05 0.600369E-05 0.208823E-03
 0.782616E-04 0.542940E-05 0.596239E-05 0.207885E-03
 0.779539E-04 0.536660E-05 0.592877E-05 0.206898E-03
 0.776423E-04 0.528527E-05 0.590131E-05 0.205846E-03
 0.773079E-04 0.518963E-05 0.588858E-05 0.204775E-03
 0.769740E-04 0.507834E-05 0.587144E-05 0.203634E-03
