 0.565116E-02 0.510634E-02 0.565958E-02 0.000000E+00
 0.748063E-02 0.496946E-02 0.534314E-02 0.000000E+00
 0.965243E-02 0.498789E-02 0.517068E-02 0.000000E+00
 0.113755E-01 0.494335E-02 0.492758E-02 0.000000E+00
 0.130511E-01 0.491810E-02 0.472992E-02 0.000000E+00
 0.141799E-01 0.482656E-02 0.455065E-02 0.000000E+00
 0.142141E-01 0.457901E-02 0.446797E-02 0.000000E+00
 0.132567E-01 0.444217E-02 0.451762E-02 0.000000E+00
 0.116695E-01 0.431965E-02 0.455343E-02 0.000000E+00
 0.979342E-02 0.418586E-02 0.461075E-02 0.000000E+00
 0.787491E-02 0.405227E-02 0.468206E-02 0.000000E+00
 0.612598E-02 0.401937E-02 0.469845E-02 0.000000E+00
 0.500075E-02 0.419161E-02 0.459497E-02 0.000000E+00
 0.433428E-02 0.442842E-02 0.437053E-02 0.000000E+00
 0.470898E-02 0.463476E-02 0.413561E-02 0.000000E+00
 0.590205E-02 0.474649E-02 0.399983E-02 0.000000E+00
 0.745649E-02 0.477384E-02 0.391475E-02 0.000000E+00
 0.883194E-02 0.474606E-02 0.384342E-02 0.000000E+00
 0.998096E-02 0.465735E-02 0.376933E-02 0.000000E+00
 0.108435E-01 0.450242E-02 0.374043E-02 0.000000E+00
 0.113366E-01 0.425653E-02 0.386702E-02 0.000000E+00
 0.113844E-01 0.391857E-02 0.406472E-02 0.000000E+00
 0.109509E-01 0.363843E-02 0.425299E-02 0.000000E+00
 0.100811E-01 0.346302E-02 0.439115E-02 0.000000E+00
 0.888739E-02 0.328804E-02 0.444541E-02 0.000000E+00
 0.767608E-02 0.315270E-02 0.440128E-02 0.000000E+00
 0.659000E-02 0.315742E-02 0.426768E-02 0.000000E+00
 0.567811E-02 0.323997E-02 0.406132E-02 0.000000E+00
 0.501136E-02 0.340917E-02 0.380035E-02 0.000000E+00
 0.479697E-02 0.365881E-02 0.354275E-02 0.000000E+00
 0.519026E-02 0.390062E-02 0.332090E-02 0.000000E+00
 0.592196E-02 0.410058E-02 0.310932E-02 0.000000E+00
 0.690282E-02 0.423209E-02 0.289837E-02 0.000000E+00
 0.788554E-02 0.426522E-02 0.269519E-02 0.000000E+00
 0.870483E-02 0.418175E-02 0.255944E-02 0.000000E+00
 0.926575E-02 0.398108E-02 0.261328E-02 0.000000E+00
 0.949005E-02 0.367341E-02 0.281431E-02 0.000000E+00
 0.933181E-02 0.328915E-02 0.307972E-02 0.000000E+00
 0.879394E-02 0.292530E-02 0.331873E-02 0.000000E+00
 0.792557E-02 0.272600E-02 0.347963E-02 0.000000E+00
 0.682762E-02 0.264790E-02 0.354462E-02 0.000000E+00
 0.567528E-02 0.270728E-02 0.350695E-02 0.000000E+00
 0.481943E-02 0.288753E-02 0.337981E-02 0.000000E+00
 0.429044E-02 0.312990E-02 0.319314E-02 0.000000E+00
 0.413171E-02 0.334867E-02 0.297397E-02 0.000000E+00
 0.444025E-02 0.351253E-02 0.280872E-02 0.000000E+00
 0.498344E-02 0.360927E-02 0.270254E-02 0.000000E+00
 0.558003E-02 0.364040E-02 0.261180E-02 0.000000E+00
 0.624787E-02 0.360988E-02 0.253746E-02 0.000000E+00
 0.691071E-02 0.352121E-02 0.250765E-02 0.000000E+00
 0.737544E-02 0.337715E-02 0.256372E-02 0.000000E+00
 0.760026E-02 0.318212E-02 0.263514E-02 0.000000E+00
 0.756137E-02 0.295399E-02 0.272499E-02 0.000000E+00
 0.725346E-02 0.272036E-02 0.278849E-02 0.000000E+00
 0.670785E-02 0.253742E-02 0.279590E-02 0.000000E+00
 0.603985E-02 0.255779E-02 0.273311E-02 0.000000E+00
 0.534989E-02 0.260061E-02 0.260348E-02 0.000000E+00
 0.473218E-02 0.268322E-02 0.242889E-02 0.000000E+00
 0.430811E-02 0.278291E-02 0.224027E-02 0.000000E+00
 0.408947E-02 0.288196E-02 0.205170E-02 0.000000E+00
 0.415230E-02 0.298546E-02 0.188040E-02 0.000000E+00
 0.451963E-02 0.306685E-02 0.176442E-02 0.000000E+00
 0.499473E-02 0.310778E-02 0.171658E-02 0.000000E+00
 0.548751E-02 0.309442E-02 0.170516E-02 0.000000E+00
 0.595323E-02 0.301177E-02 0.172923E-02 0.000000E+00
 0.635806E-02 0.284569E-02 0.184311E-02 0.000000E+00
 0.660255E-02 0.258864E-02 0.210423E-02 0.000000E+00
 0.661355E-02 0.224767E-02 0.238547E-02 0.000000E+00
 0.637625E-02 0.185152E-02 0.262004E-02 0.000000E+00
 0.590642E-02 0.146445E-02 0.277551E-02 0.000000E+00
 0.527755E-02 0.128585E-02 0.283945E-02 0.000000E+00
 0.464755E-02 0.137350E-02 0.282027E-02 0.000000E+00
 0.415069E-02 0.152522E-02 0.274373E-02 0.000000E+00
 0.379083E-02 0.166855E-02 0.264106E-02 0.000000E+00
 0.356775E-02 0.179172E-02 0.253848E-02 0.000000E+00
 0.352155E-02 0.188722E-02 0.244888E-02 0.000000E+00
 0.372703E-02 0.195142E-02 0.237386E-02 0.000000E+00
 0.407387E-02 0.198126E-02 0.233635E-02 0.000000E+00
 0.443885E-02 0.197451E-02 0.231363E-02 0.000000E+00
 0.476351E-02 0.193222E-02 0.228279E-02 0.000000E+00
 0.501233E-02 0.186565E-02 0.222790E-02 0.000000E+00
 0.516081E-02 0.179636E-02 0.215138E-02 0.000000E+00
 0.518205E-02 0.175370E-02 0.206852E-02 0.000000E+00
 0.504620E-02 0.172298E-02 0.200933E-02 0.000000E+00
 0.474474E-02 0.169740E-02 0.195802E-02 0.000000E+00
 0.429444E-02 0.167227E-02 0.189518E-02 0.000000E+00
 0.373937E-02 0.164647E-02 0.181757E-02 0.000000E+00
 0.313477E-02 0.161318E-02 0.173693E-02 0.000000E+00
 0.269571E-02 0.157196E-02 0.166884E-02 0.000000E+00
 0.248173E-02 0.154233E-02 0.161424E-02 0.000000E+00
 0.243401E-02 0.151403E-02 0.157460E-02 0.000000E+00
 0.251534E-02 0.148634E-02 0.153808E-02 0.000000E+00
 0.275874E-02 0.146161E-02 0.149572E-02 0.000000E+00
 0.310347E-02 0.144164E-02 0.147591E-02 0.000000E+00
 0.346045E-02 0.141026E-02 0.149834E-02 0.000000E+00
 0.377138E-02 0.135538E-02 0.151572E-02 0.000000E+00
 0.400279E-02 0.127552E-02 0.152031E-02 0.000000E+00
 0.412490E-02 0.117678E-02 0.150964E-02 0.000000E+00
 0.410460E-02 0.107718E-02 0.150722E-02 0.000000E+00
 0.392666E-02 0.101663E-02 0.148304E-02 0.000000E+00
 0.359857E-02 0.103889E-02 0.142343E-02 0.000000E+00
 0.315013E-02 0.110332E-02 0.132840E-02 0.000000E+00
 0.263187E-02 0.116770E-02 0.121472E-02 0.000000E+00
 0.215444E-02 0.120721E-02 0.112725E-02 0.000000E+00
 0.193750E-02 0.121519E-02 0.111517E-02 0.000000E+00
 0.190922E-02 0.119145E-02 0.116007E-02 0.000000E+00
 0.198910E-02 0.114214E-02 0.123384E-02 0.000000E+00
 0.217405E-02 0.107978E-02 0.132086E-02 0.000000E+00
 0.240680E-02 0.101220E-02 0.140516E-02 0.000000E+00
 0.263602E-02 0.935973E-03 0.147114E-02 0.000000E+00
 0.284223E-02 0.852244E-03 0.151250E-02 0.000000E+00
 0.301281E-02 0.766730E-03 0.152831E-02 0.000000E+00
 0.312810E-02 0.703522E-03 0.151425E-02 0.000000E+00
 0.316636E-02 0.704130E-03 0.146618E-02 0.000000E+00
 0.311562E-02 0.745571E-03 0.138376E-02 0.000000E+00
 0.297170E-02 0.812031E-03 0.127227E-02 0.000000E+00
 0.274013E-02 0.884707E-03 0.114066E-02 0.000000E+00
 0.243684E-02 0.943002E-03 0.100159E-02 0.000000E+00
 0.208584E-02 0.977005E-03 0.867485E-03 0.000000E+00
 0.171968E-02 0.983529E-03 0.752670E-03 0.000000E+00
 0.149288E-02 0.961274E-03 0.707747E-03 0.000000E+00
 0.139460E-02 0.918319E-03 0.691745E-03 0.000000E+00
 0.137885E-02 0.861151E-03 0.684320E-03 0.000000E+00
 0.145046E-02 0.794277E-03 0.684596E-03 0.000000E+00
 0.162553E-02 0.722725E-03 0.704373E-03 0.000000E+00
 0.181732E-02 0.650526E-03 0.737245E-03 0.000000E+00
 0.198868E-02 0.580578E-03 0.771589E-03 0.000000E+00
 0.212614E-02 0.514101E-03 0.800094E-03 0.000000E+00
 0.221254E-02 0.453539E-03 0.812448E-03 0.000000E+00
 0.223661E-02 0.410022E-03 0.799353E-03 0.000000E+00
 0.219323E-02 0.412947E-03 0.759699E-03 0.000000E+00
 0.208439E-02 0.465370E-03 0.695841E-03 0.000000E+00
 0.191432E-02 0.530246E-03 0.613560E-03 0.000000E+00
 0.169541E-02 0.592750E-03 0.522446E-03 0.000000E+00
 0.144714E-02 0.643743E-03 0.456508E-03 0.000000E+00
 0.124186E-02 0.674931E-03 0.444740E-03 0.000000E+00
 0.113508E-02 0.685119E-03 0.475018E-03 0.000000E+00
 0.109202E-02 0.675866E-03 0.529744E-03 0.000000E+00
 0.110644E-02 0.649319E-03 0.593025E-03 0.000000E+00
 0.119290E-02 0.608073E-03 0.658540E-03 0.000000E+00
 0.131156E-02 0.555247E-03 0.722326E-03 0.000000E+00
 0.143305E-02 0.493110E-03 0.775142E-03 0.000000E+00
 0.154599E-02 0.424147E-03 0.814175E-03 0.000000E+00
 0.163400E-02 0.353539E-03 0.836083E-03 0.000000E+00
 0.168901E-02 0.288506E-03 0.838578E-03 0.000000E+00
 0.170735E-02 0.247476E-03 0.822125E-03 0.000000E+00
 0.168669E-02 0.265239E-03 0.787682E-03 0.000000E+00
 0.162685E-02 0.308496E-03 0.736803E-03 0.000000E+00
 0.153045E-02 0.356171E-03 0.672263E-03 0.000000E+00
 0.140385E-02 0.401306E-03 0.597418E-03 0.000000E+00
 0.125640E-02 0.435787E-03 0.516541E-03 0.000000E+00
 0.109566E-02 0.457129E-03 0.434597E-03 0.000000E+00
 0.952145E-03 0.465375E-03 0.358798E-03 0.000000E+00
 0.865573E-03 0.461533E-03 0.323391E-03 0.000000E+00
 0.819310E-03 0.446861E-03 0.310566E-03 0.000000E+00
 0.810826E-03 0.422880E-03 0.310170E-03 0.000000E+00
 0.847440E-03 0.391056E-03 0.324042E-03 0.000000E+00
 0.909137E-03 0.352904E-03 0.350354E-03 0.000000E+00
 0.976195E-03 0.310177E-03 0.380957E-03 0.000000E+00
 0.103618E-02 0.266163E-03 0.407946E-03 0.000000E+00
 0.108276E-02 0.225008E-03 0.426316E-03 0.000000E+00
 0.111125E-02 0.190783E-03 0.434232E-03 0.000000E+00
 0.111868E-02 0.171698E-03 0.430367E-03 0.000000E+00
 0.110430E-02 0.181023E-03 0.414441E-03 0.000000E+00
 0.106641E-02 0.207174E-03 0.387207E-03 0.000000E+00
 0.100584E-02 0.239003E-03 0.350547E-03 0.000000E+00
 0.926290E-03 0.268810E-03 0.307183E-03 0.000000E+00
 0.832559E-03 0.293648E-03 0.267240E-03 0.000000E+00
 0.738480E-03 0.312230E-03 0.243375E-03 0.000000E+00
 0.673835E-03 0.323941E-03 0.235672E-03 0.000000E+00
 0.634803E-03 0.328681E-03 0.249484E-03 0.000000E+00
 0.622092E-03 0.326868E-03 0.277843E-03 0.000000E+00
 0.636504E-03 0.319061E-03 0.310075E-03 0.000000E+00
 0.667076E-03 0.306034E-03 0.342431E-03 0.000000E+00
 0.702658E-03 0.288522E-03 0.371230E-03 0.000000E+00
 0.737718E-03 0.267044E-03 0.394795E-03 0.000000E+00
 0.768906E-03 0.242256E-03 0.411927E-03 0.000000E+00
 0.793775E-03 0.215098E-03 0.422289E-03 0.000000E+00
 0.810290E-03 0.189665E-03 0.426354E-03 0.000000E+00
 0.817175E-03 0.174851E-03 0.423675E-03 0.000000E+00
 0.814235E-03 0.182653E-03 0.414459E-03 0.000000E+00
 0.799271E-03 0.199790E-03 0.399293E-03 0.000000E+00
 0.772468E-03 0.218131E-03 0.379031E-03 0.000000E+00
 0.735418E-03 0.235168E-03 0.354810E-03 0.000000E+00
 0.690108E-03 0.249564E-03 0.327939E-03 0.000000E+00
 0.638865E-03 0.260546E-03 0.299763E-03 0.000000E+00
 0.587036E-03 0.267756E-03 0.271712E-03 0.000000E+00
 0.554837E-03 0.271075E-03 0.248013E-03 0.000000E+00
 0.540063E-03 0.270569E-03 0.236935E-03 0.000000E+00
 0.536659E-03 0.266423E-03 0.238975E-03 0.000000E+00
 0.546233E-03 0.258909E-03 0.248701E-03 0.000000E+00
 0.561941E-03 0.248357E-03 0.262779E-03 0.000000E+00
 0.579981E-03 0.235192E-03 0.276819E-03 0.000000E+00
 0.597669E-03 0.219850E-03 0.288820E-03 0.000000E+00
 0.612894E-03 0.202975E-03 0.297842E-03 0.000000E+00
 0.624187E-03 0.186326E-03 0.303317E-03 0.000000E+00
 0.630550E-03 0.173147E-03 0.304883E-03 0.000000E+00
 0.631427E-03 0.169102E-03 0.302477E-03 0.000000E+00
 0.626568E-03 0.173142E-03 0.296166E-03 0.000000E+00
 0.616120E-03 0.180762E-03 0.286208E-03 0.000000E+00
 0.600552E-03 0.190404E-03 0.273049E-03 0.000000E+00
 0.580568E-03 0.201458E-03 0.257290E-03 0.000000E+00
 0.556989E-03 0.212789E-03 0.239863E-03 0.000000E+00
 0.533299E-03 0.223505E-03 0.226015E-03 0.000000E+00
 0.520244E-03 0.233090E-03 0.217422E-03 0.000000E+00
 0.513875E-03 0.241109E-03 0.216152E-03 0.000000E+00
 0.515966E-03 0.246976E-03 0.220452E-03 0.000000E+00
 0.523789E-03 0.250536E-03 0.228618E-03 0.000000E+00
 0.533820E-03 0.251849E-03 0.237917E-03 0.000000E+00
 0.545246E-03 0.251105E-03 0.246906E-03 0.000000E+00
 0.557932E-03 0.248495E-03 0.254775E-03 0.000000E+00
 0.571116E-03 0.244295E-03 0.261047E-03 0.000000E+00
 0.582787E-03 0.238756E-03 0.265466E-03 0.000000E+00
 0.592124E-03 0.232231E-03 0.267859E-03 0.000000E+00
 0.598609E-03 0.227458E-03 0.268215E-03 0.000000E+00
 0.601920E-03 0.227091E-03 0.266535E-03 0.000000E+00
 0.601964E-03 0.228638E-03 0.262974E-03 0.000000E+00
 0.598812E-03 0.231799E-03 0.257710E-03 0.000000E+00
 0.592683E-03 0.235981E-03 0.250988E-03 0.000000E+00
 0.583948E-03 0.240178E-03 0.243113E-03 0.000000E+00
 0.573084E-03 0.243892E-03 0.234407E-03 0.000000E+00
 0.560747E-03 0.246821E-03 0.225230E-03 0.000000E+00
 0.550734E-03 0.248766E-03 0.215972E-03 0.000000E+00
 0.547354E-03 0.249607E-03 0.207858E-03 0.000000E+00
 0.546942E-03 0.249283E-03 0.204395E-03 0.000000E+00
 0.550698E-03 0.247786E-03 0.203866E-03 0.000000E+00
 0.556877E-03 0.245157E-03 0.206346E-03 0.000000E+00
 0.563631E-03 0.241473E-03 0.209669E-03 0.000000E+00
 0.570367E-03 0.236861E-03 0.213073E-03 0.000000E+00
 0.576378E-03 0.231471E-03 0.216099E-03 0.000000E+00
 0.581242E-03 0.225490E-03 0.218450E-03 0.000000E+00
 0.584800E-03 0.219161E-03 0.219936E-03 0.000000E+00
 0.586918E-03 0.213209E-03 0.220405E-03 0.000000E+00
 0.587542E-03 0.209751E-03 0.219769E-03 0.000000E+00
 0.586699E-03 0.208313E-03 0.218117E-03 0.000000E+00
 0.584508E-03 0.208262E-03 0.215604E-03 0.000000E+00
 0.581235E-03 0.210172E-03 0.212461E-03 0.000000E+00
 0.577328E-03 0.214414E-03 0.209045E-03 0.000000E+00
 0.573523E-03 0.218541E-03 0.205962E-03 0.000000E+00
 0.571622E-03 0.222042E-03 0.203515E-03 0.000000E+00
 0.571596E-03 0.224844E-03 0.201868E-03 0.000000E+00
 0.571462E-03 0.226887E-03 0.200486E-03 0.000000E+00
 0.571082E-03 0.228132E-03 0.199468E-03 0.000000E+00
 0.570831E-03 0.228564E-03 0.199072E-03 0.000000E+00
 0.571443E-03 0.228185E-03 0.198899E-03 0.000000E+00
 0.572108E-03 0.227008E-03 0.198650E-03 0.000000E+00
 0.572504E-03 0.225074E-03 0.198223E-03 0.000000E+00
 0.572478E-03 0.222432E-03 0.197561E-03 0.000000E+00
 0.571912E-03 0.219140E-03 0.196633E-03 0.000000E+00
 0.570745E-03 0.215272E-03 0.195418E-03 0.000000E+00
 0.568931E-03 0.210914E-03 0.193904E-03 0.000000E+00
 0.566466E-03 0.206444E-03 0.192105E-03 0.000000E+00
 0.563391E-03 0.203077E-03 0.190043E-03 0.000000E+00
 0.559778E-03 0.200013E-03 0.187767E-03 0.000000E+00
 0.555767E-03 0.197008E-03 0.185348E-03 0.000000E+00
 0.551574E-03 0.194023E-03 0.182888E-03 0.000000E+00
 0.547540E-03 0.190995E-03 0.180515E-03 0.000000E+00
 0.544025E-03 0.187884E-03 0.178389E-03 0.000000E+00
 0.541048E-03 0.184654E-03 0.176687E-03 0.000000E+00
 0.538190E-03 0.181253E-03 0.175549E-03 0.000000E+00
 0.535248E-03 0.177637E-03 0.174870E-03 0.000000E+00
 0.532220E-03 0.173795E-03 0.174260E-03 0.000000E+00
 0.529099E-03 0.169722E-03 0.173642E-03 0.000000E+00
 0.525884E-03 0.165429E-03 0.172994E-03 0.000000E+00
 0.522570E-03 0.160943E-03 0.172294E-03 0.000000E+00
 0.519165E-03 0.156287E-03 0.171523E-03 0.000000E+00
 0.515663E-03 0.151503E-03 0.170665E-03 0.000000E+00
 0.512080E-03 0.146634E-03 0.169699E-03 0.000000E+00
 0.508395E-03 0.141728E-03 0.168614E-03 0.000000E+00
 0.504582E-03 0.136841E-03 0.167396E-03 0.000000E+00
 0.500635E-03 0.132028E-03 0.166038E-03 0.000000E+00
 0.496573E-03 0.127851E-03 0.164531E-03 0.000000E+00
 0.492434E-03 0.124324E-03 0.162871E-03 0.000000E+00
 0.488192E-03 0.121149E-03 0.161055E-03 0.000000E+00
 0.483845E-03 0.118336E-03 0.159085E-03 0.000000E+00
 0.479400E-03 0.115949E-03 0.156972E-03 0.000000E+00
 0.474854E-03 0.113996E-03 0.154764E-03 0.000000E+00
 0.470215E-03 0.112033E-03 0.152496E-03 0.000000E+00
 0.465485E-03 0.109989E-03 0.150193E-03 0.000000E+00
 0.460674E-03 0.107851E-03 0.147876E-03 0.000000E+00
 0.455792E-03 0.105607E-03 0.145556E-03 0.000000E+00
 0.450842E-03 0.103247E-03 0.143248E-03 0.000000E+00
 0.445833E-03 0.100773E-03 0.140967E-03 0.000000E+00
 0.440788E-03 0.981886E-04 0.138735E-03 0.000000E+00
 0.435716E-03 0.955093E-04 0.136577E-03 0.000000E+00
 0.430622E-03 0.927422E-04 0.134470E-03 0.000000E+00
 0.425490E-03 0.899169E-04 0.132374E-03 0.000000E+00
 0.420320E-03 0.870258E-04 0.130263E-03 0.000000E+00
 0.415114E-03 0.840658E-04 0.128155E-03 0.000000E+00
 0.409882E-03 0.810549E-04 0.126051E-03 0.000000E+00
 0.404634E-03 0.780043E-04 0.123968E-03 0.000000E+00
 0.399380E-03 0.750838E-04 0.121910E-03 0.000000E+00
 0.394121E-03 0.725197E-04 0.119883E-03 0.000000E+00
 0.388871E-03 0.701006E-04 0.117894E-03 0.000000E+00
 0.383632E-03 0.677652E-04 0.115943E-03 0.000000E+00
 0.378408E-03 0.654762E-04 0.114027E-03 0.000000E+00
 0.373213E-03 0.632166E-04 0.112142E-03 0.000000E+00
 0.368041E-03 0.609753E-04 0.110284E-03 0.000000E+00
 0.362904E-03 0.587475E-04 0.108452E-03 0.000000E+00
 0.357802E-03 0.565424E-04 0.106638E-03 0.000000E+00
 0.352743E-03 0.543559E-04 0.104839E-03 0.000000E+00
 0.347719E-03 0.521921E-04 0.103055E-03 0.000000E+00
 0.342740E-03 0.500581E-04 0.101275E-03 0.000000E+00
 0.337810E-03 0.479560E-04 0.995015E-04 0.000000E+00
 0.332927E-03 0.458941E-04 0.977295E-04 0.000000E+00
 0.328091E-03 0.438826E-04 0.959562E-04 0.000000E+00
 0.323301E-03 0.419201E-04 0.941832E-04 0.000000E+00
 0.318566E-03 0.400241E-04 0.924067E-04 0.000000E+00
 0.313879E-03 0.381996E-04 0.906282E-04 0.000000E+00
 0.309242E-03 0.364817E-04 0.888569E-04 0.000000E+00
 0.304657E-03 0.350374E-04 0.870915E-04 0.000000E+00
 0.300121E-03 0.337975E-04 0.853373E-04 0.000000E+00
 0.295642E-03 0.327109E-04 0.835964E-04 0.000000E+00
 0.291216E-03 0.317804E-04 0.818640E-04 0.000000E+00
 0.286836E-03 0.310211E-04 0.801429E-04 0.000000E+00
 0.282515E-03 0.304338E-04 0.784342E-04 0.000000E+00
 0.278249E-03 0.299052E-04 0.767396E-04 0.000000E+00
 0.274036E-03 0.294178E-04 0.750593E-04 0.000000E+00
 0.269881E-03 0.289696E-04 0.733951E-04 0.000000E+00
 0.265782E-03 0.285427E-04 0.717499E-04 0.000000E+00
 0.261739E-03 0.281327E-04 0.701270E-04 0.000000E+00
 0.257757E-03 0.277366E-04 0.685272E-04 0.000000E+00
 0.253831E-03 0.273444E-04 0.669564E-04 0.000000E+00
 0.249966E-03 0.269528E-04 0.654187E-04 0.000000E+00
 0.246166E-03 0.265608E-04 0.639158E-04 0.000000E+00
 0.242425E-03 0.261663E-04 0.624529E-04 0.000000E+00
 0.238751E-03 0.257683E-04 0.610299E-04 0.000000E+00
 0.235138E-03 0.253668E-04 0.596509E-04 0.000000E+00
 0.231587E-03 0.249637E-04 0.583169E-04 0.000000E+00
 0.228100E-03 0.245587E-04 0.570296E-04 0.000000E+00
 0.224682E-03 0.241585E-04 0.557854E-04 0.000000E+00
 0.221329E-03 0.237659E-04 0.545903E-04 0.000000E+00
 0.218039E-03 0.234187E-04 0.534416E-04 0.000000E+00
 0.214819E-03 0.231477E-04 0.523355E-04 0.000000E+00
 0.211660E-03 0.229114E-04 0.512768E-04 0.000000E+00
 0.208567E-03 0.227067E-04 0.502609E-04 0.000000E+00
 0.205541E-03 0.225300E-04 0.492900E-04 0.000000E+00
 0.202578E-03 0.223820E-04 0.483638E-04 0.000000E+00
 0.199675E-03 0.222673E-04 0.474801E-04 0.000000E+00
 0.196835E-03 0.221921E-04 0.466410E-04 0.000000E+00
 0.194060E-03 0.221599E-04 0.458448E-04 0.000000E+00
 0.191346E-03 0.221816E-04 0.450918E-04 0.000000E+00
 0.188694E-03 0.222568E-04 0.443819E-04 0.000000E+00
 0.186128E-03 0.223844E-04 0.437171E-04 0.000000E+00
 0.183652E-03 0.225616E-04 0.430930E-04 0.000000E+00
 0.181265E-03 0.227750E-04 0.425135E-04 0.000000E+00
 0.178971E-03 0.230189E-04 0.419734E-04 0.000000E+00
 0.176766E-03 0.232858E-04 0.414736E-04 0.000000E+00
 0.174647E-03 0.235678E-04 0.410122E-04 0.000000E+00
 0.172618E-03 0.238807E-04 0.405827E-04 0.000000E+00
 0.170671E-03 0.242241E-04 0.401852E-04 0.000000E+00
 0.168806E-03 0.245795E-04 0.398175E-04 0.000000E+00
 0.167024E-03 0.249277E-04 0.394737E-04 0.000000E+00
 0.165321E-03 0.252561E-04 0.391522E-04 0.000000E+00
 0.163699E-03 0.255696E-04 0.388487E-04 0.000000E+00
 0.162153E-03 0.258628E-04 0.385626E-04 0.000000E+00
 0.160678E-03 0.261359E-04 0.382891E-04 0.000000E+00
 0.159276E-03 0.263853E-04 0.380303E-04 0.000000E+00
 0.157942E-03 0.266113E-04 0.377810E-04 0.000000E+00
 0.156672E-03 0.268149E-04 0.375402E-04 0.000000E+00
 0.155470E-03 0.269943E-04 0.373101E-04 0.000000E+00
 0.154326E-03 0.271527E-04 0.370875E-04 0.000000E+00
 0.153238E-03 0.272907E-04 0.368716E-04 0.000000E+00
 0.152213E-03 0.274086E-04 0.366644E-04 0.000000E+00
 0.151238E-03 0.275107E-04 0.364632E-04 0.000000E+00
 0.150311E-03 0.275961E-04 0.362709E-04 0.000000E+00
 0.149425E-03 0.276692E-04 0.360868E-04 0.000000E+00
 0.148580E-03 0.277307E-04 0.359106E-04 0.000000E+00
 0.147771E-03 0.277829E-04 0.357420E-04 0.000000E+00
 0.146996E-03 0.278297E-04 0.355824E-04 0.000000E+00
 0.146259E-03 0.278793E-04 0.354318E-04 0.000000E+00
 0.145554E-03 0.279425E-04 0.352870E-04 0.000000E+00
 0.144875E-03 0.280056E-04 0.351540E-04 0.000000E+00
 0.144228E-03 0.280686E-04 0.350295E-04 0.000000E+00
 0.143608E-03 0.281310E-04 0.349128E-04 0.000000E+00
 0.143016E-03 0.281895E-04 0.348067E-04 0.000000E+00
 0.142446E-03 0.282477E-04 0.347095E-04 0.000000E+00
 0.141904E-03 0.283013E-04 0.346209E-04 0.000000E+00
 0.141384E-03 0.283483E-04 0.345432E-04 0.000000E+00
 0.140888E-03 0.283910E-04 0.344732E-04 0.000000E+00
 0.140408E-03 0.284262E-04 0.344090E-04 0.000000E+00
 0.139953E-03 0.284536E-04 0.343537E-04 0.000000E+00
 0.139517E-03 0.284736E-04 0.343058E-04 0.000000E+00
 0.139099E-03 0.284836E-04 0.342599E-04 0.000000E+00
 0.138700E-03 0.284874E-04 0.342178E-04 0.000000E+00
 0.138315E-03 0.284801E-04 0.341796E-04 0.000000E+00
 0.137949E-03 0.284662E-04 0.341405E-04 0.000000E+00
 0.137591E-03 0.284423E-04 0.341035E-04 0.000000E+00
 0.137252E-03 0.284092E-04 0.340652E-04 0.000000E+00
 0.136924E-03 0.283681E-04 0.340263E-04 0.000000E+00
 0.136609E-03 0.283199E-04 0.339853E-04 0.000000E+00
 0.136303E-03 0.282613E-04 0.339410E-04 0.000000E+00
 0.136011E-03 0.281964E-04 0.338948E-04 0.000000E+00
 0.135727E-03 0.281235E-04 0.338481E-04 0.000000E+00
 0.135454E-03 0.280429E-04 0.337974E-04 0.000000E+00
 0.135190E-03 0.279519E-04 0.337438E-04 0.000000E+00
 0.134934E-03 0.278548E-04 0.336913E-04 0.000000E+00
 0.134685E-03 0.277497E-04 0.336330E-04 0.000000E+00
 0.134447E-03 0.276362E-04 0.335730E-04 0.000000E+00
 0.134213E-03 0.275173E-04 0.335120E-04 0.000000E+00
 0.133992E-03 0.273926E-04 0.334483E-04 0.000000E+00
 0.133773E-03 0.272628E-04 0.333795E-04 0.000000E+00
 0.133562E-03 0.271268E-04 0.333097E-04 0.000000E+00
 0.133360E-03 0.269884E-04 0.332376E-04 0.000000E+00
 0.133165E-03 0.268471E-04 0.331604E-04 0.000000E+00
 0.132973E-03 0.266987E-04 0.330815E-04 0.000000E+00
 0.132792E-03 0.265536E-04 0.329981E-04 0.000000E+00
 0.132616E-03 0.264058E-04 0.329111E-04 0.000000E+00
 0.132446E-03 0.262547E-04 0.328200E-04 0.000000E+00
 0.132283E-03 0.261014E-04 0.327229E-04 0.000000E+00
 0.132125E-03 0.259484E-04 0.326193E-04 0.000000E+00
 0.131975E-03 0.257964E-04 0.325094E-04 0.000000E+00
 0.131829E-03 0.256397E-04 0.323943E-04 0.000000E+00
 0.131691E-03 0.254839E-04 0.322745E-04 0.000000E+00
 0.131559E-03 0.253265E-04 0.321493E-04 0.000000E+00
 0.131433E-03 0.251675E-04 0.320187E-04 0.000000E+00
 0.131311E-03 0.250076E-04 0.318829E-04 0.000000E+00
 0.131195E-03 0.248459E-04 0.317437E-04 0.000000E+00
 0.131083E-03 0.246809E-04 0.315987E-04 0.000000E+00
 0.130975E-03 0.245156E-04 0.314489E-04 0.000000E+00
 0.130876E-03 0.243479E-04 0.312955E-04 0.000000E+00
 0.130779E-03 0.241798E-04 0.311401E-04 0.000000E+00
 0.130686E-03 0.240079E-04 0.309792E-04 0.000000E+00
 0.130595E-03 0.238345E-04 0.308174E-04 0.000000E+00
 0.130510E-03 0.236604E-04 0.306534E-04 0.000000E+00
 0.130427E-03 0.234828E-04 0.304862E-04 0.000000E+00
 0.130352E-03 0.233028E-04 0.303148E-04 0.000000E+00
 0.130277E-03 0.231233E-04 0.301432E-04 0.000000E+00
 0.130205E-03 0.229388E-04 0.299708E-04 0.000000E+00
 0.130135E-03 0.227540E-04 0.297947E-04 0.000000E+00
 0.130070E-03 0.225691E-04 0.296163E-04 0.000000E+00
 0.130006E-03 0.223819E-04 0.294383E-04 0.000000E+00
 0.129945E-03 0.221972E-04 0.292591E-04 0.000000E+00
 0.129888E-03 0.220077E-04 0.290788E-04 0.000000E+00
 0.129832E-03 0.218168E-04 0.288939E-04 0.000000E+00
 0.129776E-03 0.216308E-04 0.287078E-04 0.000000E+00
 0.129725E-03 0.214399E-04 0.285217E-04 0.000000E+00
 0.129676E-03 0.212504E-04 0.283335E-04 0.000000E+00
 0.129629E-03 0.210616E-04 0.281437E-04 0.000000E+00
 0.129581E-03 0.208715E-04 0.279515E-04 0.000000E+00
 0.129534E-03 0.206832E-04 0.277595E-04 0.000000E+00
 0.129491E-03 0.204966E-04 0.275654E-04 0.000000E+00
 0.129450E-03 0.203112E-04 0.273674E-04 0.000000E+00
 0.129409E-03 0.201263E-04 0.271713E-04 0.000000E+00
 0.129369E-03 0.199440E-04 0.269746E-04 0.000000E+00
 0.129332E-03 0.197616E-04 0.267758E-04 0.000000E+00
 0.129296E-03 0.195809E-04 0.265740E-04 0.000000E+00
 0.129262E-03 0.194027E-04 0.263729E-04 0.000000E+00
 0.129231E-03 0.192266E-04 0.261685E-04 0.000000E+00
 0.129195E-03 0.190538E-04 0.259666E-04 0.000000E+00
 0.129168E-03 0.188792E-04 0.257631E-04 0.000000E+00
 0.129138E-03 0.187097E-04 0.255589E-04 0.000000E+00
 0.129112E-03 0.185412E-04 0.253549E-04 0.000000E+00
 0.129085E-03 0.183759E-04 0.251519E-04 0.000000E+00
 0.129060E-03 0.182113E-04 0.249486E-04 0.000000E+00
 0.129034E-03 0.180478E-04 0.247474E-04 0.000000E+00
 0.129014E-03 0.178875E-04 0.245444E-04 0.000000E+00
 0.128992E-03 0.177278E-04 0.243442E-04 0.000000E+00
 0.128971E-03 0.175685E-04 0.241457E-04 0.000000E+00
 0.128951E-03 0.174141E-04 0.239469E-04 0.000000E+00
 0.128933E-03 0.172571E-04 0.237517E-04 0.000000E+00
 0.128913E-03 0.171046E-04 0.235558E-04 0.000000E+00
 0.128895E-03 0.169528E-04 0.233607E-04 0.000000E+00
 0.128878E-03 0.168006E-04 0.231681E-04 0.000000E+00
 0.128862E-03 0.166533E-04 0.229773E-04 0.000000E+00
 0.128844E-03 0.165049E-04 0.227877E-04 0.000000E+00
 0.128830E-03 0.163589E-04 0.226008E-04 0.000000E+00
 0.128815E-03 0.162147E-04 0.224150E-04 0.000000E+00
 0.128799E-03 0.160712E-04 0.222317E-04 0.000000E+00
 0.128783E-03 0.159306E-04 0.220505E-04 0.000000E+00
 0.128768E-03 0.157924E-04 0.218690E-04 0.000000E+00
 0.128753E-03 0.156540E-04 0.216889E-04 0.000000E+00
 0.128741E-03 0.155183E-04 0.215141E-04 0.000000E+00
 0.128724E-03 0.153860E-04 0.213357E-04 0.000000E+00
 0.128712E-03 0.152533E-04 0.211632E-04 0.000000E+00
 0.128696E-03 0.151255E-04 0.209898E-04 0.000000E+00
 0.128681E-03 0.149966E-04 0.208199E-04 0.000000E+00
 0.128669E-03 0.148711E-04 0.206520E-04 0.000000E+00
 0.128653E-03 0.147508E-04 0.204850E-04 0.000000E+00
 0.128639E-03 0.146280E-04 0.203216E-04 0.000000E+00
 0.128623E-03 0.145085E-04 0.201586E-04 0.000000E+00
 0.128609E-03 0.143913E-04 0.199953E-04 0.000000E+00
 0.128596E-03 0.142769E-04 0.198351E-04 0.000000E+00
 0.128581E-03 0.141629E-04 0.196770E-04 0.000000E+00
 0.128569E-03 0.140549E-04 0.195200E-04 0.000000E+00
 0.128556E-03 0.139463E-04 0.193662E-04 0.000000E+00
 0.128540E-03 0.138398E-04 0.192138E-04 0.000000E+00
 0.128526E-03 0.137371E-04 0.190667E-04 0.000000E+00
 0.128513E-03 0.136357E-04 0.189214E-04 0.000000E+00
 0.128498E-03 0.135373E-04 0.187777E-04 0.000000E+00
 0.128485E-03 0.134398E-04 0.186366E-04 0.000000E+00
 0.128471E-03 0.133442E-04 0.184968E-04 0.000000E+00
 0.128458E-03 0.132518E-04 0.183602E-04 0.000000E+00
 0.128447E-03 0.131603E-04 0.182253E-04 0.000000E+00
 0.128432E-03 0.130718E-04 0.180923E-04 0.000000E+00
 0.128418E-03 0.129868E-04 0.179656E-04 0.000000E+00
 0.128403E-03 0.129030E-04 0.178466E-04 0.000000E+00
 0.128391E-03 0.128219E-04 0.177343E-04 0.000000E+00
 0.128377E-03 0.127437E-04 0.176286E-04 0.000000E+00
 0.128367E-03 0.126698E-04 0.175331E-04 0.000000E+00
 0.128353E-03 0.125975E-04 0.174437E-04 0.000000E+00
 0.128340E-03 0.125280E-04 0.173621E-04 0.000000E+00
 0.128330E-03 0.124635E-04 0.172878E-04 0.000000E+00
 0.128318E-03 0.124031E-04 0.172212E-04 0.000000E+00
 0.128308E-03 0.123453E-04 0.171666E-04 0.000000E+00
 0.128300E-03 0.122912E-04 0.171198E-04 0.000000E+00
 0.128289E-03 0.122409E-04 0.170811E-04 0.000000E+00
 0.128282E-03 0.121924E-04 0.170492E-04 0.000000E+00
 0.128275E-03 0.121492E-04 0.170174E-04 0.000000E+00
 0.128262E-03 0.121099E-04 0.169859E-04 0.000000E+00
 0.128254E-03 0.120707E-04 0.169575E-04 0.000000E+00
 0.128240E-03 0.120343E-04 0.169290E-04 0.000000E+00
 0.128221E-03 0.120014E-04 0.169043E-04 0.000000E+00
 0.128209E-03 0.119689E-04 0.168832E-04 0.000000E+00
 0.128188E-03 0.119412E-04 0.168621E-04 0.000000E+00
 0.128170E-03 0.119126E-04 0.168444E-04 0.000000E+00
 0.128148E-03 0.118855E-04 0.168268E-04 0.000000E+00
 0.128127E-03 0.118635E-04 0.168116E-04 0.000000E+00
 0.128105E-03 0.118402E-04 0.167963E-04 0.000000E+00
 0.128080E-03 0.118203E-04 0.167820E-04 0.000000E+00
 0.128054E-03 0.118037E-04 0.167686E-04 0.000000E+00
 0.128029E-03 0.117859E-04 0.167575E-04 0.000000E+00
 0.128002E-03 0.117724E-04 0.167468E-04 0.000000E+00
 0.127975E-03 0.117595E-04 0.167365E-04 0.000000E+00
 0.127941E-03 0.117468E-04 0.167309E-04 0.000000E+00
 0.127912E-03 0.117392E-04 0.167242E-04 0.000000E+00
 0.127880E-03 0.117305E-04 0.167177E-04 0.000000E+00
 0.127850E-03 0.117240E-04 0.167118E-04 0.000000E+00
 0.127816E-03 0.117213E-04 0.167054E-04 0.000000E+00
 0.127780E-03 0.117181E-04 0.167027E-04 0.000000E+00
 0.127744E-03 0.117178E-04 0.167008E-04 0.000000E+00
 0.127708E-03 0.117194E-04 0.166997E-04 0.000000E+00
 0.127673E-03 0.117225E-04 0.166997E-04 0.000000E+00
 0.127634E-03 0.117287E-04 0.167002E-04 0.000000E+00
 0.127596E-03 0.117331E-04 0.167010E-04 0.000000E+00
 0.127558E-03 0.117412E-04 0.167019E-04 0.000000E+00
 0.127518E-03 0.117509E-04 0.167024E-04 0.000000E+00
 0.127476E-03 0.117611E-04 0.167043E-04 0.000000E+00
 0.127436E-03 0.117728E-04 0.167068E-04 0.000000E+00
 0.127395E-03 0.117850E-04 0.167096E-04 0.000000E+00
 0.127351E-03 0.117990E-04 0.167103E-04 0.000000E+00
 0.127305E-03 0.118143E-04 0.167114E-04 0.000000E+00
 0.127264E-03 0.118305E-04 0.167142E-04 0.000000E+00
 0.127219E-03 0.118507E-04 0.167155E-04 0.000000E+00
 0.127175E-03 0.118704E-04 0.167163E-04 0.000000E+00
 0.127129E-03 0.118909E-04 0.167172E-04 0.000000E+00
 0.127084E-03 0.119142E-04 0.167194E-04 0.000000E+00
 0.127036E-03 0.119388E-04 0.167191E-04 0.000000E+00
 0.126989E-03 0.119615E-04 0.167190E-04 0.000000E+00
 0.126942E-03 0.119879E-04 0.167175E-04 0.000000E+00
 0.126894E-03 0.120131E-04 0.167161E-04 0.000000E+00
 0.126846E-03 0.120364E-04 0.167145E-04 0.000000E+00
 0.126797E-03 0.120621E-04 0.167126E-04 0.000000E+00
 0.126750E-03 0.120867E-04 0.167108E-04 0.000000E+00
 0.126699E-03 0.121114E-04 0.167083E-04 0.000000E+00
 0.126650E-03 0.121375E-04 0.167065E-04 0.000000E+00
 0.126601E-03 0.121607E-04 0.167038E-04 0.000000E+00
 0.126551E-03 0.121851E-04 0.166997E-04 0.000000E+00
 0.126504E-03 0.122079E-04 0.166970E-04 0.000000E+00
 0.126453E-03 0.122322E-04 0.166926E-04 0.000000E+00
 0.126402E-03 0.122559E-04 0.166879E-04 0.000000E+00
 0.126351E-03 0.122786E-04 0.166829E-04 0.000000E+00
 0.126304E-03 0.122991E-04 0.166793E-04 0.000000E+00
 0.126257E-03 0.123207E-04 0.166738E-04 0.000000E+00
 0.126214E-03 0.123418E-04 0.166675E-04 0.000000E+00
 0.126175E-03 0.123611E-04 0.166617E-04 0.000000E+00
 0.126134E-03 0.123813E-04 0.166531E-04 0.000000E+00
 0.126102E-03 0.123976E-04 0.166471E-04 0.000000E+00
 0.126070E-03 0.124152E-04 0.166376E-04 0.000000E+00
 0.126041E-03 0.124309E-04 0.166310E-04 0.000000E+00
 0.126015E-03 0.124476E-04 0.166215E-04 0.000000E+00
 0.125987E-03 0.124638E-04 0.166129E-04 0.000000E+00
 0.125965E-03 0.124783E-04 0.166044E-04 0.000000E+00
 0.125943E-03 0.124936E-04 0.165930E-04 0.000000E+00
 0.125922E-03 0.125068E-04 0.165824E-04 0.000000E+00
 0.125905E-03 0.125184E-04 0.165722E-04 0.000000E+00
 0.125889E-03 0.125304E-04 0.165595E-04 0.000000E+00
 0.125874E-03 0.125420E-04 0.165461E-04 0.000000E+00
 0.125861E-03 0.125509E-04 0.165337E-04 0.000000E+00
 0.125851E-03 0.125606E-04 0.165196E-04 0.000000E+00
 0.125837E-03 0.125698E-04 0.165049E-04 0.000000E+00
 0.125828E-03 0.125777E-04 0.164898E-04 0.000000E+00
 0.125816E-03 0.125833E-04 0.164757E-04 0.000000E+00
 0.125807E-03 0.125898E-04 0.164587E-04 0.000000E+00
 0.125797E-03 0.125958E-04 0.164414E-04 0.000000E+00
 0.125788E-03 0.126002E-04 0.164222E-04 0.000000E+00
 0.125781E-03 0.126026E-04 0.164049E-04 0.000000E+00
 0.125775E-03 0.126084E-04 0.163844E-04 0.000000E+00
 0.125767E-03 0.126096E-04 0.163663E-04 0.000000E+00
 0.125763E-03 0.126108E-04 0.163443E-04 0.000000E+00
 0.125755E-03 0.126113E-04 0.163255E-04 0.000000E+00
 0.125747E-03 0.126119E-04 0.163030E-04 0.000000E+00
 0.125741E-03 0.126119E-04 0.162805E-04 0.000000E+00
 0.125733E-03 0.126100E-04 0.162564E-04 0.000000E+00
 0.125720E-03 0.126075E-04 0.162340E-04 0.000000E+00
 0.125713E-03 0.126040E-04 0.162097E-04 0.000000E+00
 0.125704E-03 0.125987E-04 0.161860E-04 0.000000E+00
 0.125698E-03 0.125922E-04 0.161602E-04 0.000000E+00
 0.125686E-03 0.125867E-04 0.161344E-04 0.000000E+00
 0.125676E-03 0.125792E-04 0.161088E-04 0.000000E+00
 0.125663E-03 0.125715E-04 0.160802E-04 0.000000E+00
 0.125652E-03 0.125631E-04 0.160531E-04 0.000000E+00
 0.125642E-03 0.125553E-04 0.160249E-04 0.000000E+00
 0.125629E-03 0.125462E-04 0.159963E-04 0.000000E+00
 0.125615E-03 0.125364E-04 0.159648E-04 0.000000E+00
 0.125597E-03 0.125251E-04 0.159353E-04 0.000000E+00
 0.125582E-03 0.125131E-04 0.159050E-04 0.000000E+00
 0.125569E-03 0.125029E-04 0.158723E-04 0.000000E+00
 0.125552E-03 0.124890E-04 0.158398E-04 0.000000E+00
 0.125535E-03 0.124758E-04 0.158055E-04 0.000000E+00
 0.125517E-03 0.124638E-04 0.157710E-04 0.000000E+00
 0.125497E-03 0.124478E-04 0.157372E-04 0.000000E+00
 0.125479E-03 0.124326E-04 0.157009E-04 0.000000E+00
 0.125458E-03 0.124180E-04 0.156658E-04 0.000000E+00
 0.125440E-03 0.124021E-04 0.156300E-04 0.000000E+00
 0.125418E-03 0.123866E-04 0.155916E-04 0.000000E+00
 0.125397E-03 0.123685E-04 0.155538E-04 0.000000E+00
 0.125374E-03 0.123509E-04 0.155171E-04 0.000000E+00
 0.125351E-03 0.123341E-04 0.154780E-04 0.000000E+00
 0.125330E-03 0.123163E-04 0.154397E-04 0.000000E+00
 0.125304E-03 0.122964E-04 0.153996E-04 0.000000E+00
 0.125283E-03 0.122783E-04 0.153589E-04 0.000000E+00
 0.125257E-03 0.122585E-04 0.153192E-04 0.000000E+00
 0.125230E-03 0.122393E-04 0.152755E-04 0.000000E+00
 0.125211E-03 0.122182E-04 0.152340E-04 0.000000E+00
 0.125181E-03 0.121977E-04 0.151912E-04 0.000000E+00
 0.125158E-03 0.121770E-04 0.151479E-04 0.000000E+00
 0.125129E-03 0.121556E-04 0.151039E-04 0.000000E+00
 0.125103E-03 0.121329E-04 0.150595E-04 0.000000E+00
 0.125078E-03 0.121114E-04 0.150145E-04 0.000000E+00
 0.125053E-03 0.120864E-04 0.149705E-04 0.000000E+00
 0.125023E-03 0.120639E-04 0.149258E-04 0.000000E+00
 0.124997E-03 0.120405E-04 0.148798E-04 0.000000E+00
 0.124968E-03 0.120160E-04 0.148330E-04 0.000000E+00
 0.124939E-03 0.119907E-04 0.147865E-04 0.000000E+00
 0.124915E-03 0.119678E-04 0.147375E-04 0.000000E+00
 0.124881E-03 0.119428E-04 0.146887E-04 0.000000E+00
 0.124854E-03 0.119172E-04 0.146392E-04 0.000000E+00
 0.124829E-03 0.118937E-04 0.145902E-04 0.000000E+00
 0.124799E-03 0.118686E-04 0.145423E-04 0.000000E+00
 0.124769E-03 0.118431E-04 0.144894E-04 0.000000E+00
 0.124742E-03 0.118164E-04 0.144410E-04 0.000000E+00
 0.124714E-03 0.117896E-04 0.143915E-04 0.000000E+00
 0.124681E-03 0.117622E-04 0.143397E-04 0.000000E+00
 0.124654E-03 0.117356E-04 0.142877E-04 0.000000E+00
 0.124626E-03 0.117087E-04 0.142362E-04 0.000000E+00
 0.124597E-03 0.116814E-04 0.141833E-04 0.000000E+00
 0.124567E-03 0.116547E-04 0.141318E-04 0.000000E+00
 0.124540E-03 0.116286E-04 0.140773E-04 0.000000E+00
 0.124511E-03 0.116024E-04 0.140258E-04 0.000000E+00
 0.124482E-03 0.115740E-04 0.139738E-04 0.000000E+00
 0.124455E-03 0.115473E-04 0.139203E-04 0.000000E+00
 0.124426E-03 0.115191E-04 0.138680E-04 0.000000E+00
 0.124400E-03 0.114920E-04 0.138143E-04 0.000000E+00
 0.124372E-03 0.114648E-04 0.137609E-04 0.000000E+00
 0.124345E-03 0.114359E-04 0.137043E-04 0.000000E+00
 0.124314E-03 0.114091E-04 0.136495E-04 0.000000E+00
 0.124288E-03 0.113830E-04 0.135965E-04 0.000000E+00
 0.124261E-03 0.113550E-04 0.135412E-04 0.000000E+00
 0.124234E-03 0.113266E-04 0.134878E-04 0.000000E+00
 0.124208E-03 0.112994E-04 0.134331E-04 0.000000E+00
 0.124182E-03 0.112710E-04 0.133766E-04 0.000000E+00
 0.124155E-03 0.112431E-04 0.133224E-04 0.000000E+00
 0.124129E-03 0.112155E-04 0.132672E-04 0.000000E+00
 0.124105E-03 0.111875E-04 0.132113E-04 0.000000E+00
 0.124080E-03 0.111605E-04 0.131552E-04 0.000000E+00
 0.124056E-03 0.111331E-04 0.130994E-04 0.000000E+00
 0.124033E-03 0.111053E-04 0.130440E-04 0.000000E+00
 0.124007E-03 0.110762E-04 0.129903E-04 0.000000E+00
 0.123983E-03 0.110503E-04 0.129383E-04 0.000000E+00
 0.123961E-03 0.110238E-04 0.128850E-04 0.000000E+00
 0.123939E-03 0.109961E-04 0.128344E-04 0.000000E+00
 0.123914E-03 0.109712E-04 0.127840E-04 0.000000E+00
 0.123891E-03 0.109460E-04 0.127352E-04 0.000000E+00
 0.123871E-03 0.109218E-04 0.126875E-04 0.000000E+00
 0.123850E-03 0.108985E-04 0.126417E-04 0.000000E+00
 0.123828E-03 0.108761E-04 0.125952E-04 0.000000E+00
 0.123808E-03 0.108510E-04 0.125534E-04 0.000000E+00
 0.123790E-03 0.108276E-04 0.125107E-04 0.000000E+00
 0.123772E-03 0.108062E-04 0.124699E-04 0.000000E+00
 0.123750E-03 0.107837E-04 0.124313E-04 0.000000E+00
 0.123730E-03 0.107627E-04 0.123959E-04 0.000000E+00
 0.123711E-03 0.107411E-04 0.123620E-04 0.000000E+00
 0.123696E-03 0.107208E-04 0.123303E-04 0.000000E+00
 0.123677E-03 0.106997E-04 0.123031E-04 0.000000E+00
 0.123661E-03 0.106788E-04 0.122757E-04 0.000000E+00
 0.123644E-03 0.106598E-04 0.122497E-04 0.000000E+00
 0.123629E-03 0.106384E-04 0.122284E-04 0.000000E+00
 0.123616E-03 0.106199E-04 0.122080E-04 0.000000E+00
 0.123600E-03 0.105980E-04 0.121876E-04 0.000000E+00
 0.123586E-03 0.105766E-04 0.121696E-04 0.000000E+00
 0.123572E-03 0.105575E-04 0.121530E-04 0.000000E+00
 0.123559E-03 0.105340E-04 0.121396E-04 0.000000E+00
 0.123548E-03 0.105137E-04 0.121262E-04 0.000000E+00
 0.123536E-03 0.104946E-04 0.121150E-04 0.000000E+00
 0.123525E-03 0.104740E-04 0.121034E-04 0.000000E+00
 0.123514E-03 0.104551E-04 0.120942E-04 0.000000E+00
 0.123504E-03 0.104354E-04 0.120858E-04 0.000000E+00
 0.123496E-03 0.104155E-04 0.120798E-04 0.000000E+00
 0.123487E-03 0.103960E-04 0.120752E-04 0.000000E+00
 0.123476E-03 0.103784E-04 0.120702E-04 0.000000E+00
 0.123474E-03 0.103591E-04 0.120687E-04 0.000000E+00
 0.123463E-03 0.103399E-04 0.120665E-04 0.000000E+00
 0.123458E-03 0.103199E-04 0.120677E-04 0.000000E+00
 0.123451E-03 0.103004E-04 0.120668E-04 0.000000E+00
 0.123447E-03 0.102830E-04 0.120669E-04 0.000000E+00
 0.123441E-03 0.102650E-04 0.120683E-04 0.000000E+00
 0.123439E-03 0.102459E-04 0.120727E-04 0.000000E+00
 0.123433E-03 0.102281E-04 0.120782E-04 0.000000E+00
 0.123432E-03 0.102068E-04 0.120821E-04 0.000000E+00
 0.123429E-03 0.101882E-04 0.120876E-04 0.000000E+00
 0.123428E-03 0.101689E-04 0.120962E-04 0.000000E+00
 0.123427E-03 0.101509E-04 0.121037E-04 0.000000E+00
 0.123427E-03 0.101324E-04 0.121115E-04 0.000000E+00
 0.123427E-03 0.101136E-04 0.121225E-04 0.000000E+00
 0.123429E-03 0.100951E-04 0.121311E-04 0.000000E+00
 0.123430E-03 0.100767E-04 0.121430E-04 0.000000E+00
 0.123435E-03 0.100582E-04 0.121556E-04 0.000000E+00
 0.123440E-03 0.100401E-04 0.121690E-04 0.000000E+00
 0.123445E-03 0.100226E-04 0.121838E-04 0.000000E+00
 0.123452E-03 0.100047E-04 0.121975E-04 0.000000E+00
 0.123456E-03 0.998586E-05 0.122143E-04 0.000000E+00
 0.123468E-03 0.996678E-05 0.122302E-04 0.000000E+00
 0.123476E-03 0.995070E-05 0.122456E-04 0.000000E+00
 0.123487E-03 0.993342E-05 0.122611E-04 0.000000E+00
 0.123496E-03 0.991683E-05 0.122758E-04 0.000000E+00
 0.123507E-03 0.989966E-05 0.122932E-04 0.000000E+00
 0.123522E-03 0.988311E-05 0.123085E-04 0.000000E+00
 0.123533E-03 0.986571E-05 0.123267E-04 0.000000E+00
 0.123547E-03 0.984807E-05 0.123437E-04 0.000000E+00
 0.123560E-03 0.983234E-05 0.123606E-04 0.000000E+00
 0.123574E-03 0.981369E-05 0.123801E-04 0.000000E+00
 0.123589E-03 0.979779E-05 0.123964E-04 0.000000E+00
 0.123606E-03 0.978082E-05 0.124121E-04 0.000000E+00
 0.123622E-03 0.976347E-05 0.124276E-04 0.000000E+00
 0.123638E-03 0.974674E-05 0.124433E-04 0.000000E+00
 0.123655E-03 0.972960E-05 0.124617E-04 0.000000E+00
 0.123673E-03 0.971301E-05 0.124761E-04 0.000000E+00
 0.123692E-03 0.969645E-05 0.124918E-04 0.000000E+00
 0.123711E-03 0.968084E-05 0.125059E-04 0.000000E+00
 0.123728E-03 0.966599E-05 0.125219E-04 0.000000E+00
 0.123744E-03 0.965041E-05 0.125377E-04 0.000000E+00
 0.123765E-03 0.963396E-05 0.125526E-04 0.000000E+00
 0.123784E-03 0.961910E-05 0.125670E-04 0.000000E+00
 0.123806E-03 0.960431E-05 0.125828E-04 0.000000E+00
 0.123826E-03 0.958659E-05 0.125980E-04 0.000000E+00
 0.123847E-03 0.957244E-05 0.126119E-04 0.000000E+00
 0.123868E-03 0.955601E-05 0.126272E-04 0.000000E+00
 0.123890E-03 0.953980E-05 0.126405E-04 0.000000E+00
 0.123911E-03 0.952316E-05 0.126546E-04 0.000000E+00
 0.123934E-03 0.950782E-05 0.126699E-04 0.000000E+00
 0.123956E-03 0.949261E-05 0.126821E-04 0.000000E+00
 0.123977E-03 0.947754E-05 0.126963E-04 0.000000E+00
 0.124000E-03 0.946196E-05 0.127099E-04 0.000000E+00
 0.124023E-03 0.944636E-05 0.127209E-04 0.000000E+00
 0.124043E-03 0.943212E-05 0.127341E-04 0.000000E+00
 0.124067E-03 0.941711E-05 0.127466E-04 0.000000E+00
 0.124091E-03 0.940152E-05 0.127578E-04 0.000000E+00
 0.124113E-03 0.938740E-05 0.127688E-04 0.000000E+00
 0.124136E-03 0.937015E-05 0.127816E-04 0.000000E+00
 0.124161E-03 0.935571E-05 0.127928E-04 0.000000E+00
 0.124184E-03 0.934035E-05 0.128045E-04 0.000000E+00
 0.124208E-03 0.932545E-05 0.128156E-04 0.000000E+00
 0.124232E-03 0.931120E-05 0.128263E-04 0.000000E+00
 0.124256E-03 0.929768E-05 0.128356E-04 0.000000E+00
 0.124279E-03 0.928191E-05 0.128458E-04 0.000000E+00
 0.124303E-03 0.926866E-05 0.128548E-04 0.000000E+00
 0.124325E-03 0.925300E-05 0.128661E-04 0.000000E+00
 0.124353E-03 0.923950E-05 0.128747E-04 0.000000E+00
 0.124377E-03 0.922521E-05 0.128822E-04 0.000000E+00
 0.124402E-03 0.921006E-05 0.128919E-04 0.000000E+00
 0.124424E-03 0.919642E-05 0.128997E-04 0.000000E+00
 0.124451E-03 0.918217E-05 0.129082E-04 0.000000E+00
 0.124475E-03 0.916654E-05 0.129160E-04 0.000000E+00
 0.124497E-03 0.915377E-05 0.129245E-04 0.000000E+00
 0.124521E-03 0.913840E-05 0.129342E-04 0.000000E+00
 0.124544E-03 0.912514E-05 0.129405E-04 0.000000E+00
 0.124570E-03 0.911253E-05 0.129473E-04 0.000000E+00
 0.124595E-03 0.909869E-05 0.129556E-04 0.000000E+00
 0.124618E-03 0.908573E-05 0.129623E-04 0.000000E+00
 0.124642E-03 0.907256E-05 0.129701E-04 0.000000E+00
 0.124668E-03 0.905831E-05 0.129772E-04 0.000000E+00
 0.124691E-03 0.904341E-05 0.129832E-04 0.000000E+00
 0.124714E-03 0.902891E-05 0.129899E-04 0.000000E+00
 0.124741E-03 0.901551E-05 0.129971E-04 0.000000E+00
 0.124766E-03 0.899878E-05 0.130042E-04 0.000000E+00
 0.124790E-03 0.898670E-05 0.130094E-04 0.000000E+00
 0.124816E-03 0.897262E-05 0.130158E-04 0.000000E+00
 0.124840E-03 0.895743E-05 0.130224E-04 0.000000E+00
 0.124866E-03 0.894461E-05 0.130264E-04 0.000000E+00
 0.124890E-03 0.893167E-05 0.130330E-04 0.000000E+00
 0.124917E-03 0.891723E-05 0.130408E-04 0.000000E+00
 0.124940E-03 0.890436E-05 0.130459E-04 0.000000E+00
 0.124967E-03 0.889097E-05 0.130500E-04 0.000000E+00
 0.124993E-03 0.887783E-05 0.130575E-04 0.000000E+00
 0.125016E-03 0.886406E-05 0.130613E-04 0.000000E+00
 0.125042E-03 0.885039E-05 0.130673E-04 0.000000E+00
 0.125062E-03 0.883753E-05 0.130713E-04 0.000000E+00
 0.125085E-03 0.882532E-05 0.130768E-04 0.000000E+00
 0.125110E-03 0.881188E-05 0.130819E-04 0.000000E+00
 0.125134E-03 0.879934E-05 0.130858E-04 0.000000E+00
 0.125159E-03 0.878593E-05 0.130902E-04 0.000000E+00
 0.125180E-03 0.877299E-05 0.130952E-04 0.000000E+00
 0.125203E-03 0.876022E-05 0.130998E-04 0.000000E+00
 0.125224E-03 0.874843E-05 0.131050E-04 0.000000E+00
 0.125250E-03 0.873476E-05 0.131102E-04 0.000000E+00
 0.125270E-03 0.872108E-05 0.131146E-04 0.000000E+00
 0.125291E-03 0.870826E-05 0.131202E-04 0.000000E+00
 0.125315E-03 0.869522E-05 0.131256E-04 0.000000E+00
 0.125333E-03 0.868209E-05 0.131322E-04 0.000000E+00
 0.125354E-03 0.866891E-05 0.131370E-04 0.000000E+00
 0.125375E-03 0.865546E-05 0.131439E-04 0.000000E+00
 0.125394E-03 0.864500E-05 0.131470E-04 0.000000E+00
 0.125413E-03 0.863107E-05 0.131544E-04 0.000000E+00
 0.125435E-03 0.861687E-05 0.131601E-04 0.000000E+00
 0.125452E-03 0.860504E-05 0.131669E-04 0.000000E+00
 0.125472E-03 0.859233E-05 0.131733E-04 0.000000E+00
 0.125491E-03 0.857962E-05 0.131788E-04 0.000000E+00
 0.125509E-03 0.856652E-05 0.131854E-04 0.000000E+00
 0.125529E-03 0.855333E-05 0.131925E-04 0.000000E+00
 0.125546E-03 0.854116E-05 0.131960E-04 0.000000E+00
 0.125562E-03 0.852827E-05 0.132049E-04 0.000000E+00
 0.125580E-03 0.851522E-05 0.132115E-04 0.000000E+00
 0.125598E-03 0.850291E-05 0.132162E-04 0.000000E+00
 0.125613E-03 0.849142E-05 0.132228E-04 0.000000E+00
 0.125627E-03 0.847939E-05 0.132302E-04 0.000000E+00
 0.125644E-03 0.846632E-05 0.132375E-04 0.000000E+00
 0.125658E-03 0.845291E-05 0.132447E-04 0.000000E+00
 0.125676E-03 0.844095E-05 0.132517E-04 0.000000E+00
 0.125687E-03 0.842717E-05 0.132607E-04 0.000000E+00
 0.125701E-03 0.841633E-05 0.132669E-04 0.000000E+00
 0.125714E-03 0.840294E-05 0.132750E-04 0.000000E+00
 0.125725E-03 0.839090E-05 0.132819E-04 0.000000E+00
 0.125738E-03 0.837948E-05 0.132895E-04 0.000000E+00
 0.125751E-03 0.836622E-05 0.132966E-04 0.000000E+00
 0.125761E-03 0.835430E-05 0.133018E-04 0.000000E+00
 0.125772E-03 0.834078E-05 0.133119E-04 0.000000E+00
 0.125783E-03 0.832874E-05 0.133206E-04 0.000000E+00
 0.125792E-03 0.831527E-05 0.133282E-04 0.000000E+00
 0.125801E-03 0.830219E-05 0.133380E-04 0.000000E+00
 0.125810E-03 0.828961E-05 0.133445E-04 0.000000E+00
 0.125816E-03 0.827565E-05 0.133534E-04 0.000000E+00
 0.125827E-03 0.826219E-05 0.133630E-04 0.000000E+00
 0.125834E-03 0.825181E-05 0.133706E-04 0.000000E+00
 0.125839E-03 0.823808E-05 0.133788E-04 0.000000E+00
 0.125847E-03 0.822555E-05 0.133891E-04 0.000000E+00
 0.125851E-03 0.821356E-05 0.133980E-04 0.000000E+00
 0.125858E-03 0.820104E-05 0.134092E-04 0.000000E+00
 0.125864E-03 0.818737E-05 0.134194E-04 0.000000E+00
 0.125864E-03 0.817624E-05 0.134287E-04 0.000000E+00
 0.125871E-03 0.816364E-05 0.134388E-04 0.000000E+00
 0.125875E-03 0.814992E-05 0.134495E-04 0.000000E+00
 0.125873E-03 0.813734E-05 0.134605E-04 0.000000E+00
 0.125877E-03 0.812489E-05 0.134703E-04 0.000000E+00
 0.125879E-03 0.811232E-05 0.134829E-04 0.000000E+00
 0.125878E-03 0.810107E-05 0.134935E-04 0.000000E+00
 0.125882E-03 0.808788E-05 0.135038E-04 0.000000E+00
 0.125878E-03 0.807325E-05 0.135176E-04 0.000000E+00
 0.125877E-03 0.806251E-05 0.135285E-04 0.000000E+00
 0.125875E-03 0.805017E-05 0.135395E-04 0.000000E+00
 0.125875E-03 0.803804E-05 0.135516E-04 0.000000E+00
 0.125872E-03 0.802464E-05 0.135633E-04 0.000000E+00
 0.125868E-03 0.801326E-05 0.135755E-04 0.000000E+00
 0.125864E-03 0.800095E-05 0.135896E-04 0.000000E+00
 0.125857E-03 0.798814E-05 0.136015E-04 0.000000E+00
 0.125853E-03 0.797509E-05 0.136140E-04 0.000000E+00
 0.125847E-03 0.796255E-05 0.136268E-04 0.000000E+00
 0.125843E-03 0.795097E-05 0.136393E-04 0.000000E+00
 0.125836E-03 0.793928E-05 0.136521E-04 0.000000E+00
 0.125827E-03 0.792700E-05 0.136658E-04 0.000000E+00
 0.125816E-03 0.791298E-05 0.136783E-04 0.000000E+00
 0.125805E-03 0.789804E-05 0.136933E-04 0.000000E+00
 0.125795E-03 0.788598E-05 0.137051E-04 0.000000E+00
 0.125785E-03 0.787301E-05 0.137183E-04 0.000000E+00
 0.125770E-03 0.785840E-05 0.137307E-04 0.000000E+00
 0.125758E-03 0.784749E-05 0.137440E-04 0.000000E+00
 0.125745E-03 0.783445E-05 0.137582E-04 0.000000E+00
 0.125729E-03 0.782140E-05 0.137706E-04 0.000000E+00
 0.125712E-03 0.780779E-05 0.137860E-04 0.000000E+00
 0.125696E-03 0.779436E-05 0.137983E-04 0.000000E+00
 0.125679E-03 0.778256E-05 0.138100E-04 0.000000E+00
 0.125662E-03 0.776863E-05 0.138258E-04 0.000000E+00
 0.125640E-03 0.775647E-05 0.138384E-04 0.000000E+00
 0.125621E-03 0.774238E-05 0.138511E-04 0.000000E+00
 0.125598E-03 0.772952E-05 0.138655E-04 0.000000E+00
 0.125575E-03 0.771599E-05 0.138788E-04 0.000000E+00
 0.125554E-03 0.770179E-05 0.138903E-04 0.000000E+00
 0.125526E-03 0.768827E-05 0.139044E-04 0.000000E+00
 0.125500E-03 0.767405E-05 0.139184E-04 0.000000E+00
 0.125472E-03 0.766230E-05 0.139309E-04 0.000000E+00
 0.125443E-03 0.764829E-05 0.139439E-04 0.000000E+00
 0.125414E-03 0.763365E-05 0.139570E-04 0.000000E+00
 0.125383E-03 0.762135E-05 0.139689E-04 0.000000E+00
 0.125351E-03 0.760826E-05 0.139803E-04 0.000000E+00
 0.125315E-03 0.759343E-05 0.139945E-04 0.000000E+00
 0.125280E-03 0.757941E-05 0.140060E-04 0.000000E+00
 0.125243E-03 0.756425E-05 0.140175E-04 0.000000E+00
 0.125207E-03 0.755079E-05 0.140292E-04 0.000000E+00
 0.125168E-03 0.753671E-05 0.140404E-04 0.000000E+00
 0.125125E-03 0.752237E-05 0.140525E-04 0.000000E+00
 0.125081E-03 0.750671E-05 0.140641E-04 0.000000E+00
 0.125040E-03 0.749290E-05 0.140756E-04 0.000000E+00
 0.124995E-03 0.747995E-05 0.140848E-04 0.000000E+00
 0.124948E-03 0.746435E-05 0.140947E-04 0.000000E+00
 0.124899E-03 0.744997E-05 0.141053E-04 0.000000E+00
 0.124850E-03 0.743479E-05 0.141153E-04 0.000000E+00
 0.124799E-03 0.741871E-05 0.141285E-04 0.000000E+00
 0.124747E-03 0.740460E-05 0.141364E-04 0.000000E+00
 0.124691E-03 0.738999E-05 0.141452E-04 0.000000E+00
 0.124634E-03 0.737426E-05 0.141554E-04 0.000000E+00
 0.124576E-03 0.735691E-05 0.141641E-04 0.000000E+00
 0.124516E-03 0.734257E-05 0.141729E-04 0.000000E+00
 0.124451E-03 0.732560E-05 0.141834E-04 0.000000E+00
 0.124391E-03 0.731078E-05 0.141928E-04 0.000000E+00
 0.124324E-03 0.729490E-05 0.142015E-04 0.000000E+00
 0.124256E-03 0.727831E-05 0.142103E-04 0.000000E+00
 0.124187E-03 0.726215E-05 0.142191E-04 0.000000E+00
 0.124113E-03 0.724655E-05 0.142277E-04 0.000000E+00
 0.124039E-03 0.722973E-05 0.142367E-04 0.000000E+00
 0.123963E-03 0.721466E-05 0.142435E-04 0.000000E+00
 0.123886E-03 0.719638E-05 0.142515E-04 0.000000E+00
 0.123806E-03 0.717808E-05 0.142606E-04 0.000000E+00
 0.123725E-03 0.716255E-05 0.142689E-04 0.000000E+00
 0.123639E-03 0.714695E-05 0.142766E-04 0.000000E+00
 0.123550E-03 0.712884E-05 0.142839E-04 0.000000E+00
 0.123461E-03 0.711000E-05 0.142917E-04 0.000000E+00
 0.123368E-03 0.709253E-05 0.142985E-04 0.000000E+00
 0.123271E-03 0.707496E-05 0.143044E-04 0.000000E+00
 0.123177E-03 0.705803E-05 0.143120E-04 0.000000E+00
 0.123077E-03 0.703977E-05 0.143179E-04 0.000000E+00
 0.122976E-03 0.702261E-05 0.143250E-04 0.000000E+00
 0.122868E-03 0.700452E-05 0.143309E-04 0.000000E+00
 0.122759E-03 0.698380E-05 0.143364E-04 0.000000E+00
 0.122650E-03 0.696612E-05 0.143429E-04 0.000000E+00
 0.122538E-03 0.694721E-05 0.143477E-04 0.000000E+00
 0.122421E-03 0.692569E-05 0.143526E-04 0.000000E+00
 0.122301E-03 0.690774E-05 0.143575E-04 0.000000E+00
 0.122176E-03 0.688855E-05 0.143616E-04 0.000000E+00
 0.122051E-03 0.686840E-05 0.143661E-04 0.000000E+00
 0.121922E-03 0.684850E-05 0.143699E-04 0.000000E+00
 0.121789E-03 0.682842E-05 0.143742E-04 0.000000E+00
 0.121654E-03 0.680890E-05 0.143754E-04 0.000000E+00
 0.121516E-03 0.678861E-05 0.143773E-04 0.000000E+00
 0.121372E-03 0.676610E-05 0.143801E-04 0.000000E+00
 0.121228E-03 0.674697E-05 0.143817E-04 0.000000E+00
 0.121081E-03 0.672700E-05 0.143822E-04 0.000000E+00
 0.120923E-03 0.670428E-05 0.143834E-04 0.000000E+00
 0.120765E-03 0.668223E-05 0.143830E-04 0.000000E+00
 0.120605E-03 0.666049E-05 0.143838E-04 0.000000E+00
 0.120443E-03 0.663941E-05 0.143836E-04 0.000000E+00
 0.120273E-03 0.661666E-05 0.143828E-04 0.000000E+00
 0.120099E-03 0.659580E-05 0.143805E-04 0.000000E+00
 0.119922E-03 0.657401E-05 0.143771E-04 0.000000E+00
 0.119743E-03 0.655097E-05 0.143755E-04 0.000000E+00
 0.119557E-03 0.652805E-05 0.143718E-04 0.000000E+00
 0.119366E-03 0.650578E-05 0.143672E-04 0.000000E+00
 0.119173E-03 0.648177E-05 0.143637E-04 0.000000E+00
 0.118977E-03 0.645843E-05 0.143591E-04 0.000000E+00
 0.118772E-03 0.643581E-05 0.143540E-04 0.000000E+00
 0.118567E-03 0.641158E-05 0.143469E-04 0.000000E+00
 0.118353E-03 0.638859E-05 0.143400E-04 0.000000E+00
 0.118136E-03 0.636363E-05 0.143321E-04 0.000000E+00
 0.117914E-03 0.633947E-05 0.143244E-04 0.000000E+00
 0.117687E-03 0.631732E-05 0.143158E-04 0.000000E+00
 0.117457E-03 0.629170E-05 0.143062E-04 0.000000E+00
 0.117222E-03 0.626694E-05 0.142950E-04 0.000000E+00
 0.116979E-03 0.624206E-05 0.142855E-04 0.000000E+00
 0.116732E-03 0.621592E-05 0.142733E-04 0.000000E+00
 0.116481E-03 0.619162E-05 0.142618E-04 0.000000E+00
 0.116223E-03 0.616725E-05 0.142482E-04 0.000000E+00
 0.115959E-03 0.614038E-05 0.142358E-04 0.000000E+00
 0.115690E-03 0.611574E-05 0.142211E-04 0.000000E+00
 0.115417E-03 0.608962E-05 0.142068E-04 0.000000E+00
 0.115138E-03 0.606344E-05 0.141912E-04 0.000000E+00
 0.114851E-03 0.603691E-05 0.141744E-04 0.000000E+00
 0.114559E-03 0.601175E-05 0.141581E-04 0.000000E+00
 0.114266E-03 0.598496E-05 0.141402E-04 0.000000E+00
 0.113962E-03 0.595819E-05 0.141208E-04 0.000000E+00
 0.113657E-03 0.593044E-05 0.141009E-04 0.000000E+00
 0.113341E-03 0.590355E-05 0.140803E-04 0.000000E+00
 0.113022E-03 0.587676E-05 0.140584E-04 0.000000E+00
 0.112696E-03 0.584880E-05 0.140380E-04 0.000000E+00
 0.112362E-03 0.582099E-05 0.140156E-04 0.000000E+00
 0.112022E-03 0.579327E-05 0.139919E-04 0.000000E+00
 0.111678E-03 0.576520E-05 0.139695E-04 0.000000E+00
 0.111327E-03 0.573713E-05 0.139446E-04 0.000000E+00
 0.110968E-03 0.570973E-05 0.139197E-04 0.000000E+00
 0.110607E-03 0.568115E-05 0.138939E-04 0.000000E+00
 0.110236E-03 0.565316E-05 0.138665E-04 0.000000E+00
 0.109860E-03 0.562365E-05 0.138382E-04 0.000000E+00
 0.109477E-03 0.559489E-05 0.138098E-04 0.000000E+00
 0.109085E-03 0.556530E-05 0.137806E-04 0.000000E+00
 0.108689E-03 0.553602E-05 0.137507E-04 0.000000E+00
 0.108283E-03 0.550787E-05 0.137192E-04 0.000000E+00
 0.107874E-03 0.547671E-05 0.136876E-04 0.000000E+00
 0.107459E-03 0.544804E-05 0.136548E-04 0.000000E+00
 0.107036E-03 0.541703E-05 0.136216E-04 0.000000E+00
 0.106607E-03 0.538694E-05 0.135877E-04 0.000000E+00
 0.106174E-03 0.535825E-05 0.135518E-04 0.000000E+00
 0.105730E-03 0.532660E-05 0.135160E-04 0.000000E+00
 0.105278E-03 0.529552E-05 0.134793E-04 0.000000E+00
 0.104825E-03 0.526424E-05 0.134432E-04 0.000000E+00
 0.104362E-03 0.523332E-05 0.134053E-04 0.000000E+00
 0.103892E-03 0.520184E-05 0.133653E-04 0.000000E+00
 0.103418E-03 0.517033E-05 0.133250E-04 0.000000E+00
 0.102935E-03 0.513858E-05 0.132859E-04 0.000000E+00
 0.102448E-03 0.510755E-05 0.132441E-04 0.000000E+00
 0.101952E-03 0.507520E-05 0.132011E-04 0.000000E+00
 0.101449E-03 0.504372E-05 0.131574E-04 0.000000E+00
 0.100942E-03 0.501237E-05 0.131139E-04 0.000000E+00
 0.100427E-03 0.498108E-05 0.130688E-04 0.000000E+00
 0.999070E-04 0.494838E-05 0.130235E-04 0.000000E+00
 0.993808E-04 0.491686E-05 0.129776E-04 0.000000E+00
 0.988460E-04 0.488372E-05 0.129308E-04 0.000000E+00
 0.983069E-04 0.485027E-05 0.128817E-04 0.000000E+00
 0.977631E-04 0.481729E-05 0.128338E-04 0.000000E+00
 0.972116E-04 0.478397E-05 0.127859E-04 0.000000E+00
 0.966538E-04 0.475105E-05 0.127356E-04 0.000000E+00
 0.960913E-04 0.471582E-05 0.126839E-04 0.000000E+00
 0.955243E-04 0.468239E-05 0.126328E-04 0.000000E+00
 0.949501E-04 0.464866E-05 0.125798E-04 0.000000E+00
 0.943709E-04 0.461457E-05 0.125268E-04 0.000000E+00
 0.937856E-04 0.458012E-05 0.124743E-04 0.000000E+00
 0.931980E-04 0.454546E-05 0.124170E-04 0.000000E+00
 0.926019E-04 0.451175E-05 0.123609E-04 0.000000E+00
 0.919986E-04 0.447760E-05 0.123049E-04 0.000000E+00
 0.913934E-04 0.444224E-05 0.122467E-04 0.000000E+00
 0.907825E-04 0.440797E-05 0.121879E-04 0.000000E+00
 0.901651E-04 0.437431E-05 0.121291E-04 0.000000E+00
 0.895465E-04 0.433962E-05 0.120691E-04 0.000000E+00
 0.889227E-04 0.430470E-05 0.120075E-04 0.000000E+00
 0.882951E-04 0.426968E-05 0.119471E-04 0.000000E+00
 0.876606E-04 0.423513E-05 0.118845E-04 0.000000E+00
 0.870243E-04 0.419937E-05 0.118225E-04 0.000000E+00
 0.863821E-04 0.416544E-05 0.117610E-04 0.000000E+00
 0.857378E-04 0.412935E-05 0.116975E-04 0.000000E+00
 0.850898E-04 0.409443E-05 0.116331E-04 0.000000E+00
 0.844386E-04 0.405899E-05 0.115673E-04 0.000000E+00
 0.837833E-04 0.402332E-05 0.115021E-04 0.000000E+00
 0.831232E-04 0.398729E-05 0.114363E-04 0.000000E+00
 0.824631E-04 0.395134E-05 0.113697E-04 0.000000E+00
 0.817969E-04 0.391608E-05 0.113013E-04 0.000000E+00
 0.811300E-04 0.387987E-05 0.112333E-04 0.000000E+00
 0.804620E-04 0.384443E-05 0.111647E-04 0.000000E+00
 0.797882E-04 0.380775E-05 0.110960E-04 0.000000E+00
 0.791146E-04 0.377140E-05 0.110260E-04 0.000000E+00
 0.784361E-04 0.373569E-05 0.109555E-04 0.000000E+00
 0.777584E-04 0.369892E-05 0.108852E-04 0.000000E+00
 0.770771E-04 0.366304E-05 0.108134E-04 0.000000E+00
 0.763939E-04 0.362659E-05 0.107414E-04 0.000000E+00
 0.757114E-04 0.358876E-05 0.106696E-04 0.000000E+00
 0.750276E-04 0.355380E-05 0.105963E-04 0.000000E+00
 0.743397E-04 0.351708E-05 0.105224E-04 0.000000E+00
 0.736516E-04 0.347986E-05 0.104486E-04 0.000000E+00
 0.729631E-04 0.344517E-05 0.103730E-04 0.000000E+00
 0.722736E-04 0.340847E-05 0.102989E-04 0.000000E+00
 0.715836E-04 0.337190E-05 0.102238E-04 0.000000E+00
 0.708943E-04 0.333603E-05 0.101471E-04 0.000000E+00
 0.702039E-04 0.330089E-05 0.100707E-04 0.000000E+00
 0.695132E-04 0.326422E-05 0.999495E-05 0.000000E+00
 0.688234E-04 0.322885E-05 0.991755E-05 0.000000E+00
 0.681338E-04 0.319354E-05 0.984129E-05 0.000000E+00
 0.674455E-04 0.315679E-05 0.976452E-05 0.000000E+00
 0.667564E-04 0.312087E-05 0.968807E-05 0.000000E+00
 0.660690E-04 0.308469E-05 0.960969E-05 0.000000E+00
 0.653793E-04 0.304813E-05 0.953152E-05 0.000000E+00
 0.646917E-04 0.301239E-05 0.945373E-05 0.000000E+00
 0.640075E-04 0.297654E-05 0.937414E-05 0.000000E+00
 0.633220E-04 0.294123E-05 0.929546E-05 0.000000E+00
 0.626395E-04 0.290638E-05 0.921590E-05 0.000000E+00
 0.619575E-04 0.287183E-05 0.913765E-05 0.000000E+00
 0.612793E-04 0.283770E-05 0.905713E-05 0.000000E+00
 0.606025E-04 0.280185E-05 0.897840E-05 0.000000E+00
 0.599257E-04 0.276889E-05 0.889987E-05 0.000000E+00
 0.592534E-04 0.273387E-05 0.881930E-05 0.000000E+00
 0.585829E-04 0.270148E-05 0.873850E-05 0.000000E+00
 0.579137E-04 0.266670E-05 0.865977E-05 0.000000E+00
 0.572497E-04 0.263329E-05 0.857885E-05 0.000000E+00
 0.565864E-04 0.259930E-05 0.849791E-05 0.000000E+00
 0.559223E-04 0.256530E-05 0.841811E-05 0.000000E+00
 0.552637E-04 0.253181E-05 0.833789E-05 0.000000E+00
 0.546079E-04 0.249863E-05 0.825750E-05 0.000000E+00
 0.539540E-04 0.246568E-05 0.817667E-05 0.000000E+00
 0.533058E-04 0.243262E-05 0.809772E-05 0.000000E+00
 0.526600E-04 0.239944E-05 0.801603E-05 0.000000E+00
 0.520184E-04 0.236699E-05 0.793695E-05 0.000000E+00
 0.513780E-04 0.233516E-05 0.785659E-05 0.000000E+00
 0.507429E-04 0.230235E-05 0.777740E-05 0.000000E+00
 0.501107E-04 0.226973E-05 0.769699E-05 0.000000E+00
 0.494835E-04 0.223795E-05 0.761626E-05 0.000000E+00
 0.488604E-04 0.220695E-05 0.753577E-05 0.000000E+00
 0.482381E-04 0.217590E-05 0.745579E-05 0.000000E+00
 0.476226E-04 0.214470E-05 0.737576E-05 0.000000E+00
 0.470103E-04 0.211326E-05 0.729761E-05 0.000000E+00
 0.463996E-04 0.208233E-05 0.721771E-05 0.000000E+00
 0.457964E-04 0.205462E-05 0.713861E-05 0.000000E+00
 0.451980E-04 0.202495E-05 0.705903E-05 0.000000E+00
 0.446024E-04 0.199543E-05 0.698190E-05 0.000000E+00
 0.440117E-04 0.196728E-05 0.690345E-05 0.000000E+00
 0.434248E-04 0.193833E-05 0.682519E-05 0.000000E+00
 0.428413E-04 0.190927E-05 0.674704E-05 0.000000E+00
 0.422637E-04 0.188066E-05 0.667054E-05 0.000000E+00
 0.416903E-04 0.185171E-05 0.659441E-05 0.000000E+00
 0.411241E-04 0.182444E-05 0.651830E-05 0.000000E+00
 0.405598E-04 0.179763E-05 0.644159E-05 0.000000E+00
 0.399973E-04 0.177069E-05 0.636751E-05 0.000000E+00
 0.394463E-04 0.174365E-05 0.629131E-05 0.000000E+00
 0.388960E-04 0.171643E-05 0.621666E-05 0.000000E+00
 0.383529E-04 0.168997E-05 0.614164E-05 0.000000E+00
 0.378126E-04 0.166348E-05 0.606560E-05 0.000000E+00
 0.372762E-04 0.163847E-05 0.599184E-05 0.000000E+00
 0.367480E-04 0.161322E-05 0.591895E-05 0.000000E+00
 0.362236E-04 0.158793E-05 0.584609E-05 0.000000E+00
 0.357046E-04 0.156255E-05 0.577326E-05 0.000000E+00
 0.351880E-04 0.153841E-05 0.570062E-05 0.000000E+00
 0.346792E-04 0.151295E-05 0.562894E-05 0.000000E+00
 0.341748E-04 0.148965E-05 0.555800E-05 0.000000E+00
 0.336741E-04 0.146743E-05 0.548617E-05 0.000000E+00
 0.331788E-04 0.144232E-05 0.541637E-05 0.000000E+00
 0.326898E-04 0.141842E-05 0.534565E-05 0.000000E+00
 0.322065E-04 0.139625E-05 0.527595E-05 0.000000E+00
 0.317271E-04 0.137344E-05 0.520643E-05 0.000000E+00
 0.312537E-04 0.135079E-05 0.513766E-05 0.000000E+00
 0.307857E-04 0.132829E-05 0.506883E-05 0.000000E+00
 0.303212E-04 0.130624E-05 0.500112E-05 0.000000E+00
 0.298627E-04 0.128434E-05 0.493414E-05 0.000000E+00
 0.294092E-04 0.126440E-05 0.486692E-05 0.000000E+00
 0.289614E-04 0.124251E-05 0.480090E-05 0.000000E+00
 0.285197E-04 0.122166E-05 0.473631E-05 0.000000E+00
 0.280816E-04 0.120257E-05 0.467019E-05 0.000000E+00
 0.276472E-04 0.118237E-05 0.460493E-05 0.000000E+00
 0.272210E-04 0.116160E-05 0.454116E-05 0.000000E+00
 0.267985E-04 0.114093E-05 0.447756E-05 0.000000E+00
 0.263794E-04 0.112223E-05 0.441401E-05 0.000000E+00
 0.259669E-04 0.110345E-05 0.435224E-05 0.000000E+00
 0.255596E-04 0.108511E-05 0.429046E-05 0.000000E+00
 0.251583E-04 0.106602E-05 0.422913E-05 0.000000E+00
 0.247607E-04 0.104872E-05 0.416906E-05 0.000000E+00
 0.243677E-04 0.102968E-05 0.410918E-05 0.000000E+00
 0.239780E-04 0.101146E-05 0.404937E-05 0.000000E+00
 0.235962E-04 0.994360E-06 0.399091E-05 0.000000E+00
 0.232182E-04 0.976259E-06 0.393298E-05 0.000000E+00
 0.228441E-04 0.960448E-06 0.387587E-05 0.000000E+00
 0.224758E-04 0.945603E-06 0.381873E-05 0.000000E+00
 0.221132E-04 0.928251E-06 0.376214E-05 0.000000E+00
 0.217566E-04 0.912561E-06 0.370644E-05 0.000000E+00
 0.214033E-04 0.897110E-06 0.365059E-05 0.000000E+00
 0.210520E-04 0.881923E-06 0.359581E-05 0.000000E+00
 0.207072E-04 0.865969E-06 0.354192E-05 0.000000E+00
 0.203673E-04 0.850793E-06 0.348823E-05 0.000000E+00
 0.200328E-04 0.836676E-06 0.343570E-05 0.000000E+00
 0.197034E-04 0.821455E-06 0.338430E-05 0.000000E+00
 0.193776E-04 0.807061E-06 0.333217E-05 0.000000E+00
 0.190569E-04 0.793391E-06 0.328076E-05 0.000000E+00
 0.187379E-04 0.778501E-06 0.323070E-05 0.000000E+00
 0.184257E-04 0.764771E-06 0.318008E-05 0.000000E+00
 0.181171E-04 0.751424E-06 0.313166E-05 0.000000E+00
 0.178152E-04 0.738857E-06 0.308306E-05 0.000000E+00
 0.175149E-04 0.725250E-06 0.303521E-05 0.000000E+00
 0.172199E-04 0.712203E-06 0.298701E-05 0.000000E+00
 0.169294E-04 0.699995E-06 0.294077E-05 0.000000E+00
 0.166421E-04 0.686548E-06 0.289470E-05 0.000000E+00
 0.163615E-04 0.674419E-06 0.284785E-05 0.000000E+00
 0.160820E-04 0.662930E-06 0.280262E-05 0.000000E+00
 0.158055E-04 0.649857E-06 0.275846E-05 0.000000E+00
 0.155366E-04 0.638116E-06 0.271461E-05 0.000000E+00
 0.152710E-04 0.626008E-06 0.267029E-05 0.000000E+00
 0.150094E-04 0.616247E-06 0.262607E-05 0.000000E+00
 0.147500E-04 0.605189E-06 0.258378E-05 0.000000E+00
 0.144949E-04 0.594200E-06 0.254132E-05 0.000000E+00
 0.142447E-04 0.583256E-06 0.250023E-05 0.000000E+00
 0.139988E-04 0.572696E-06 0.245978E-05 0.000000E+00
 0.137545E-04 0.561675E-06 0.242010E-05 0.000000E+00
 0.135159E-04 0.551250E-06 0.238118E-05 0.000000E+00
 0.132806E-04 0.541844E-06 0.234134E-05 0.000000E+00
 0.130481E-04 0.533084E-06 0.230180E-05 0.000000E+00
 0.128201E-04 0.523728E-06 0.226434E-05 0.000000E+00
 0.125942E-04 0.513965E-06 0.222646E-05 0.000000E+00
 0.123739E-04 0.504750E-06 0.218915E-05 0.000000E+00
 0.121575E-04 0.494609E-06 0.215366E-05 0.000000E+00
 0.119419E-04 0.486044E-06 0.211693E-05 0.000000E+00
 0.117315E-04 0.477101E-06 0.208200E-05 0.000000E+00
 0.115252E-04 0.468859E-06 0.204719E-05 0.000000E+00
 0.113214E-04 0.460892E-06 0.201351E-05 0.000000E+00
 0.111204E-04 0.452780E-06 0.197854E-05 0.000000E+00
 0.109227E-04 0.444971E-06 0.194485E-05 0.000000E+00
 0.107277E-04 0.436696E-06 0.191189E-05 0.000000E+00
 0.105362E-04 0.427665E-06 0.187955E-05 0.000000E+00
 0.103486E-04 0.420701E-06 0.184699E-05 0.000000E+00
 0.101631E-04 0.413717E-06 0.181516E-05 0.000000E+00
 0.998228E-05 0.405308E-06 0.178356E-05 0.000000E+00
 0.980482E-05 0.398250E-06 0.175328E-05 0.000000E+00
 0.962815E-05 0.391074E-06 0.172353E-05 0.000000E+00
 0.945350E-05 0.383140E-06 0.169323E-05 0.000000E+00
 0.928201E-05 0.375989E-06 0.166286E-05 0.000000E+00
 0.911491E-05 0.369206E-06 0.163432E-05 0.000000E+00
 0.894981E-05 0.363371E-06 0.160612E-05 0.000000E+00
 0.878838E-05 0.356166E-06 0.157832E-05 0.000000E+00
 0.862807E-05 0.349719E-06 0.155113E-05 0.000000E+00
 0.847161E-05 0.343039E-06 0.152345E-05 0.000000E+00
 0.831725E-05 0.336950E-06 0.149719E-05 0.000000E+00
 0.816520E-05 0.329830E-06 0.147160E-05 0.000000E+00
 0.801683E-05 0.323484E-06 0.144598E-05 0.000000E+00
 0.786973E-05 0.318451E-06 0.142044E-05 0.000000E+00
 0.772778E-05 0.311575E-06 0.139462E-05 0.000000E+00
 0.758542E-05 0.306977E-06 0.137033E-05 0.000000E+00
 0.744664E-05 0.302029E-06 0.134673E-05 0.000000E+00
 0.731025E-05 0.295913E-06 0.132410E-05 0.000000E+00
 0.717693E-05 0.290159E-06 0.129949E-05 0.000000E+00
 0.704120E-05 0.285565E-06 0.127702E-05 0.000000E+00
 0.691224E-05 0.279634E-06 0.125469E-05 0.000000E+00
 0.678611E-05 0.275184E-06 0.123258E-05 0.000000E+00
 0.666166E-05 0.271291E-06 0.121028E-05 0.000000E+00
 0.653841E-05 0.265457E-06 0.118875E-05 0.000000E+00
 0.641790E-05 0.260410E-06 0.116800E-05 0.000000E+00
 0.629823E-05 0.255596E-06 0.114683E-05 0.000000E+00
 0.618312E-05 0.250669E-06 0.112572E-05 0.000000E+00
 0.606855E-05 0.246178E-06 0.110643E-05 0.000000E+00
 0.595488E-05 0.239605E-06 0.108575E-05 0.000000E+00
 0.584536E-05 0.235746E-06 0.106485E-05 0.000000E+00
 0.573574E-05 0.231829E-06 0.104539E-05 0.000000E+00
 0.562695E-05 0.227157E-06 0.102638E-05 0.000000E+00
 0.552394E-05 0.223447E-06 0.100744E-05 0.000000E+00
 0.542132E-05 0.219615E-06 0.989859E-06 0.000000E+00
 0.531840E-05 0.215980E-06 0.971061E-06 0.000000E+00
 0.521895E-05 0.212053E-06 0.953539E-06 0.000000E+00
 0.512258E-05 0.208424E-06 0.936354E-06 0.000000E+00
 0.502797E-05 0.205273E-06 0.919125E-06 0.000000E+00
 0.493271E-05 0.202477E-06 0.902703E-06 0.000000E+00
 0.484213E-05 0.198846E-06 0.886452E-06 0.000000E+00
 0.475047E-05 0.194688E-06 0.871499E-06 0.000000E+00
 0.466083E-05 0.192405E-06 0.854939E-06 0.000000E+00
 0.457373E-05 0.188370E-06 0.839814E-06 0.000000E+00
 0.448867E-05 0.183970E-06 0.824692E-06 0.000000E+00
 0.440445E-05 0.180871E-06 0.809747E-06 0.000000E+00
 0.432205E-05 0.178035E-06 0.795629E-06 0.000000E+00
 0.423934E-05 0.173476E-06 0.781413E-06 0.000000E+00
 0.415809E-05 0.169892E-06 0.767102E-06 0.000000E+00
 0.408005E-05 0.168216E-06 0.752585E-06 0.000000E+00
 0.400370E-05 0.164065E-06 0.738009E-06 0.000000E+00
 0.392941E-05 0.162225E-06 0.724766E-06 0.000000E+00
 0.385426E-05 0.159281E-06 0.711370E-06 0.000000E+00
 0.378083E-05 0.155392E-06 0.697929E-06 0.000000E+00
 0.371035E-05 0.152829E-06 0.684452E-06 0.000000E+00
 0.363991E-05 0.150609E-06 0.670864E-06 0.000000E+00
 0.356953E-05 0.148618E-06 0.660052E-06 0.000000E+00
 0.350157E-05 0.145624E-06 0.647657E-06 0.000000E+00
 0.343629E-05 0.143069E-06 0.635407E-06 0.000000E+00
 0.336866E-05 0.139690E-06 0.623500E-06 0.000000E+00
 0.330694E-05 0.137963E-06 0.612326E-06 0.000000E+00
 0.324353E-05 0.135885E-06 0.601696E-06 0.000000E+00
 0.318183E-05 0.133314E-06 0.591242E-06 0.000000E+00
 0.312094E-05 0.131209E-06 0.580187E-06 0.000000E+00
