 0.984109E-01 0.401086E-01 0.417078E-01 0.000000E+00
 0.949516E-01 0.282828E-01 0.429872E-01 0.000000E+00
 0.952529E-01 0.278718E-01 0.399920E-01 0.000000E+00
 0.898658E-01 0.256493E-01 0.348147E-01 0.000000E+00
 0.907846E-01 0.223645E-01 0.340462E-01 0.000000E+00
 0.885086E-01 0.174393E-01 0.240588E-01 0.000000E+00
 0.822463E-01 0.151810E-01 0.219913E-01 0.000000E+00
 0.696286E-01 0.111544E-01 0.184081E-01 0.000000E+00
 0.805104E-01 0.112786E-01 0.120812E-01 0.000000E+00
 0.685046E-01 0.848151E-02 0.157850E-01 0.000000E+00
 0.725361E-01 0.101028E-01 0.126647E-01 0.000000E+00
 0.663517E-01 0.866676E-02 0.142605E-01 0.000000E+00
 0.697471E-01 0.979922E-02 0.128131E-01 0.000000E+00
 0.658790E-01 0.656744E-02 0.136430E-01 0.000000E+00
 0.665923E-01 0.708171E-02 0.130407E-01 0.000000E+00
 0.642547E-01 0.571997E-02 0.121547E-01 0.000000E+00
 0.601681E-01 0.692747E-02 0.132303E-01 0.000000E+00
 0.632890E-01 0.692341E-02 0.111196E-01 0.000000E+00
 0.596171E-01 0.635518E-02 0.124125E-01 0.000000E+00
 0.624509E-01 0.629969E-02 0.114813E-01 0.000000E+00
 0.581274E-01 0.529374E-02 0.111062E-01 0.000000E+00
 0.588122E-01 0.446641E-02 0.114484E-01 0.000000E+00
 0.582495E-01 0.465135E-02 0.100282E-01 0.000000E+00
 0.513952E-01 0.584715E-02 0.112909E-01 0.000000E+00
 0.581300E-01 0.495378E-02 0.917891E-02 0.000000E+00
 0.500532E-01 0.540344E-02 0.105269E-01 0.000000E+00
 0.531562E-01 0.472730E-02 0.100686E-01 0.000000E+00
 0.532889E-01 0.453723E-02 0.955991E-02 0.000000E+00
 0.485538E-01 0.504124E-02 0.102173E-01 0.000000E+00
 0.503366E-01 0.596006E-02 0.883140E-02 0.000000E+00
 0.476278E-01 0.462703E-02 0.101411E-01 0.000000E+00
 0.508789E-01 0.433486E-02 0.931842E-02 0.000000E+00
 0.471758E-01 0.367783E-02 0.982468E-02 0.000000E+00
 0.481871E-01 0.372589E-02 0.880782E-02 0.000000E+00
 0.461473E-01 0.457421E-02 0.937045E-02 0.000000E+00
 0.475035E-01 0.461163E-02 0.860439E-02 0.000000E+00
 0.446158E-01 0.381962E-02 0.921227E-02 0.000000E+00
 0.472476E-01 0.450766E-02 0.896979E-02 0.000000E+00
 0.442922E-01 0.354634E-02 0.863292E-02 0.000000E+00
 0.436031E-01 0.412944E-02 0.954234E-02 0.000000E+00
 0.464761E-01 0.413404E-02 0.795612E-02 0.000000E+00
 0.397594E-01 0.374847E-02 0.966562E-02 0.000000E+00
 0.473756E-01 0.420670E-02 0.784527E-02 0.000000E+00
 0.390851E-01 0.377929E-02 0.870109E-02 0.000000E+00
 0.423932E-01 0.410905E-02 0.804833E-02 0.000000E+00
 0.406775E-01 0.394786E-02 0.828782E-02 0.000000E+00
 0.383606E-01 0.335030E-02 0.875896E-02 0.000000E+00
 0.411287E-01 0.333530E-02 0.798350E-02 0.000000E+00
 0.367638E-01 0.374290E-02 0.864482E-02 0.000000E+00
 0.404222E-01 0.305391E-02 0.745454E-02 0.000000E+00
 0.353109E-01 0.344571E-02 0.835223E-02 0.000000E+00
 0.408754E-01 0.342907E-02 0.733981E-02 0.000000E+00
 0.327716E-01 0.286467E-02 0.814416E-02 0.000000E+00
 0.373544E-01 0.307568E-02 0.740877E-02 0.000000E+00
 0.348790E-01 0.305511E-02 0.724698E-02 0.000000E+00
 0.322622E-01 0.227994E-02 0.730092E-02 0.000000E+00
 0.363693E-01 0.309941E-02 0.650464E-02 0.000000E+00
 0.318536E-01 0.193993E-02 0.738887E-02 0.000000E+00
 0.348584E-01 0.273692E-02 0.625879E-02 0.000000E+00
 0.315404E-01 0.255220E-02 0.678925E-02 0.000000E+00
 0.323044E-01 0.252897E-02 0.588659E-02 0.000000E+00
 0.295091E-01 0.269125E-02 0.655487E-02 0.000000E+00
 0.327262E-01 0.251726E-02 0.595924E-02 0.000000E+00
 0.298961E-01 0.226864E-02 0.601798E-02 0.000000E+00
 0.281514E-01 0.247342E-02 0.629774E-02 0.000000E+00
 0.311625E-01 0.239039E-02 0.513482E-02 0.000000E+00
 0.255745E-01 0.202116E-02 0.638503E-02 0.000000E+00
 0.310625E-01 0.264685E-02 0.518512E-02 0.000000E+00
 0.260024E-01 0.174868E-02 0.576824E-02 0.000000E+00
 0.260319E-01 0.241541E-02 0.539575E-02 0.000000E+00
 0.276366E-01 0.232000E-02 0.512783E-02 0.000000E+00
 0.252660E-01 0.182260E-02 0.545573E-02 0.000000E+00
 0.280115E-01 0.227787E-02 0.492497E-02 0.000000E+00
 0.250149E-01 0.204522E-02 0.523910E-02 0.000000E+00
 0.264623E-01 0.205534E-02 0.465556E-02 0.000000E+00
 0.242269E-01 0.234351E-02 0.520217E-02 0.000000E+00
 0.269851E-01 0.196975E-02 0.466285E-02 0.000000E+00
 0.249624E-01 0.206149E-02 0.487521E-02 0.000000E+00
 0.245067E-01 0.220419E-02 0.473850E-02 0.000000E+00
 0.263152E-01 0.210261E-02 0.436807E-02 0.000000E+00
 0.233480E-01 0.193589E-02 0.493493E-02 0.000000E+00
 0.255842E-01 0.214373E-02 0.426664E-02 0.000000E+00
 0.241437E-01 0.157282E-02 0.473122E-02 0.000000E+00
 0.240430E-01 0.233666E-02 0.425708E-02 0.000000E+00
 0.240385E-01 0.177790E-02 0.437685E-02 0.000000E+00
 0.235818E-01 0.198155E-02 0.417717E-02 0.000000E+00
 0.228499E-01 0.181934E-02 0.432941E-02 0.000000E+00
 0.230682E-01 0.177308E-02 0.428307E-02 0.000000E+00
 0.230838E-01 0.193076E-02 0.411914E-02 0.000000E+00
 0.215438E-01 0.195287E-02 0.426614E-02 0.000000E+00
 0.219165E-01 0.176676E-02 0.402756E-02 0.000000E+00
 0.215643E-01 0.169567E-02 0.402797E-02 0.000000E+00
 0.208331E-01 0.170362E-02 0.408446E-02 0.000000E+00
 0.223112E-01 0.156362E-02 0.386678E-02 0.000000E+00
 0.193900E-01 0.186739E-02 0.411162E-02 0.000000E+00
 0.208594E-01 0.146167E-02 0.386305E-02 0.000000E+00
 0.198853E-01 0.163245E-02 0.380365E-02 0.000000E+00
 0.195305E-01 0.165203E-02 0.389121E-02 0.000000E+00
 0.205450E-01 0.155047E-02 0.366048E-02 0.000000E+00
 0.184195E-01 0.177986E-02 0.380266E-02 0.000000E+00
 0.198619E-01 0.154007E-02 0.366980E-02 0.000000E+00
 0.186037E-01 0.149432E-02 0.367865E-02 0.000000E+00
 0.191956E-01 0.155482E-02 0.364162E-02 0.000000E+00
 0.189912E-01 0.164032E-02 0.353209E-02 0.000000E+00
 0.185676E-01 0.159022E-02 0.349840E-02 0.000000E+00
 0.184665E-01 0.181597E-02 0.350038E-02 0.000000E+00
 0.178238E-01 0.136847E-02 0.356690E-02 0.000000E+00
 0.187742E-01 0.158200E-02 0.334727E-02 0.000000E+00
 0.176124E-01 0.150656E-02 0.340634E-02 0.000000E+00
 0.187970E-01 0.154793E-02 0.327553E-02 0.000000E+00
 0.173303E-01 0.167794E-02 0.333349E-02 0.000000E+00
 0.169430E-01 0.137299E-02 0.344262E-02 0.000000E+00
 0.179679E-01 0.147919E-02 0.321239E-02 0.000000E+00
 0.162120E-01 0.149951E-02 0.343166E-02 0.000000E+00
 0.182873E-01 0.155788E-02 0.312976E-02 0.000000E+00
 0.156937E-01 0.138557E-02 0.336162E-02 0.000000E+00
 0.167223E-01 0.148855E-02 0.323793E-02 0.000000E+00
 0.162437E-01 0.121678E-02 0.327607E-02 0.000000E+00
 0.158730E-01 0.156447E-02 0.329593E-02 0.000000E+00
 0.165921E-01 0.150693E-02 0.306589E-02 0.000000E+00
 0.148241E-01 0.134557E-02 0.328403E-02 0.000000E+00
 0.165815E-01 0.144466E-02 0.299338E-02 0.000000E+00
 0.149505E-01 0.105398E-02 0.331443E-02 0.000000E+00
 0.160161E-01 0.131481E-02 0.294119E-02 0.000000E+00
 0.147181E-01 0.136922E-02 0.314380E-02 0.000000E+00
 0.150938E-01 0.120784E-02 0.299097E-02 0.000000E+00
 0.153607E-01 0.129761E-02 0.293699E-02 0.000000E+00
 0.147302E-01 0.120460E-02 0.311947E-02 0.000000E+00
 0.153537E-01 0.113067E-02 0.269314E-02 0.000000E+00
 0.137158E-01 0.124060E-02 0.314951E-02 0.000000E+00
 0.151618E-01 0.117227E-02 0.266347E-02 0.000000E+00
 0.137566E-01 0.103088E-02 0.300759E-02 0.000000E+00
 0.148071E-01 0.122007E-02 0.276868E-02 0.000000E+00
 0.138527E-01 0.101758E-02 0.277107E-02 0.000000E+00
 0.133866E-01 0.120913E-02 0.288748E-02 0.000000E+00
 0.140127E-01 0.124538E-02 0.263079E-02 0.000000E+00
 0.127136E-01 0.960419E-03 0.291918E-02 0.000000E+00
 0.141999E-01 0.109725E-02 0.260296E-02 0.000000E+00
 0.124199E-01 0.901792E-03 0.282714E-02 0.000000E+00
 0.135249E-01 0.108346E-02 0.255521E-02 0.000000E+00
 0.121452E-01 0.113479E-02 0.271793E-02 0.000000E+00
 0.127228E-01 0.963342E-03 0.260101E-02 0.000000E+00
 0.126083E-01 0.954379E-03 0.258712E-02 0.000000E+00
 0.119559E-01 0.106670E-02 0.263512E-02 0.000000E+00
 0.129933E-01 0.886585E-03 0.235108E-02 0.000000E+00
 0.108873E-01 0.102790E-02 0.263732E-02 0.000000E+00
 0.129537E-01 0.915075E-03 0.225870E-02 0.000000E+00
 0.113556E-01 0.792791E-03 0.257639E-02 0.000000E+00
 0.122174E-01 0.105964E-02 0.230279E-02 0.000000E+00
 0.115943E-01 0.895953E-03 0.228717E-02 0.000000E+00
 0.109612E-01 0.902779E-03 0.232396E-02 0.000000E+00
 0.118954E-01 0.991341E-03 0.213162E-02 0.000000E+00
 0.109736E-01 0.691332E-03 0.245050E-02 0.000000E+00
 0.118409E-01 0.887441E-03 0.205534E-02 0.000000E+00
 0.104729E-01 0.870060E-03 0.229764E-02 0.000000E+00
 0.110588E-01 0.790044E-03 0.199893E-02 0.000000E+00
 0.104625E-01 0.932978E-03 0.219025E-02 0.000000E+00
 0.107635E-01 0.764915E-03 0.215159E-02 0.000000E+00
 0.105581E-01 0.735769E-03 0.203102E-02 0.000000E+00
 0.975126E-02 0.848085E-03 0.218473E-02 0.000000E+00
 0.106538E-01 0.738794E-03 0.188566E-02 0.000000E+00
 0.924968E-02 0.739924E-03 0.213809E-02 0.000000E+00
 0.107192E-01 0.796172E-03 0.189554E-02 0.000000E+00
 0.925428E-02 0.630938E-03 0.204933E-02 0.000000E+00
 0.974421E-02 0.872479E-03 0.192563E-02 0.000000E+00
 0.971710E-02 0.757286E-03 0.187200E-02 0.000000E+00
 0.896429E-02 0.678008E-03 0.193977E-02 0.000000E+00
 0.100646E-01 0.726160E-03 0.176419E-02 0.000000E+00
 0.886331E-02 0.586767E-03 0.193156E-02 0.000000E+00
 0.969541E-02 0.763931E-03 0.171135E-02 0.000000E+00
 0.878885E-02 0.767330E-03 0.183519E-02 0.000000E+00
 0.899660E-02 0.652581E-03 0.170107E-02 0.000000E+00
 0.887895E-02 0.658219E-03 0.172436E-02 0.000000E+00
 0.869405E-02 0.685037E-03 0.171034E-02 0.000000E+00
 0.921069E-02 0.613977E-03 0.162332E-02 0.000000E+00
 0.815862E-02 0.726651E-03 0.174633E-02 0.000000E+00
 0.873994E-02 0.600530E-03 0.154139E-02 0.000000E+00
 0.795200E-02 0.585135E-03 0.171639E-02 0.000000E+00
 0.850697E-02 0.735654E-03 0.154584E-02 0.000000E+00
 0.832671E-02 0.598186E-03 0.160766E-02 0.000000E+00
 0.766880E-02 0.687870E-03 0.158264E-02 0.000000E+00
 0.819057E-02 0.626133E-03 0.151317E-02 0.000000E+00
 0.761542E-02 0.551404E-03 0.160913E-02 0.000000E+00
 0.815002E-02 0.668984E-03 0.147454E-02 0.000000E+00
 0.752360E-02 0.617472E-03 0.154169E-02 0.000000E+00
 0.749482E-02 0.628905E-03 0.144905E-02 0.000000E+00
 0.742897E-02 0.658557E-03 0.148430E-02 0.000000E+00
 0.742196E-02 0.546922E-03 0.146486E-02 0.000000E+00
 0.758309E-02 0.565166E-03 0.141404E-02 0.000000E+00
 0.705862E-02 0.615813E-03 0.145664E-02 0.000000E+00
 0.757256E-02 0.534017E-03 0.133896E-02 0.000000E+00
 0.688278E-02 0.604415E-03 0.139316E-02 0.000000E+00
 0.726518E-02 0.545999E-03 0.134950E-02 0.000000E+00
 0.703027E-02 0.509390E-03 0.133691E-02 0.000000E+00
 0.677548E-02 0.633712E-03 0.135381E-02 0.000000E+00
 0.725575E-02 0.540216E-03 0.125066E-02 0.000000E+00
 0.649231E-02 0.524982E-03 0.131079E-02 0.000000E+00
 0.703844E-02 0.526649E-03 0.123889E-02 0.000000E+00
 0.661874E-02 0.478418E-03 0.129715E-02 0.000000E+00
 0.672214E-02 0.573410E-03 0.124670E-02 0.000000E+00
 0.659156E-02 0.590856E-03 0.122754E-02 0.000000E+00
 0.620501E-02 0.487812E-03 0.124459E-02 0.000000E+00
 0.665316E-02 0.526520E-03 0.118708E-02 0.000000E+00
 0.617408E-02 0.454269E-03 0.125269E-02 0.000000E+00
 0.665501E-02 0.492619E-03 0.115516E-02 0.000000E+00
 0.594193E-02 0.556190E-03 0.123640E-02 0.000000E+00
 0.600144E-02 0.446384E-03 0.116817E-02 0.000000E+00
 0.605749E-02 0.502022E-03 0.117704E-02 0.000000E+00
 0.585310E-02 0.495266E-03 0.119107E-02 0.000000E+00
 0.618179E-02 0.461237E-03 0.110079E-02 0.000000E+00
 0.542478E-02 0.500319E-03 0.120080E-02 0.000000E+00
 0.592197E-02 0.465876E-03 0.109413E-02 0.000000E+00
 0.556261E-02 0.412490E-03 0.117117E-02 0.000000E+00
 0.585656E-02 0.498138E-03 0.109969E-02 0.000000E+00
 0.554061E-02 0.448038E-03 0.107754E-02 0.000000E+00
 0.538487E-02 0.473085E-03 0.109874E-02 0.000000E+00
 0.558192E-02 0.511815E-03 0.104353E-02 0.000000E+00
 0.524116E-02 0.370268E-03 0.113779E-02 0.000000E+00
 0.569794E-02 0.441024E-03 0.100269E-02 0.000000E+00
 0.509926E-02 0.415788E-03 0.106816E-02 0.000000E+00
 0.552633E-02 0.422234E-03 0.988978E-03 0.000000E+00
 0.509473E-02 0.471494E-03 0.103314E-02 0.000000E+00
 0.515199E-02 0.383871E-03 0.104874E-02 0.000000E+00
 0.526720E-02 0.382507E-03 0.978237E-03 0.000000E+00
 0.482168E-02 0.434405E-03 0.103814E-02 0.000000E+00
 0.541199E-02 0.387079E-03 0.942559E-03 0.000000E+00
 0.461622E-02 0.389775E-03 0.102220E-02 0.000000E+00
 0.518344E-02 0.387649E-03 0.955521E-03 0.000000E+00
 0.476576E-02 0.326668E-03 0.991244E-03 0.000000E+00
 0.479878E-02 0.433506E-03 0.967426E-03 0.000000E+00
 0.490582E-02 0.408419E-03 0.933201E-03 0.000000E+00
 0.439592E-02 0.362424E-03 0.967741E-03 0.000000E+00
 0.496084E-02 0.393036E-03 0.893069E-03 0.000000E+00
 0.446112E-02 0.290780E-03 0.974135E-03 0.000000E+00
 0.479787E-02 0.372229E-03 0.865657E-03 0.000000E+00
 0.433572E-02 0.390275E-03 0.939314E-03 0.000000E+00
 0.441759E-02 0.326814E-03 0.867268E-03 0.000000E+00
 0.447315E-02 0.364868E-03 0.878682E-03 0.000000E+00
 0.438752E-02 0.343265E-03 0.894453E-03 0.000000E+00
 0.449100E-02 0.310699E-03 0.809819E-03 0.000000E+00
 0.402734E-02 0.362016E-03 0.918643E-03 0.000000E+00
 0.438816E-02 0.309961E-03 0.780066E-03 0.000000E+00
 0.404204E-02 0.292670E-03 0.875899E-03 0.000000E+00
 0.435641E-02 0.352216E-03 0.800087E-03 0.000000E+00
 0.400362E-02 0.293012E-03 0.811780E-03 0.000000E+00
 0.391223E-02 0.345087E-03 0.823153E-03 0.000000E+00
 0.405123E-02 0.343311E-03 0.758259E-03 0.000000E+00
 0.377145E-02 0.258340E-03 0.833529E-03 0.000000E+00
 0.417214E-02 0.308160E-03 0.739652E-03 0.000000E+00
 0.365365E-02 0.271827E-03 0.802809E-03 0.000000E+00
 0.398184E-02 0.301201E-03 0.731128E-03 0.000000E+00
 0.361617E-02 0.334759E-03 0.768498E-03 0.000000E+00
 0.375734E-02 0.258915E-03 0.748094E-03 0.000000E+00
 0.374666E-02 0.268013E-03 0.730246E-03 0.000000E+00
 0.351663E-02 0.295315E-03 0.751774E-03 0.000000E+00
 0.389146E-02 0.256220E-03 0.679868E-03 0.000000E+00
 0.331202E-02 0.288350E-03 0.742959E-03 0.000000E+00
 0.375178E-02 0.255943E-03 0.667149E-03 0.000000E+00
 0.339719E-02 0.230360E-03 0.726563E-03 0.000000E+00
 0.349341E-02 0.310660E-03 0.676923E-03 0.000000E+00
 0.352887E-02 0.265598E-03 0.654318E-03 0.000000E+00
 0.319798E-02 0.261325E-03 0.670104E-03 0.000000E+00
 0.350925E-02 0.268968E-03 0.630506E-03 0.000000E+00
 0.324246E-02 0.207892E-03 0.697487E-03 0.000000E+00
 0.342355E-02 0.273675E-03 0.613542E-03 0.000000E+00
 0.315471E-02 0.266102E-03 0.651556E-03 0.000000E+00
 0.316320E-02 0.239697E-03 0.598668E-03 0.000000E+00
 0.314380E-02 0.266347E-03 0.629804E-03 0.000000E+00
 0.314555E-02 0.225460E-03 0.630600E-03 0.000000E+00
 0.319304E-02 0.219461E-03 0.585709E-03 0.000000E+00
 0.287476E-02 0.259671E-03 0.634292E-03 0.000000E+00
 0.310984E-02 0.209133E-03 0.557382E-03 0.000000E+00
 0.283869E-02 0.228767E-03 0.613314E-03 0.000000E+00
 0.308009E-02 0.238990E-03 0.570464E-03 0.000000E+00
 0.287164E-02 0.200804E-03 0.574269E-03 0.000000E+00
 0.279050E-02 0.257037E-03 0.580503E-03 0.000000E+00
 0.294428E-02 0.225535E-03 0.540370E-03 0.000000E+00
 0.267100E-02 0.199888E-03 0.576979E-03 0.000000E+00
 0.297715E-02 0.221575E-03 0.526398E-03 0.000000E+00
 0.270064E-02 0.188615E-03 0.552652E-03 0.000000E+00
 0.282687E-02 0.230607E-03 0.524155E-03 0.000000E+00
 0.267646E-02 0.241215E-03 0.533759E-03 0.000000E+00
 0.264989E-02 0.191737E-03 0.527336E-03 0.000000E+00
 0.273001E-02 0.198284E-03 0.505735E-03 0.000000E+00
 0.259102E-02 0.196703E-03 0.518490E-03 0.000000E+00
 0.278822E-02 0.190909E-03 0.488460E-03 0.000000E+00
 0.245570E-02 0.222417E-03 0.518228E-03 0.000000E+00
 0.260487E-02 0.178887E-03 0.481269E-03 0.000000E+00
 0.248540E-02 0.182136E-03 0.498757E-03 0.000000E+00
 0.248778E-02 0.217491E-03 0.482625E-03 0.000000E+00
 0.260074E-02 0.185513E-03 0.465089E-03 0.000000E+00
 0.228479E-02 0.197587E-03 0.484995E-03 0.000000E+00
 0.249962E-02 0.184065E-03 0.453375E-03 0.000000E+00
 0.231227E-02 0.160638E-03 0.488849E-03 0.000000E+00
 0.241601E-02 0.204955E-03 0.451964E-03 0.000000E+00
 0.233164E-02 0.192553E-03 0.458861E-03 0.000000E+00
 0.220999E-02 0.185493E-03 0.446526E-03 0.000000E+00
 0.231384E-02 0.200352E-03 0.441654E-03 0.000000E+00
 0.222349E-02 0.150892E-03 0.460048E-03 0.000000E+00
 0.231762E-02 0.174635E-03 0.424513E-03 0.000000E+00
 0.210010E-02 0.185242E-03 0.453295E-03 0.000000E+00
 0.224232E-02 0.160860E-03 0.409267E-03 0.000000E+00
 0.208932E-02 0.183828E-03 0.428954E-03 0.000000E+00
 0.217064E-02 0.163470E-03 0.419926E-03 0.000000E+00
 0.213191E-02 0.152223E-03 0.406407E-03 0.000000E+00
 0.199756E-02 0.183785E-03 0.429760E-03 0.000000E+00
 0.219239E-02 0.159079E-03 0.382653E-03 0.000000E+00
 0.192467E-02 0.149019E-03 0.412605E-03 0.000000E+00
 0.214937E-02 0.162693E-03 0.383298E-03 0.000000E+00
 0.197871E-02 0.139511E-03 0.400916E-03 0.000000E+00
 0.199309E-02 0.173915E-03 0.392017E-03 0.000000E+00
 0.200463E-02 0.175004E-03 0.378179E-03 0.000000E+00
 0.184869E-02 0.140754E-03 0.390998E-03 0.000000E+00
 0.202688E-02 0.154875E-03 0.365822E-03 0.000000E+00
 0.185473E-02 0.129926E-03 0.388787E-03 0.000000E+00
 0.199920E-02 0.149233E-03 0.357733E-03 0.000000E+00
 0.180035E-02 0.165792E-03 0.377820E-03 0.000000E+00
 0.182743E-02 0.130265E-03 0.359913E-03 0.000000E+00
 0.184421E-02 0.143689E-03 0.361295E-03 0.000000E+00
 0.176800E-02 0.149195E-03 0.364730E-03 0.000000E+00
 0.189442E-02 0.130844E-03 0.334404E-03 0.000000E+00
 0.164036E-02 0.146883E-03 0.366322E-03 0.000000E+00
 0.180015E-02 0.131618E-03 0.329133E-03 0.000000E+00
 0.168040E-02 0.118381E-03 0.361370E-03 0.000000E+00
 0.175298E-02 0.151086E-03 0.333761E-03 0.000000E+00
 0.169383E-02 0.130880E-03 0.328740E-03 0.000000E+00
 0.160642E-02 0.137251E-03 0.333455E-03 0.000000E+00
 0.170061E-02 0.146676E-03 0.316930E-03 0.000000E+00
 0.159207E-02 0.104896E-03 0.347781E-03 0.000000E+00
 0.170985E-02 0.130336E-03 0.306091E-03 0.000000E+00
 0.153105E-02 0.125565E-03 0.326686E-03 0.000000E+00
 0.162537E-02 0.120994E-03 0.299218E-03 0.000000E+00
 0.153485E-02 0.139270E-03 0.314098E-03 0.000000E+00
 0.155282E-02 0.112119E-03 0.316624E-03 0.000000E+00
 0.156262E-02 0.109288E-03 0.294022E-03 0.000000E+00
 0.144164E-02 0.127988E-03 0.313030E-03 0.000000E+00
 0.160399E-02 0.108867E-03 0.280778E-03 0.000000E+00
 0.138903E-02 0.113633E-03 0.306672E-03 0.000000E+00
 0.155693E-02 0.113649E-03 0.284473E-03 0.000000E+00
 0.142304E-02 0.964555E-04 0.295279E-03 0.000000E+00
 0.143206E-02 0.128218E-03 0.288350E-03 0.000000E+00
 0.146346E-02 0.118142E-03 0.277997E-03 0.000000E+00
 0.132526E-02 0.103195E-03 0.287639E-03 0.000000E+00
 0.147814E-02 0.110706E-03 0.266532E-03 0.000000E+00
 0.133055E-02 0.863632E-04 0.286878E-03 0.000000E+00
 0.143297E-02 0.111232E-03 0.260665E-03 0.000000E+00
 0.131074E-02 0.117162E-03 0.277353E-03 0.000000E+00
 0.131400E-02 0.950718E-04 0.260610E-03 0.000000E+00
 0.133948E-02 0.104878E-03 0.260253E-03 0.000000E+00
 0.128526E-02 0.998545E-04 0.264217E-03 0.000000E+00
 0.136334E-02 0.912002E-04 0.243692E-03 0.000000E+00
 0.118999E-02 0.108194E-03 0.270553E-03 0.000000E+00
 0.129181E-02 0.881318E-04 0.236140E-03 0.000000E+00
 0.121163E-02 0.877857E-04 0.258136E-03 0.000000E+00
 0.127178E-02 0.105801E-03 0.240512E-03 0.000000E+00
 0.121864E-02 0.889905E-04 0.240261E-03 0.000000E+00
 0.115253E-02 0.101370E-03 0.245848E-03 0.000000E+00
 0.121620E-02 0.986764E-04 0.227358E-03 0.000000E+00
 0.113816E-02 0.762113E-04 0.246920E-03 0.000000E+00
 0.123300E-02 0.951590E-04 0.222496E-03 0.000000E+00
 0.110447E-02 0.850509E-04 0.235390E-03 0.000000E+00
 0.116283E-02 0.908563E-04 0.218797E-03 0.000000E+00
 0.109831E-02 0.100088E-03 0.224832E-03 0.000000E+00
 0.110705E-02 0.765404E-04 0.225698E-03 0.000000E+00
 0.112912E-02 0.800477E-04 0.213345E-03 0.000000E+00
 0.104703E-02 0.877218E-04 0.224165E-03 0.000000E+00
 0.115963E-02 0.763268E-04 0.202182E-03 0.000000E+00
 0.100773E-02 0.869248E-04 0.217730E-03 0.000000E+00
 0.110558E-02 0.772482E-04 0.203360E-03 0.000000E+00
 0.103403E-02 0.706134E-04 0.212004E-03 0.000000E+00
 0.102718E-02 0.928863E-04 0.206792E-03 0.000000E+00
 0.107701E-02 0.793045E-04 0.195199E-03 0.000000E+00
 0.957193E-03 0.762788E-04 0.202335E-03 0.000000E+00
 0.105753E-02 0.775713E-04 0.190119E-03 0.000000E+00
 0.967145E-03 0.636385E-04 0.206549E-03 0.000000E+00
 0.101766E-02 0.837617E-04 0.188447E-03 0.000000E+00
 0.967296E-03 0.824927E-04 0.192745E-03 0.000000E+00
 0.933919E-03 0.712925E-04 0.185036E-03 0.000000E+00
 0.969989E-03 0.786687E-04 0.186372E-03 0.000000E+00
 0.928877E-03 0.655747E-04 0.192004E-03 0.000000E+00
 0.976040E-03 0.682775E-04 0.176194E-03 0.000000E+00
 0.867224E-03 0.789492E-04 0.190866E-03 0.000000E+00
 0.914882E-03 0.625950E-04 0.171181E-03 0.000000E+00
 0.872890E-03 0.701121E-04 0.183879E-03 0.000000E+00
 0.903897E-03 0.727238E-04 0.176070E-03 0.000000E+00
 0.886171E-03 0.622452E-04 0.170731E-03 0.000000E+00
 0.820888E-03 0.750659E-04 0.178982E-03 0.000000E+00
 0.884217E-03 0.667344E-04 0.163542E-03 0.000000E+00
 0.811149E-03 0.585924E-04 0.176872E-03 0.000000E+00
 0.886817E-03 0.693702E-04 0.162164E-03 0.000000E+00
 0.811445E-03 0.596268E-04 0.165663E-03 0.000000E+00
 0.826772E-03 0.690642E-04 0.161203E-03 0.000000E+00
 0.810788E-03 0.732371E-04 0.160229E-03 0.000000E+00
 0.783560E-03 0.555618E-04 0.165285E-03 0.000000E+00
 0.830170E-03 0.604837E-04 0.152482E-03 0.000000E+00
