 0.115057E-01 0.288937E-02 0.492772E-02 0.000000E+00
 0.130722E-01 0.341058E-02 0.460460E-02 0.000000E+00
 0.135350E-01 0.392519E-02 0.439176E-02 0.000000E+00
 0.135773E-01 0.439022E-02 0.387492E-02 0.000000E+00
 0.137372E-01 0.474644E-02 0.342248E-02 0.000000E+00
 0.133427E-01 0.495017E-02 0.322853E-02 0.000000E+00
 0.129326E-01 0.502584E-02 0.310907E-02 0.000000E+00
 0.127937E-01 0.505858E-02 0.293142E-02 0.000000E+00
 0.125685E-01 0.512279E-02 0.279498E-02 0.000000E+00
 0.120427E-01 0.510897E-02 0.268730E-02 0.000000E+00
 0.118070E-01 0.501487E-02 0.260557E-02 0.000000E+00
 0.114289E-01 0.486398E-02 0.255559E-02 0.000000E+00
 0.113210E-01 0.465279E-02 0.251950E-02 0.000000E+00
 0.112617E-01 0.437376E-02 0.264099E-02 0.000000E+00
 0.111218E-01 0.403670E-02 0.281280E-02 0.000000E+00
 0.108890E-01 0.371157E-02 0.292776E-02 0.000000E+00
 0.105678E-01 0.343950E-02 0.295805E-02 0.000000E+00
 0.105053E-01 0.320696E-02 0.289459E-02 0.000000E+00
 0.105360E-01 0.300865E-02 0.283615E-02 0.000000E+00
 0.104589E-01 0.283798E-02 0.280819E-02 0.000000E+00
 0.102145E-01 0.271815E-02 0.275776E-02 0.000000E+00
 0.973326E-02 0.256963E-02 0.274690E-02 0.000000E+00
 0.903931E-02 0.238502E-02 0.276846E-02 0.000000E+00
 0.828294E-02 0.218612E-02 0.276252E-02 0.000000E+00
 0.771776E-02 0.202183E-02 0.267510E-02 0.000000E+00
 0.741718E-02 0.188521E-02 0.250121E-02 0.000000E+00
 0.731265E-02 0.176838E-02 0.229479E-02 0.000000E+00
 0.726290E-02 0.169259E-02 0.208780E-02 0.000000E+00
 0.698432E-02 0.164129E-02 0.188165E-02 0.000000E+00
 0.645643E-02 0.162455E-02 0.169462E-02 0.000000E+00
 0.575554E-02 0.159015E-02 0.154971E-02 0.000000E+00
 0.503857E-02 0.155329E-02 0.147102E-02 0.000000E+00
 0.436680E-02 0.151006E-02 0.141630E-02 0.000000E+00
 0.409090E-02 0.143994E-02 0.136932E-02 0.000000E+00
 0.434276E-02 0.136344E-02 0.133318E-02 0.000000E+00
 0.478860E-02 0.132612E-02 0.129401E-02 0.000000E+00
 0.506261E-02 0.133839E-02 0.124588E-02 0.000000E+00
 0.520219E-02 0.133844E-02 0.118988E-02 0.000000E+00
 0.521378E-02 0.131511E-02 0.113569E-02 0.000000E+00
 0.510363E-02 0.126885E-02 0.109241E-02 0.000000E+00
 0.490958E-02 0.120713E-02 0.105716E-02 0.000000E+00
 0.465037E-02 0.113968E-02 0.102588E-02 0.000000E+00
 0.436240E-02 0.107662E-02 0.997924E-03 0.000000E+00
 0.410028E-02 0.102059E-02 0.965833E-03 0.000000E+00
 0.392819E-02 0.976503E-03 0.927301E-03 0.000000E+00
 0.379449E-02 0.944042E-03 0.885226E-03 0.000000E+00
 0.367122E-02 0.916427E-03 0.845695E-03 0.000000E+00
 0.357959E-02 0.888116E-03 0.817320E-03 0.000000E+00
 0.343946E-02 0.856915E-03 0.803635E-03 0.000000E+00
 0.325607E-02 0.821422E-03 0.801713E-03 0.000000E+00
 0.306875E-02 0.782784E-03 0.802451E-03 0.000000E+00
 0.293381E-02 0.744274E-03 0.800552E-03 0.000000E+00
 0.289156E-02 0.708438E-03 0.793312E-03 0.000000E+00
 0.289884E-02 0.677677E-03 0.779819E-03 0.000000E+00
 0.291475E-02 0.654929E-03 0.761465E-03 0.000000E+00
 0.292420E-02 0.637759E-03 0.737137E-03 0.000000E+00
 0.290877E-02 0.625627E-03 0.709721E-03 0.000000E+00
 0.287321E-02 0.619965E-03 0.681498E-03 0.000000E+00
 0.282306E-02 0.612155E-03 0.654259E-03 0.000000E+00
 0.275904E-02 0.602243E-03 0.631268E-03 0.000000E+00
 0.268963E-02 0.590860E-03 0.607148E-03 0.000000E+00
 0.261310E-02 0.579252E-03 0.582092E-03 0.000000E+00
 0.253451E-02 0.567459E-03 0.554039E-03 0.000000E+00
 0.247077E-02 0.557062E-03 0.521452E-03 0.000000E+00
 0.243818E-02 0.547865E-03 0.484961E-03 0.000000E+00
 0.240930E-02 0.541275E-03 0.446949E-03 0.000000E+00
 0.237380E-02 0.536525E-03 0.407587E-03 0.000000E+00
 0.232872E-02 0.532140E-03 0.372828E-03 0.000000E+00
 0.227456E-02 0.527010E-03 0.350496E-03 0.000000E+00
 0.221515E-02 0.520003E-03 0.337516E-03 0.000000E+00
 0.215386E-02 0.511474E-03 0.329955E-03 0.000000E+00
 0.210634E-02 0.501379E-03 0.326642E-03 0.000000E+00
 0.207553E-02 0.490000E-03 0.326808E-03 0.000000E+00
 0.205516E-02 0.478061E-03 0.329769E-03 0.000000E+00
 0.204495E-02 0.465989E-03 0.334187E-03 0.000000E+00
 0.203813E-02 0.454497E-03 0.340016E-03 0.000000E+00
 0.202871E-02 0.443656E-03 0.347254E-03 0.000000E+00
 0.202211E-02 0.434126E-03 0.355961E-03 0.000000E+00
 0.200908E-02 0.427679E-03 0.365798E-03 0.000000E+00
 0.198954E-02 0.423009E-03 0.376720E-03 0.000000E+00
 0.196841E-02 0.418757E-03 0.387595E-03 0.000000E+00
 0.194084E-02 0.414961E-03 0.396913E-03 0.000000E+00
 0.190994E-02 0.411730E-03 0.404019E-03 0.000000E+00
 0.187425E-02 0.409185E-03 0.408082E-03 0.000000E+00
 0.183933E-02 0.408213E-03 0.408935E-03 0.000000E+00
 0.180344E-02 0.413141E-03 0.406321E-03 0.000000E+00
 0.176804E-02 0.422247E-03 0.400113E-03 0.000000E+00
 0.173447E-02 0.434456E-03 0.390214E-03 0.000000E+00
 0.170463E-02 0.446402E-03 0.376434E-03 0.000000E+00
 0.167941E-02 0.456970E-03 0.359265E-03 0.000000E+00
 0.165958E-02 0.466032E-03 0.339418E-03 0.000000E+00
 0.164269E-02 0.473110E-03 0.317753E-03 0.000000E+00
 0.162730E-02 0.478200E-03 0.295272E-03 0.000000E+00
 0.161400E-02 0.481273E-03 0.273092E-03 0.000000E+00
 0.159840E-02 0.482187E-03 0.252208E-03 0.000000E+00
 0.158031E-02 0.481448E-03 0.233640E-03 0.000000E+00
 0.155797E-02 0.478817E-03 0.218321E-03 0.000000E+00
 0.152992E-02 0.475043E-03 0.207296E-03 0.000000E+00
 0.149707E-02 0.470802E-03 0.200276E-03 0.000000E+00
 0.145923E-02 0.467212E-03 0.196876E-03 0.000000E+00
 0.141640E-02 0.463418E-03 0.196487E-03 0.000000E+00
 0.137078E-02 0.459262E-03 0.198126E-03 0.000000E+00
 0.132481E-02 0.454595E-03 0.200908E-03 0.000000E+00
 0.127942E-02 0.448817E-03 0.203967E-03 0.000000E+00
 0.123731E-02 0.441641E-03 0.206657E-03 0.000000E+00
 0.120002E-02 0.433148E-03 0.209382E-03 0.000000E+00
 0.116799E-02 0.423397E-03 0.212270E-03 0.000000E+00
 0.114197E-02 0.412593E-03 0.214405E-03 0.000000E+00
 0.112231E-02 0.400814E-03 0.215803E-03 0.000000E+00
 0.110911E-02 0.388292E-03 0.216285E-03 0.000000E+00
 0.110407E-02 0.375242E-03 0.215419E-03 0.000000E+00
 0.110569E-02 0.361871E-03 0.213274E-03 0.000000E+00
 0.111640E-02 0.348424E-03 0.210053E-03 0.000000E+00
 0.113347E-02 0.334964E-03 0.206053E-03 0.000000E+00
 0.115165E-02 0.321388E-03 0.201591E-03 0.000000E+00
 0.116829E-02 0.307668E-03 0.197134E-03 0.000000E+00
 0.118215E-02 0.293942E-03 0.192826E-03 0.000000E+00
 0.119370E-02 0.280691E-03 0.188999E-03 0.000000E+00
 0.120016E-02 0.267802E-03 0.186119E-03 0.000000E+00
 0.120353E-02 0.254867E-03 0.184287E-03 0.000000E+00
 0.120394E-02 0.241712E-03 0.183599E-03 0.000000E+00
 0.120434E-02 0.228635E-03 0.184146E-03 0.000000E+00
 0.120772E-02 0.216609E-03 0.185456E-03 0.000000E+00
 0.121281E-02 0.206322E-03 0.187306E-03 0.000000E+00
 0.121716E-02 0.197136E-03 0.188922E-03 0.000000E+00
 0.122173E-02 0.188868E-03 0.190024E-03 0.000000E+00
 0.122643E-02 0.181095E-03 0.190092E-03 0.000000E+00
 0.123126E-02 0.173544E-03 0.188937E-03 0.000000E+00
 0.123658E-02 0.166225E-03 0.186671E-03 0.000000E+00
 0.124322E-02 0.159281E-03 0.183118E-03 0.000000E+00
 0.125209E-02 0.152916E-03 0.178419E-03 0.000000E+00
 0.126345E-02 0.147815E-03 0.172826E-03 0.000000E+00
 0.127516E-02 0.144331E-03 0.166385E-03 0.000000E+00
 0.128634E-02 0.142035E-03 0.159293E-03 0.000000E+00
 0.129590E-02 0.140279E-03 0.151926E-03 0.000000E+00
 0.130306E-02 0.138819E-03 0.144739E-03 0.000000E+00
 0.130691E-02 0.137326E-03 0.138540E-03 0.000000E+00
 0.130695E-02 0.135663E-03 0.133114E-03 0.000000E+00
 0.130249E-02 0.133647E-03 0.128247E-03 0.000000E+00
 0.129360E-02 0.131267E-03 0.123928E-03 0.000000E+00
 0.128009E-02 0.128764E-03 0.120182E-03 0.000000E+00
 0.126253E-02 0.126242E-03 0.117147E-03 0.000000E+00
 0.124126E-02 0.123287E-03 0.114883E-03 0.000000E+00
 0.121902E-02 0.119692E-03 0.113368E-03 0.000000E+00
 0.119829E-02 0.116647E-03 0.112616E-03 0.000000E+00
 0.117843E-02 0.114648E-03 0.112548E-03 0.000000E+00
 0.115915E-02 0.113357E-03 0.112879E-03 0.000000E+00
 0.113966E-02 0.112736E-03 0.113582E-03 0.000000E+00
 0.112008E-02 0.112851E-03 0.114457E-03 0.000000E+00
 0.110032E-02 0.114939E-03 0.115491E-03 0.000000E+00
 0.107997E-02 0.118685E-03 0.116444E-03 0.000000E+00
 0.105907E-02 0.124026E-03 0.117292E-03 0.000000E+00
 0.103832E-02 0.129917E-03 0.118001E-03 0.000000E+00
 0.101766E-02 0.135173E-03 0.118400E-03 0.000000E+00
 0.997856E-03 0.139520E-03 0.118476E-03 0.000000E+00
 0.978325E-03 0.142857E-03 0.118314E-03 0.000000E+00
 0.959378E-03 0.145141E-03 0.117779E-03 0.000000E+00
 0.941553E-03 0.146400E-03 0.116907E-03 0.000000E+00
 0.924724E-03 0.146716E-03 0.115813E-03 0.000000E+00
 0.907976E-03 0.146220E-03 0.114571E-03 0.000000E+00
 0.891327E-03 0.145027E-03 0.113227E-03 0.000000E+00
 0.874385E-03 0.143368E-03 0.111914E-03 0.000000E+00
 0.858096E-03 0.141452E-03 0.110492E-03 0.000000E+00
 0.843055E-03 0.139582E-03 0.108910E-03 0.000000E+00
 0.827524E-03 0.138130E-03 0.107311E-03 0.000000E+00
 0.810869E-03 0.137932E-03 0.105420E-03 0.000000E+00
 0.793176E-03 0.140100E-03 0.103324E-03 0.000000E+00
 0.774318E-03 0.143869E-03 0.100936E-03 0.000000E+00
 0.754056E-03 0.148242E-03 0.981768E-04 0.000000E+00
 0.732187E-03 0.153033E-03 0.949610E-04 0.000000E+00
 0.709711E-03 0.158109E-03 0.912084E-04 0.000000E+00
 0.686629E-03 0.163316E-03 0.873979E-04 0.000000E+00
 0.663823E-03 0.168475E-03 0.856051E-04 0.000000E+00
 0.641072E-03 0.173456E-03 0.863318E-04 0.000000E+00
 0.618562E-03 0.178138E-03 0.886787E-04 0.000000E+00
 0.596226E-03 0.182432E-03 0.917219E-04 0.000000E+00
 0.573502E-03 0.186280E-03 0.948143E-04 0.000000E+00
 0.551037E-03 0.189643E-03 0.977833E-04 0.000000E+00
 0.528333E-03 0.192497E-03 0.100431E-03 0.000000E+00
 0.505579E-03 0.194831E-03 0.102498E-03 0.000000E+00
 0.483558E-03 0.196631E-03 0.103775E-03 0.000000E+00
 0.465526E-03 0.197941E-03 0.104251E-03 0.000000E+00
 0.453080E-03 0.198774E-03 0.103917E-03 0.000000E+00
 0.445147E-03 0.199136E-03 0.102784E-03 0.000000E+00
 0.441801E-03 0.199078E-03 0.100891E-03 0.000000E+00
 0.443867E-03 0.198636E-03 0.982958E-04 0.000000E+00
 0.449560E-03 0.197875E-03 0.950990E-04 0.000000E+00
 0.457406E-03 0.196891E-03 0.913501E-04 0.000000E+00
 0.465686E-03 0.195759E-03 0.872162E-04 0.000000E+00
 0.472901E-03 0.194609E-03 0.828363E-04 0.000000E+00
 0.478320E-03 0.193592E-03 0.783505E-04 0.000000E+00
 0.481765E-03 0.192831E-03 0.738208E-04 0.000000E+00
 0.482452E-03 0.192406E-03 0.690984E-04 0.000000E+00
 0.480809E-03 0.192315E-03 0.641023E-04 0.000000E+00
 0.476731E-03 0.192573E-03 0.596760E-04 0.000000E+00
 0.471243E-03 0.193182E-03 0.578526E-04 0.000000E+00
 0.466138E-03 0.194523E-03 0.579538E-04 0.000000E+00
 0.463241E-03 0.196154E-03 0.594155E-04 0.000000E+00
 0.465186E-03 0.197653E-03 0.617392E-04 0.000000E+00
 0.470733E-03 0.198926E-03 0.644205E-04 0.000000E+00
 0.476317E-03 0.200027E-03 0.671966E-04 0.000000E+00
 0.481982E-03 0.201082E-03 0.700557E-04 0.000000E+00
 0.487531E-03 0.202291E-03 0.727732E-04 0.000000E+00
 0.492909E-03 0.203194E-03 0.752834E-04 0.000000E+00
 0.497698E-03 0.203691E-03 0.772578E-04 0.000000E+00
 0.502265E-03 0.203780E-03 0.786222E-04 0.000000E+00
 0.506223E-03 0.203474E-03 0.793870E-04 0.000000E+00
 0.509698E-03 0.202808E-03 0.794847E-04 0.000000E+00
 0.512344E-03 0.201778E-03 0.789097E-04 0.000000E+00
 0.512751E-03 0.200443E-03 0.776632E-04 0.000000E+00
 0.510637E-03 0.198794E-03 0.758036E-04 0.000000E+00
 0.506350E-03 0.196892E-03 0.734215E-04 0.000000E+00
 0.500194E-03 0.194752E-03 0.705306E-04 0.000000E+00
 0.492578E-03 0.192418E-03 0.672104E-04 0.000000E+00
 0.483984E-03 0.189934E-03 0.635832E-04 0.000000E+00
 0.475399E-03 0.187311E-03 0.598698E-04 0.000000E+00
 0.467162E-03 0.184596E-03 0.575952E-04 0.000000E+00
 0.459105E-03 0.181810E-03 0.563154E-04 0.000000E+00
 0.450435E-03 0.178967E-03 0.559991E-04 0.000000E+00
 0.440483E-03 0.176116E-03 0.566797E-04 0.000000E+00
 0.429384E-03 0.173261E-03 0.581694E-04 0.000000E+00
 0.417464E-03 0.170447E-03 0.602749E-04 0.000000E+00
 0.405390E-03 0.167706E-03 0.625272E-04 0.000000E+00
 0.394737E-03 0.165061E-03 0.646758E-04 0.000000E+00
 0.387704E-03 0.162504E-03 0.664775E-04 0.000000E+00
 0.384052E-03 0.160050E-03 0.677723E-04 0.000000E+00
 0.382063E-03 0.157716E-03 0.685035E-04 0.000000E+00
 0.381303E-03 0.155496E-03 0.686202E-04 0.000000E+00
 0.381832E-03 0.153399E-03 0.681445E-04 0.000000E+00
 0.382797E-03 0.151420E-03 0.670881E-04 0.000000E+00
 0.384003E-03 0.149554E-03 0.655045E-04 0.000000E+00
 0.384979E-03 0.147802E-03 0.634425E-04 0.000000E+00
 0.385423E-03 0.146153E-03 0.609640E-04 0.000000E+00
 0.385329E-03 0.144592E-03 0.581735E-04 0.000000E+00
 0.384100E-03 0.143107E-03 0.551587E-04 0.000000E+00
 0.381625E-03 0.141686E-03 0.520397E-04 0.000000E+00
 0.377784E-03 0.140330E-03 0.488982E-04 0.000000E+00
 0.372425E-03 0.139006E-03 0.457152E-04 0.000000E+00
 0.365544E-03 0.137701E-03 0.428231E-04 0.000000E+00
 0.357159E-03 0.136420E-03 0.412093E-04 0.000000E+00
 0.347381E-03 0.135132E-03 0.405188E-04 0.000000E+00
 0.336300E-03 0.133819E-03 0.404828E-04 0.000000E+00
 0.324138E-03 0.132483E-03 0.410329E-04 0.000000E+00
 0.311282E-03 0.131107E-03 0.419604E-04 0.000000E+00
 0.297831E-03 0.129671E-03 0.430934E-04 0.000000E+00
 0.284249E-03 0.128185E-03 0.443462E-04 0.000000E+00
 0.270675E-03 0.126632E-03 0.456318E-04 0.000000E+00
 0.257289E-03 0.125007E-03 0.468446E-04 0.000000E+00
 0.244511E-03 0.123310E-03 0.478333E-04 0.000000E+00
 0.233448E-03 0.121540E-03 0.485636E-04 0.000000E+00
 0.224297E-03 0.119689E-03 0.490320E-04 0.000000E+00
 0.217292E-03 0.117765E-03 0.492198E-04 0.000000E+00
 0.212378E-03 0.115775E-03 0.490423E-04 0.000000E+00
 0.209635E-03 0.113722E-03 0.485349E-04 0.000000E+00
 0.209347E-03 0.111603E-03 0.477121E-04 0.000000E+00
 0.211626E-03 0.109443E-03 0.465578E-04 0.000000E+00
 0.217634E-03 0.107236E-03 0.451598E-04 0.000000E+00
 0.225992E-03 0.104995E-03 0.434834E-04 0.000000E+00
 0.234728E-03 0.102729E-03 0.416179E-04 0.000000E+00
 0.242781E-03 0.100456E-03 0.395431E-04 0.000000E+00
 0.249914E-03 0.981844E-04 0.373217E-04 0.000000E+00
 0.255512E-03 0.959219E-04 0.349232E-04 0.000000E+00
 0.259413E-03 0.936802E-04 0.328425E-04 0.000000E+00
 0.261532E-03 0.914619E-04 0.315386E-04 0.000000E+00
 0.261827E-03 0.892893E-04 0.309300E-04 0.000000E+00
 0.260211E-03 0.871675E-04 0.309537E-04 0.000000E+00
 0.256849E-03 0.851068E-04 0.318253E-04 0.000000E+00
 0.251739E-03 0.831140E-04 0.332341E-04 0.000000E+00
 0.244854E-03 0.811901E-04 0.348178E-04 0.000000E+00
 0.236765E-03 0.793341E-04 0.363745E-04 0.000000E+00
 0.228969E-03 0.775632E-04 0.377618E-04 0.000000E+00
 0.222090E-03 0.758707E-04 0.388433E-04 0.000000E+00
 0.215786E-03 0.742604E-04 0.396055E-04 0.000000E+00
 0.210109E-03 0.727368E-04 0.400300E-04 0.000000E+00
 0.205266E-03 0.713526E-04 0.400922E-04 0.000000E+00
 0.201234E-03 0.701010E-04 0.398239E-04 0.000000E+00
 0.198044E-03 0.689877E-04 0.392382E-04 0.000000E+00
 0.195500E-03 0.679715E-04 0.383538E-04 0.000000E+00
 0.193778E-03 0.670361E-04 0.372158E-04 0.000000E+00
 0.192724E-03 0.661668E-04 0.358702E-04 0.000000E+00
 0.192154E-03 0.653536E-04 0.343786E-04 0.000000E+00
 0.191579E-03 0.645611E-04 0.327994E-04 0.000000E+00
 0.190770E-03 0.637681E-04 0.311511E-04 0.000000E+00
 0.189470E-03 0.629802E-04 0.296076E-04 0.000000E+00
 0.187577E-03 0.621858E-04 0.285559E-04 0.000000E+00
 0.184914E-03 0.614357E-04 0.278322E-04 0.000000E+00
 0.181617E-03 0.608191E-04 0.273851E-04 0.000000E+00
 0.177649E-03 0.605551E-04 0.271278E-04 0.000000E+00
 0.174299E-03 0.605217E-04 0.269881E-04 0.000000E+00
 0.171159E-03 0.606296E-04 0.269599E-04 0.000000E+00
 0.167994E-03 0.606990E-04 0.269817E-04 0.000000E+00
 0.164960E-03 0.606729E-04 0.270414E-04 0.000000E+00
 0.162241E-03 0.605383E-04 0.270992E-04 0.000000E+00
 0.159505E-03 0.602845E-04 0.271374E-04 0.000000E+00
 0.156718E-03 0.599114E-04 0.271450E-04 0.000000E+00
 0.154305E-03 0.594003E-04 0.271916E-04 0.000000E+00
 0.153037E-03 0.587447E-04 0.274044E-04 0.000000E+00
 0.153482E-03 0.579545E-04 0.277022E-04 0.000000E+00
 0.156118E-03 0.570359E-04 0.278864E-04 0.000000E+00
 0.160960E-03 0.559763E-04 0.278905E-04 0.000000E+00
 0.167849E-03 0.547897E-04 0.276904E-04 0.000000E+00
 0.174633E-03 0.534786E-04 0.272681E-04 0.000000E+00
 0.180865E-03 0.520623E-04 0.266645E-04 0.000000E+00
 0.186554E-03 0.505467E-04 0.258596E-04 0.000000E+00
 0.191539E-03 0.489510E-04 0.249088E-04 0.000000E+00
 0.195763E-03 0.472777E-04 0.237850E-04 0.000000E+00
 0.199067E-03 0.455444E-04 0.225287E-04 0.000000E+00
 0.201519E-03 0.437507E-04 0.211629E-04 0.000000E+00
 0.203087E-03 0.419173E-04 0.202017E-04 0.000000E+00
 0.203915E-03 0.400652E-04 0.197098E-04 0.000000E+00
 0.203936E-03 0.381984E-04 0.195018E-04 0.000000E+00
 0.203268E-03 0.363321E-04 0.195349E-04 0.000000E+00
 0.201919E-03 0.344786E-04 0.198053E-04 0.000000E+00
 0.199886E-03 0.326631E-04 0.202448E-04 0.000000E+00
 0.197214E-03 0.309123E-04 0.207964E-04 0.000000E+00
 0.194468E-03 0.292443E-04 0.214197E-04 0.000000E+00
 0.192713E-03 0.276517E-04 0.220389E-04 0.000000E+00
 0.191666E-03 0.260628E-04 0.225750E-04 0.000000E+00
 0.191419E-03 0.244736E-04 0.229534E-04 0.000000E+00
 0.192196E-03 0.228612E-04 0.231728E-04 0.000000E+00
 0.193874E-03 0.212409E-04 0.231980E-04 0.000000E+00
 0.196508E-03 0.196064E-04 0.230444E-04 0.000000E+00
 0.198969E-03 0.179950E-04 0.227081E-04 0.000000E+00
 0.201317E-03 0.164187E-04 0.222032E-04 0.000000E+00
 0.203555E-03 0.149093E-04 0.215540E-04 0.000000E+00
 0.205728E-03 0.134796E-04 0.207899E-04 0.000000E+00
 0.207778E-03 0.122196E-04 0.199396E-04 0.000000E+00
 0.209661E-03 0.113549E-04 0.190267E-04 0.000000E+00
 0.211338E-03 0.110972E-04 0.180484E-04 0.000000E+00
 0.212787E-03 0.111594E-04 0.169702E-04 0.000000E+00
 0.213950E-03 0.114009E-04 0.157937E-04 0.000000E+00
 0.214599E-03 0.117822E-04 0.147516E-04 0.000000E+00
 0.214695E-03 0.122489E-04 0.140936E-04 0.000000E+00
 0.214177E-03 0.127950E-04 0.137063E-04 0.000000E+00
